[0.149s] DEBUG:colcon:Command line arguments: ['/usr/bin/colcon', 'build', '--symlink-install']
[0.149s] DEBUG:colcon:Parsed command line arguments: Namespace(log_base=None, log_level=None, verb_name='build', build_base='build', install_base='install', merge_install=False, symlink_install=True, test_result_base=None, continue_on_error=False, executor='parallel', parallel_workers=16, event_handlers=None, ignore_user_meta=False, metas=['./colcon.meta'], base_paths=['.'], packages_ignore=None, packages_ignore_regex=None, paths=None, packages_up_to=None, packages_up_to_regex=None, packages_above=None, packages_above_and_dependencies=None, packages_above_depth=None, packages_select_by_dep=None, packages_skip_by_dep=None, packages_skip_up_to=None, packages_select_build_failed=False, packages_skip_build_finished=False, packages_select_test_failures=False, packages_skip_test_passed=False, packages_select=None, packages_skip=None, packages_select_regex=None, packages_skip_regex=None, packages_start=None, packages_end=None, allow_overriding=[], cmake_args=None, cmake_target=None, cmake_target_skip_unavailable=False, cmake_clean_cache=False, cmake_clean_first=False, cmake_force_configure=False, ament_cmake_args=None, catkin_cmake_args=None, catkin_skip_building_tests=False, mixin_files=None, mixin=None, verb_parser=<colcon_mixin.mixin.mixin_argument.MixinArgumentDecorator object at 0x79fece12eaa0>, verb_extension=<colcon_core.verb.build.BuildVerb object at 0x79fece12e4d0>, main=<bound method BuildVerb.main of <colcon_core.verb.build.BuildVerb object at 0x79fece12e4d0>>, mixin_verb=('build',))
[0.382s] Level 1:colcon.colcon_core.package_discovery:discover_packages(colcon_meta) check parameters
[0.382s] Level 1:colcon.colcon_core.package_discovery:discover_packages(recursive) check parameters
[0.382s] Level 1:colcon.colcon_core.package_discovery:discover_packages(ignore) check parameters
[0.382s] Level 1:colcon.colcon_core.package_discovery:discover_packages(path) check parameters
[0.382s] Level 1:colcon.colcon_core.package_discovery:discover_packages(colcon_meta) discover
[0.382s] Level 1:colcon.colcon_core.package_discovery:discover_packages(recursive) discover
[0.382s] INFO:colcon.colcon_core.package_discovery:Crawling recursively for packages in '/home/anavale/ros2_ws1/src'
[0.383s] Level 1:colcon.colcon_core.package_identification:_identify(.) by extensions ['ignore', 'ignore_ament_install']
[0.383s] Level 1:colcon.colcon_core.package_identification:_identify(.) by extension 'ignore'
[0.383s] Level 1:colcon.colcon_core.package_identification:_identify(.) by extension 'ignore_ament_install'
[0.383s] Level 1:colcon.colcon_core.package_identification:_identify(.) by extensions ['colcon_pkg']
[0.383s] Level 1:colcon.colcon_core.package_identification:_identify(.) by extension 'colcon_pkg'
[0.383s] Level 1:colcon.colcon_core.package_identification:_identify(.) by extensions ['colcon_meta']
[0.383s] Level 1:colcon.colcon_core.package_identification:_identify(.) by extension 'colcon_meta'
[0.383s] Level 1:colcon.colcon_core.package_identification:_identify(.) by extensions ['ros']
[0.383s] Level 1:colcon.colcon_core.package_identification:_identify(.) by extension 'ros'
[0.397s] Level 1:colcon.colcon_core.package_identification:_identify(.) by extensions ['cmake', 'python']
[0.398s] Level 1:colcon.colcon_core.package_identification:_identify(.) by extension 'cmake'
[0.398s] Level 1:colcon.colcon_core.package_identification:_identify(.) by extension 'python'
[0.398s] Level 1:colcon.colcon_core.package_identification:_identify(.) by extensions ['python_setup_py']
[0.398s] Level 1:colcon.colcon_core.package_identification:_identify(.) by extension 'python_setup_py'
[0.398s] Level 1:colcon.colcon_core.package_identification:_identify(build) by extensions ['ignore', 'ignore_ament_install']
[0.398s] Level 1:colcon.colcon_core.package_identification:_identify(build) by extension 'ignore'
[0.398s] Level 1:colcon.colcon_core.package_identification:_identify(build) ignored
[0.398s] Level 1:colcon.colcon_core.package_identification:_identify(install) by extensions ['ignore', 'ignore_ament_install']
[0.398s] Level 1:colcon.colcon_core.package_identification:_identify(install) by extension 'ignore'
[0.399s] Level 1:colcon.colcon_core.package_identification:_identify(install) ignored
[0.399s] Level 1:colcon.colcon_core.package_identification:_identify(log) by extensions ['ignore', 'ignore_ament_install']
[0.399s] Level 1:colcon.colcon_core.package_identification:_identify(log) by extension 'ignore'
[0.399s] Level 1:colcon.colcon_core.package_identification:_identify(log) ignored
[0.399s] Level 1:colcon.colcon_core.package_identification:_identify(purepursuit) by extensions ['ignore', 'ignore_ament_install']
[0.399s] Level 1:colcon.colcon_core.package_identification:_identify(purepursuit) by extension 'ignore'
[0.399s] Level 1:colcon.colcon_core.package_identification:_identify(purepursuit) by extension 'ignore_ament_install'
[0.399s] Level 1:colcon.colcon_core.package_identification:_identify(purepursuit) by extensions ['colcon_pkg']
[0.399s] Level 1:colcon.colcon_core.package_identification:_identify(purepursuit) by extension 'colcon_pkg'
[0.399s] Level 1:colcon.colcon_core.package_identification:_identify(purepursuit) by extensions ['colcon_meta']
[0.399s] Level 1:colcon.colcon_core.package_identification:_identify(purepursuit) by extension 'colcon_meta'
[0.399s] Level 1:colcon.colcon_core.package_identification:_identify(purepursuit) by extensions ['ros']
[0.399s] Level 1:colcon.colcon_core.package_identification:_identify(purepursuit) by extension 'ros'
[0.405s] DEBUG:colcon.colcon_core.package_identification:Package 'purepursuit' with type 'ros.ament_python' and name 'purepursuit'
[0.405s] Level 1:colcon.colcon_core.package_identification:_identify(rosbag2_2024_04_28-14_42_26) by extensions ['ignore', 'ignore_ament_install']
[0.405s] Level 1:colcon.colcon_core.package_identification:_identify(rosbag2_2024_04_28-14_42_26) by extension 'ignore'
[0.405s] Level 1:colcon.colcon_core.package_identification:_identify(rosbag2_2024_04_28-14_42_26) by extension 'ignore_ament_install'
[0.406s] Level 1:colcon.colcon_core.package_identification:_identify(rosbag2_2024_04_28-14_42_26) by extensions ['colcon_pkg']
[0.406s] Level 1:colcon.colcon_core.package_identification:_identify(rosbag2_2024_04_28-14_42_26) by extension 'colcon_pkg'
[0.406s] Level 1:colcon.colcon_core.package_identification:_identify(rosbag2_2024_04_28-14_42_26) by extensions ['colcon_meta']
[0.406s] Level 1:colcon.colcon_core.package_identification:_identify(rosbag2_2024_04_28-14_42_26) by extension 'colcon_meta'
[0.406s] Level 1:colcon.colcon_core.package_identification:_identify(rosbag2_2024_04_28-14_42_26) by extensions ['ros']
[0.406s] Level 1:colcon.colcon_core.package_identification:_identify(rosbag2_2024_04_28-14_42_26) by extension 'ros'
[0.406s] Level 1:colcon.colcon_core.package_identification:_identify(rosbag2_2024_04_28-14_42_26) by extensions ['cmake', 'python']
[0.406s] Level 1:colcon.colcon_core.package_identification:_identify(rosbag2_2024_04_28-14_42_26) by extension 'cmake'
[0.406s] Level 1:colcon.colcon_core.package_identification:_identify(rosbag2_2024_04_28-14_42_26) by extension 'python'
[0.406s] Level 1:colcon.colcon_core.package_identification:_identify(rosbag2_2024_04_28-14_42_26) by extensions ['python_setup_py']
[0.406s] Level 1:colcon.colcon_core.package_identification:_identify(rosbag2_2024_04_28-14_42_26) by extension 'python_setup_py'
[0.406s] Level 1:colcon.colcon_core.package_identification:_identify(rosbag2_2024_04_28-14_43_17) by extensions ['ignore', 'ignore_ament_install']
[0.406s] Level 1:colcon.colcon_core.package_identification:_identify(rosbag2_2024_04_28-14_43_17) by extension 'ignore'
[0.406s] Level 1:colcon.colcon_core.package_identification:_identify(rosbag2_2024_04_28-14_43_17) by extension 'ignore_ament_install'
[0.406s] Level 1:colcon.colcon_core.package_identification:_identify(rosbag2_2024_04_28-14_43_17) by extensions ['colcon_pkg']
[0.406s] Level 1:colcon.colcon_core.package_identification:_identify(rosbag2_2024_04_28-14_43_17) by extension 'colcon_pkg'
[0.406s] Level 1:colcon.colcon_core.package_identification:_identify(rosbag2_2024_04_28-14_43_17) by extensions ['colcon_meta']
[0.407s] Level 1:colcon.colcon_core.package_identification:_identify(rosbag2_2024_04_28-14_43_17) by extension 'colcon_meta'
[0.407s] Level 1:colcon.colcon_core.package_identification:_identify(rosbag2_2024_04_28-14_43_17) by extensions ['ros']
[0.407s] Level 1:colcon.colcon_core.package_identification:_identify(rosbag2_2024_04_28-14_43_17) by extension 'ros'
[0.407s] Level 1:colcon.colcon_core.package_identification:_identify(rosbag2_2024_04_28-14_43_17) by extensions ['cmake', 'python']
[0.407s] Level 1:colcon.colcon_core.package_identification:_identify(rosbag2_2024_04_28-14_43_17) by extension 'cmake'
[0.407s] Level 1:colcon.colcon_core.package_identification:_identify(rosbag2_2024_04_28-14_43_17) by extension 'python'
[0.407s] Level 1:colcon.colcon_core.package_identification:_identify(rosbag2_2024_04_28-14_43_17) by extensions ['python_setup_py']
[0.407s] Level 1:colcon.colcon_core.package_identification:_identify(rosbag2_2024_04_28-14_43_17) by extension 'python_setup_py'
[0.407s] Level 1:colcon.colcon_core.package_identification:_identify(rosbag2_2024_04_28-19_32_35) by extensions ['ignore', 'ignore_ament_install']
[0.407s] Level 1:colcon.colcon_core.package_identification:_identify(rosbag2_2024_04_28-19_32_35) by extension 'ignore'
[0.407s] Level 1:colcon.colcon_core.package_identification:_identify(rosbag2_2024_04_28-19_32_35) by extension 'ignore_ament_install'
[0.407s] Level 1:colcon.colcon_core.package_identification:_identify(rosbag2_2024_04_28-19_32_35) by extensions ['colcon_pkg']
[0.407s] Level 1:colcon.colcon_core.package_identification:_identify(rosbag2_2024_04_28-19_32_35) by extension 'colcon_pkg'
[0.407s] Level 1:colcon.colcon_core.package_identification:_identify(rosbag2_2024_04_28-19_32_35) by extensions ['colcon_meta']
[0.407s] Level 1:colcon.colcon_core.package_identification:_identify(rosbag2_2024_04_28-19_32_35) by extension 'colcon_meta'
[0.407s] Level 1:colcon.colcon_core.package_identification:_identify(rosbag2_2024_04_28-19_32_35) by extensions ['ros']
[0.407s] Level 1:colcon.colcon_core.package_identification:_identify(rosbag2_2024_04_28-19_32_35) by extension 'ros'
[0.408s] Level 1:colcon.colcon_core.package_identification:_identify(rosbag2_2024_04_28-19_32_35) by extensions ['cmake', 'python']
[0.408s] Level 1:colcon.colcon_core.package_identification:_identify(rosbag2_2024_04_28-19_32_35) by extension 'cmake'
[0.408s] Level 1:colcon.colcon_core.package_identification:_identify(rosbag2_2024_04_28-19_32_35) by extension 'python'
[0.408s] Level 1:colcon.colcon_core.package_identification:_identify(rosbag2_2024_04_28-19_32_35) by extensions ['python_setup_py']
[0.408s] Level 1:colcon.colcon_core.package_identification:_identify(rosbag2_2024_04_28-19_32_35) by extension 'python_setup_py'
[0.408s] Level 1:colcon.colcon_core.package_identification:_identify(rosbag2_2024_04_28-19_43_02) by extensions ['ignore', 'ignore_ament_install']
[0.408s] Level 1:colcon.colcon_core.package_identification:_identify(rosbag2_2024_04_28-19_43_02) by extension 'ignore'
[0.408s] Level 1:colcon.colcon_core.package_identification:_identify(rosbag2_2024_04_28-19_43_02) by extension 'ignore_ament_install'
[0.408s] Level 1:colcon.colcon_core.package_identification:_identify(rosbag2_2024_04_28-19_43_02) by extensions ['colcon_pkg']
[0.408s] Level 1:colcon.colcon_core.package_identification:_identify(rosbag2_2024_04_28-19_43_02) by extension 'colcon_pkg'
[0.408s] Level 1:colcon.colcon_core.package_identification:_identify(rosbag2_2024_04_28-19_43_02) by extensions ['colcon_meta']
[0.408s] Level 1:colcon.colcon_core.package_identification:_identify(rosbag2_2024_04_28-19_43_02) by extension 'colcon_meta'
[0.408s] Level 1:colcon.colcon_core.package_identification:_identify(rosbag2_2024_04_28-19_43_02) by extensions ['ros']
[0.408s] Level 1:colcon.colcon_core.package_identification:_identify(rosbag2_2024_04_28-19_43_02) by extension 'ros'
[0.408s] Level 1:colcon.colcon_core.package_identification:_identify(rosbag2_2024_04_28-19_43_02) by extensions ['cmake', 'python']
[0.408s] Level 1:colcon.colcon_core.package_identification:_identify(rosbag2_2024_04_28-19_43_02) by extension 'cmake'
[0.408s] Level 1:colcon.colcon_core.package_identification:_identify(rosbag2_2024_04_28-19_43_02) by extension 'python'
[0.409s] Level 1:colcon.colcon_core.package_identification:_identify(rosbag2_2024_04_28-19_43_02) by extensions ['python_setup_py']
[0.409s] Level 1:colcon.colcon_core.package_identification:_identify(rosbag2_2024_04_28-19_43_02) by extension 'python_setup_py'
[0.409s] Level 1:colcon.colcon_core.package_identification:_identify(rosbag2_2024_04_28-19_55_17) by extensions ['ignore', 'ignore_ament_install']
[0.409s] Level 1:colcon.colcon_core.package_identification:_identify(rosbag2_2024_04_28-19_55_17) by extension 'ignore'
[0.409s] Level 1:colcon.colcon_core.package_identification:_identify(rosbag2_2024_04_28-19_55_17) by extension 'ignore_ament_install'
[0.409s] Level 1:colcon.colcon_core.package_identification:_identify(rosbag2_2024_04_28-19_55_17) by extensions ['colcon_pkg']
[0.409s] Level 1:colcon.colcon_core.package_identification:_identify(rosbag2_2024_04_28-19_55_17) by extension 'colcon_pkg'
[0.409s] Level 1:colcon.colcon_core.package_identification:_identify(rosbag2_2024_04_28-19_55_17) by extensions ['colcon_meta']
[0.409s] Level 1:colcon.colcon_core.package_identification:_identify(rosbag2_2024_04_28-19_55_17) by extension 'colcon_meta'
[0.409s] Level 1:colcon.colcon_core.package_identification:_identify(rosbag2_2024_04_28-19_55_17) by extensions ['ros']
[0.409s] Level 1:colcon.colcon_core.package_identification:_identify(rosbag2_2024_04_28-19_55_17) by extension 'ros'
[0.409s] Level 1:colcon.colcon_core.package_identification:_identify(rosbag2_2024_04_28-19_55_17) by extensions ['cmake', 'python']
[0.409s] Level 1:colcon.colcon_core.package_identification:_identify(rosbag2_2024_04_28-19_55_17) by extension 'cmake'
[0.409s] Level 1:colcon.colcon_core.package_identification:_identify(rosbag2_2024_04_28-19_55_17) by extension 'python'
[0.409s] Level 1:colcon.colcon_core.package_identification:_identify(rosbag2_2024_04_28-19_55_17) by extensions ['python_setup_py']
[0.409s] Level 1:colcon.colcon_core.package_identification:_identify(rosbag2_2024_04_28-19_55_17) by extension 'python_setup_py'
[0.410s] Level 1:colcon.colcon_core.package_identification:_identify(rosbag2_2024_04_28-19_55_32) by extensions ['ignore', 'ignore_ament_install']
[0.410s] Level 1:colcon.colcon_core.package_identification:_identify(rosbag2_2024_04_28-19_55_32) by extension 'ignore'
[0.410s] Level 1:colcon.colcon_core.package_identification:_identify(rosbag2_2024_04_28-19_55_32) by extension 'ignore_ament_install'
[0.410s] Level 1:colcon.colcon_core.package_identification:_identify(rosbag2_2024_04_28-19_55_32) by extensions ['colcon_pkg']
[0.410s] Level 1:colcon.colcon_core.package_identification:_identify(rosbag2_2024_04_28-19_55_32) by extension 'colcon_pkg'
[0.410s] Level 1:colcon.colcon_core.package_identification:_identify(rosbag2_2024_04_28-19_55_32) by extensions ['colcon_meta']
[0.410s] Level 1:colcon.colcon_core.package_identification:_identify(rosbag2_2024_04_28-19_55_32) by extension 'colcon_meta'
[0.410s] Level 1:colcon.colcon_core.package_identification:_identify(rosbag2_2024_04_28-19_55_32) by extensions ['ros']
[0.410s] Level 1:colcon.colcon_core.package_identification:_identify(rosbag2_2024_04_28-19_55_32) by extension 'ros'
[0.410s] Level 1:colcon.colcon_core.package_identification:_identify(rosbag2_2024_04_28-19_55_32) by extensions ['cmake', 'python']
[0.410s] Level 1:colcon.colcon_core.package_identification:_identify(rosbag2_2024_04_28-19_55_32) by extension 'cmake'
[0.410s] Level 1:colcon.colcon_core.package_identification:_identify(rosbag2_2024_04_28-19_55_32) by extension 'python'
[0.410s] Level 1:colcon.colcon_core.package_identification:_identify(rosbag2_2024_04_28-19_55_32) by extensions ['python_setup_py']
[0.410s] Level 1:colcon.colcon_core.package_identification:_identify(rosbag2_2024_04_28-19_55_32) by extension 'python_setup_py'
[0.410s] Level 1:colcon.colcon_core.package_identification:_identify(rosbag2_2024_04_28-19_59_41) by extensions ['ignore', 'ignore_ament_install']
[0.410s] Level 1:colcon.colcon_core.package_identification:_identify(rosbag2_2024_04_28-19_59_41) by extension 'ignore'
[0.410s] Level 1:colcon.colcon_core.package_identification:_identify(rosbag2_2024_04_28-19_59_41) by extension 'ignore_ament_install'
[0.411s] Level 1:colcon.colcon_core.package_identification:_identify(rosbag2_2024_04_28-19_59_41) by extensions ['colcon_pkg']
[0.411s] Level 1:colcon.colcon_core.package_identification:_identify(rosbag2_2024_04_28-19_59_41) by extension 'colcon_pkg'
[0.411s] Level 1:colcon.colcon_core.package_identification:_identify(rosbag2_2024_04_28-19_59_41) by extensions ['colcon_meta']
[0.411s] Level 1:colcon.colcon_core.package_identification:_identify(rosbag2_2024_04_28-19_59_41) by extension 'colcon_meta'
[0.411s] Level 1:colcon.colcon_core.package_identification:_identify(rosbag2_2024_04_28-19_59_41) by extensions ['ros']
[0.411s] Level 1:colcon.colcon_core.package_identification:_identify(rosbag2_2024_04_28-19_59_41) by extension 'ros'
[0.411s] Level 1:colcon.colcon_core.package_identification:_identify(rosbag2_2024_04_28-19_59_41) by extensions ['cmake', 'python']
[0.411s] Level 1:colcon.colcon_core.package_identification:_identify(rosbag2_2024_04_28-19_59_41) by extension 'cmake'
[0.411s] Level 1:colcon.colcon_core.package_identification:_identify(rosbag2_2024_04_28-19_59_41) by extension 'python'
[0.411s] Level 1:colcon.colcon_core.package_identification:_identify(rosbag2_2024_04_28-19_59_41) by extensions ['python_setup_py']
[0.411s] Level 1:colcon.colcon_core.package_identification:_identify(rosbag2_2024_04_28-19_59_41) by extension 'python_setup_py'
[0.411s] Level 1:colcon.colcon_core.package_identification:_identify(rosbag2_2024_04_28-20_04_03) by extensions ['ignore', 'ignore_ament_install']
[0.411s] Level 1:colcon.colcon_core.package_identification:_identify(rosbag2_2024_04_28-20_04_03) by extension 'ignore'
[0.411s] Level 1:colcon.colcon_core.package_identification:_identify(rosbag2_2024_04_28-20_04_03) by extension 'ignore_ament_install'
[0.411s] Level 1:colcon.colcon_core.package_identification:_identify(rosbag2_2024_04_28-20_04_03) by extensions ['colcon_pkg']
[0.411s] Level 1:colcon.colcon_core.package_identification:_identify(rosbag2_2024_04_28-20_04_03) by extension 'colcon_pkg'
[0.411s] Level 1:colcon.colcon_core.package_identification:_identify(rosbag2_2024_04_28-20_04_03) by extensions ['colcon_meta']
[0.411s] Level 1:colcon.colcon_core.package_identification:_identify(rosbag2_2024_04_28-20_04_03) by extension 'colcon_meta'
[0.412s] Level 1:colcon.colcon_core.package_identification:_identify(rosbag2_2024_04_28-20_04_03) by extensions ['ros']
[0.412s] Level 1:colcon.colcon_core.package_identification:_identify(rosbag2_2024_04_28-20_04_03) by extension 'ros'
[0.412s] Level 1:colcon.colcon_core.package_identification:_identify(rosbag2_2024_04_28-20_04_03) by extensions ['cmake', 'python']
[0.412s] Level 1:colcon.colcon_core.package_identification:_identify(rosbag2_2024_04_28-20_04_03) by extension 'cmake'
[0.412s] Level 1:colcon.colcon_core.package_identification:_identify(rosbag2_2024_04_28-20_04_03) by extension 'python'
[0.412s] Level 1:colcon.colcon_core.package_identification:_identify(rosbag2_2024_04_28-20_04_03) by extensions ['python_setup_py']
[0.412s] Level 1:colcon.colcon_core.package_identification:_identify(rosbag2_2024_04_28-20_04_03) by extension 'python_setup_py'
[0.412s] Level 1:colcon.colcon_core.package_identification:_identify(rosbag2_2024_04_28-20_16_42) by extensions ['ignore', 'ignore_ament_install']
[0.412s] Level 1:colcon.colcon_core.package_identification:_identify(rosbag2_2024_04_28-20_16_42) by extension 'ignore'
[0.412s] Level 1:colcon.colcon_core.package_identification:_identify(rosbag2_2024_04_28-20_16_42) by extension 'ignore_ament_install'
[0.412s] Level 1:colcon.colcon_core.package_identification:_identify(rosbag2_2024_04_28-20_16_42) by extensions ['colcon_pkg']
[0.412s] Level 1:colcon.colcon_core.package_identification:_identify(rosbag2_2024_04_28-20_16_42) by extension 'colcon_pkg'
[0.412s] Level 1:colcon.colcon_core.package_identification:_identify(rosbag2_2024_04_28-20_16_42) by extensions ['colcon_meta']
[0.412s] Level 1:colcon.colcon_core.package_identification:_identify(rosbag2_2024_04_28-20_16_42) by extension 'colcon_meta'
[0.412s] Level 1:colcon.colcon_core.package_identification:_identify(rosbag2_2024_04_28-20_16_42) by extensions ['ros']
[0.412s] Level 1:colcon.colcon_core.package_identification:_identify(rosbag2_2024_04_28-20_16_42) by extension 'ros'
[0.412s] Level 1:colcon.colcon_core.package_identification:_identify(rosbag2_2024_04_28-20_16_42) by extensions ['cmake', 'python']
[0.413s] Level 1:colcon.colcon_core.package_identification:_identify(rosbag2_2024_04_28-20_16_42) by extension 'cmake'
[0.413s] Level 1:colcon.colcon_core.package_identification:_identify(rosbag2_2024_04_28-20_16_42) by extension 'python'
[0.413s] Level 1:colcon.colcon_core.package_identification:_identify(rosbag2_2024_04_28-20_16_42) by extensions ['python_setup_py']
[0.413s] Level 1:colcon.colcon_core.package_identification:_identify(rosbag2_2024_04_28-20_16_42) by extension 'python_setup_py'
[0.413s] Level 1:colcon.colcon_core.package_identification:_identify(rosbag2_2024_04_28-20_18_56) by extensions ['ignore', 'ignore_ament_install']
[0.413s] Level 1:colcon.colcon_core.package_identification:_identify(rosbag2_2024_04_28-20_18_56) by extension 'ignore'
[0.413s] Level 1:colcon.colcon_core.package_identification:_identify(rosbag2_2024_04_28-20_18_56) by extension 'ignore_ament_install'
[0.413s] Level 1:colcon.colcon_core.package_identification:_identify(rosbag2_2024_04_28-20_18_56) by extensions ['colcon_pkg']
[0.413s] Level 1:colcon.colcon_core.package_identification:_identify(rosbag2_2024_04_28-20_18_56) by extension 'colcon_pkg'
[0.413s] Level 1:colcon.colcon_core.package_identification:_identify(rosbag2_2024_04_28-20_18_56) by extensions ['colcon_meta']
[0.413s] Level 1:colcon.colcon_core.package_identification:_identify(rosbag2_2024_04_28-20_18_56) by extension 'colcon_meta'
[0.413s] Level 1:colcon.colcon_core.package_identification:_identify(rosbag2_2024_04_28-20_18_56) by extensions ['ros']
[0.413s] Level 1:colcon.colcon_core.package_identification:_identify(rosbag2_2024_04_28-20_18_56) by extension 'ros'
[0.413s] Level 1:colcon.colcon_core.package_identification:_identify(rosbag2_2024_04_28-20_18_56) by extensions ['cmake', 'python']
[0.413s] Level 1:colcon.colcon_core.package_identification:_identify(rosbag2_2024_04_28-20_18_56) by extension 'cmake'
[0.413s] Level 1:colcon.colcon_core.package_identification:_identify(rosbag2_2024_04_28-20_18_56) by extension 'python'
[0.413s] Level 1:colcon.colcon_core.package_identification:_identify(rosbag2_2024_04_28-20_18_56) by extensions ['python_setup_py']
[0.413s] Level 1:colcon.colcon_core.package_identification:_identify(rosbag2_2024_04_28-20_18_56) by extension 'python_setup_py'
[0.414s] Level 1:colcon.colcon_core.package_identification:_identify(rosbag2_2024_04_28-20_22_13) by extensions ['ignore', 'ignore_ament_install']
[0.414s] Level 1:colcon.colcon_core.package_identification:_identify(rosbag2_2024_04_28-20_22_13) by extension 'ignore'
[0.414s] Level 1:colcon.colcon_core.package_identification:_identify(rosbag2_2024_04_28-20_22_13) by extension 'ignore_ament_install'
[0.414s] Level 1:colcon.colcon_core.package_identification:_identify(rosbag2_2024_04_28-20_22_13) by extensions ['colcon_pkg']
[0.414s] Level 1:colcon.colcon_core.package_identification:_identify(rosbag2_2024_04_28-20_22_13) by extension 'colcon_pkg'
[0.414s] Level 1:colcon.colcon_core.package_identification:_identify(rosbag2_2024_04_28-20_22_13) by extensions ['colcon_meta']
[0.414s] Level 1:colcon.colcon_core.package_identification:_identify(rosbag2_2024_04_28-20_22_13) by extension 'colcon_meta'
[0.414s] Level 1:colcon.colcon_core.package_identification:_identify(rosbag2_2024_04_28-20_22_13) by extensions ['ros']
[0.414s] Level 1:colcon.colcon_core.package_identification:_identify(rosbag2_2024_04_28-20_22_13) by extension 'ros'
[0.414s] Level 1:colcon.colcon_core.package_identification:_identify(rosbag2_2024_04_28-20_22_13) by extensions ['cmake', 'python']
[0.414s] Level 1:colcon.colcon_core.package_identification:_identify(rosbag2_2024_04_28-20_22_13) by extension 'cmake'
[0.414s] Level 1:colcon.colcon_core.package_identification:_identify(rosbag2_2024_04_28-20_22_13) by extension 'python'
[0.414s] Level 1:colcon.colcon_core.package_identification:_identify(rosbag2_2024_04_28-20_22_13) by extensions ['python_setup_py']
[0.414s] Level 1:colcon.colcon_core.package_identification:_identify(rosbag2_2024_04_28-20_22_13) by extension 'python_setup_py'
[0.414s] Level 1:colcon.colcon_core.package_identification:_identify(rosbag2_2024_04_28-20_24_18) by extensions ['ignore', 'ignore_ament_install']
[0.415s] Level 1:colcon.colcon_core.package_identification:_identify(rosbag2_2024_04_28-20_24_18) by extension 'ignore'
[0.415s] Level 1:colcon.colcon_core.package_identification:_identify(rosbag2_2024_04_28-20_24_18) by extension 'ignore_ament_install'
[0.415s] Level 1:colcon.colcon_core.package_identification:_identify(rosbag2_2024_04_28-20_24_18) by extensions ['colcon_pkg']
[0.415s] Level 1:colcon.colcon_core.package_identification:_identify(rosbag2_2024_04_28-20_24_18) by extension 'colcon_pkg'
[0.415s] Level 1:colcon.colcon_core.package_identification:_identify(rosbag2_2024_04_28-20_24_18) by extensions ['colcon_meta']
[0.415s] Level 1:colcon.colcon_core.package_identification:_identify(rosbag2_2024_04_28-20_24_18) by extension 'colcon_meta'
[0.415s] Level 1:colcon.colcon_core.package_identification:_identify(rosbag2_2024_04_28-20_24_18) by extensions ['ros']
[0.415s] Level 1:colcon.colcon_core.package_identification:_identify(rosbag2_2024_04_28-20_24_18) by extension 'ros'
[0.415s] Level 1:colcon.colcon_core.package_identification:_identify(rosbag2_2024_04_28-20_24_18) by extensions ['cmake', 'python']
[0.415s] Level 1:colcon.colcon_core.package_identification:_identify(rosbag2_2024_04_28-20_24_18) by extension 'cmake'
[0.415s] Level 1:colcon.colcon_core.package_identification:_identify(rosbag2_2024_04_28-20_24_18) by extension 'python'
[0.415s] Level 1:colcon.colcon_core.package_identification:_identify(rosbag2_2024_04_28-20_24_18) by extensions ['python_setup_py']
[0.415s] Level 1:colcon.colcon_core.package_identification:_identify(rosbag2_2024_04_28-20_24_18) by extension 'python_setup_py'
[0.415s] Level 1:colcon.colcon_core.package_identification:_identify(rosbag2_2024_04_28-20_25_47) by extensions ['ignore', 'ignore_ament_install']
[0.415s] Level 1:colcon.colcon_core.package_identification:_identify(rosbag2_2024_04_28-20_25_47) by extension 'ignore'
[0.415s] Level 1:colcon.colcon_core.package_identification:_identify(rosbag2_2024_04_28-20_25_47) by extension 'ignore_ament_install'
[0.415s] Level 1:colcon.colcon_core.package_identification:_identify(rosbag2_2024_04_28-20_25_47) by extensions ['colcon_pkg']
[0.415s] Level 1:colcon.colcon_core.package_identification:_identify(rosbag2_2024_04_28-20_25_47) by extension 'colcon_pkg'
[0.416s] Level 1:colcon.colcon_core.package_identification:_identify(rosbag2_2024_04_28-20_25_47) by extensions ['colcon_meta']
[0.416s] Level 1:colcon.colcon_core.package_identification:_identify(rosbag2_2024_04_28-20_25_47) by extension 'colcon_meta'
[0.416s] Level 1:colcon.colcon_core.package_identification:_identify(rosbag2_2024_04_28-20_25_47) by extensions ['ros']
[0.416s] Level 1:colcon.colcon_core.package_identification:_identify(rosbag2_2024_04_28-20_25_47) by extension 'ros'
[0.416s] Level 1:colcon.colcon_core.package_identification:_identify(rosbag2_2024_04_28-20_25_47) by extensions ['cmake', 'python']
[0.416s] Level 1:colcon.colcon_core.package_identification:_identify(rosbag2_2024_04_28-20_25_47) by extension 'cmake'
[0.416s] Level 1:colcon.colcon_core.package_identification:_identify(rosbag2_2024_04_28-20_25_47) by extension 'python'
[0.416s] Level 1:colcon.colcon_core.package_identification:_identify(rosbag2_2024_04_28-20_25_47) by extensions ['python_setup_py']
[0.416s] Level 1:colcon.colcon_core.package_identification:_identify(rosbag2_2024_04_28-20_25_47) by extension 'python_setup_py'
[0.416s] Level 1:colcon.colcon_core.package_identification:_identify(rosbag2_2024_04_28-20_26_26) by extensions ['ignore', 'ignore_ament_install']
[0.416s] Level 1:colcon.colcon_core.package_identification:_identify(rosbag2_2024_04_28-20_26_26) by extension 'ignore'
[0.416s] Level 1:colcon.colcon_core.package_identification:_identify(rosbag2_2024_04_28-20_26_26) by extension 'ignore_ament_install'
[0.416s] Level 1:colcon.colcon_core.package_identification:_identify(rosbag2_2024_04_28-20_26_26) by extensions ['colcon_pkg']
[0.416s] Level 1:colcon.colcon_core.package_identification:_identify(rosbag2_2024_04_28-20_26_26) by extension 'colcon_pkg'
[0.416s] Level 1:colcon.colcon_core.package_identification:_identify(rosbag2_2024_04_28-20_26_26) by extensions ['colcon_meta']
[0.416s] Level 1:colcon.colcon_core.package_identification:_identify(rosbag2_2024_04_28-20_26_26) by extension 'colcon_meta'
[0.416s] Level 1:colcon.colcon_core.package_identification:_identify(rosbag2_2024_04_28-20_26_26) by extensions ['ros']
[0.416s] Level 1:colcon.colcon_core.package_identification:_identify(rosbag2_2024_04_28-20_26_26) by extension 'ros'
[0.417s] Level 1:colcon.colcon_core.package_identification:_identify(rosbag2_2024_04_28-20_26_26) by extensions ['cmake', 'python']
[0.417s] Level 1:colcon.colcon_core.package_identification:_identify(rosbag2_2024_04_28-20_26_26) by extension 'cmake'
[0.417s] Level 1:colcon.colcon_core.package_identification:_identify(rosbag2_2024_04_28-20_26_26) by extension 'python'
[0.417s] Level 1:colcon.colcon_core.package_identification:_identify(rosbag2_2024_04_28-20_26_26) by extensions ['python_setup_py']
[0.417s] Level 1:colcon.colcon_core.package_identification:_identify(rosbag2_2024_04_28-20_26_26) by extension 'python_setup_py'
[0.417s] Level 1:colcon.colcon_core.package_identification:_identify(rosbag2_2024_04_28-20_27_08) by extensions ['ignore', 'ignore_ament_install']
[0.417s] Level 1:colcon.colcon_core.package_identification:_identify(rosbag2_2024_04_28-20_27_08) by extension 'ignore'
[0.417s] Level 1:colcon.colcon_core.package_identification:_identify(rosbag2_2024_04_28-20_27_08) by extension 'ignore_ament_install'
[0.417s] Level 1:colcon.colcon_core.package_identification:_identify(rosbag2_2024_04_28-20_27_08) by extensions ['colcon_pkg']
[0.417s] Level 1:colcon.colcon_core.package_identification:_identify(rosbag2_2024_04_28-20_27_08) by extension 'colcon_pkg'
[0.417s] Level 1:colcon.colcon_core.package_identification:_identify(rosbag2_2024_04_28-20_27_08) by extensions ['colcon_meta']
[0.417s] Level 1:colcon.colcon_core.package_identification:_identify(rosbag2_2024_04_28-20_27_08) by extension 'colcon_meta'
[0.417s] Level 1:colcon.colcon_core.package_identification:_identify(rosbag2_2024_04_28-20_27_08) by extensions ['ros']
[0.417s] Level 1:colcon.colcon_core.package_identification:_identify(rosbag2_2024_04_28-20_27_08) by extension 'ros'
[0.417s] Level 1:colcon.colcon_core.package_identification:_identify(rosbag2_2024_04_28-20_27_08) by extensions ['cmake', 'python']
[0.417s] Level 1:colcon.colcon_core.package_identification:_identify(rosbag2_2024_04_28-20_27_08) by extension 'cmake'
[0.418s] Level 1:colcon.colcon_core.package_identification:_identify(rosbag2_2024_04_28-20_27_08) by extension 'python'
[0.418s] Level 1:colcon.colcon_core.package_identification:_identify(rosbag2_2024_04_28-20_27_08) by extensions ['python_setup_py']
[0.418s] Level 1:colcon.colcon_core.package_identification:_identify(rosbag2_2024_04_28-20_27_08) by extension 'python_setup_py'
[0.418s] Level 1:colcon.colcon_core.package_identification:_identify(rosbag2_2024_04_28-20_28_11) by extensions ['ignore', 'ignore_ament_install']
[0.418s] Level 1:colcon.colcon_core.package_identification:_identify(rosbag2_2024_04_28-20_28_11) by extension 'ignore'
[0.418s] Level 1:colcon.colcon_core.package_identification:_identify(rosbag2_2024_04_28-20_28_11) by extension 'ignore_ament_install'
[0.418s] Level 1:colcon.colcon_core.package_identification:_identify(rosbag2_2024_04_28-20_28_11) by extensions ['colcon_pkg']
[0.418s] Level 1:colcon.colcon_core.package_identification:_identify(rosbag2_2024_04_28-20_28_11) by extension 'colcon_pkg'
[0.418s] Level 1:colcon.colcon_core.package_identification:_identify(rosbag2_2024_04_28-20_28_11) by extensions ['colcon_meta']
[0.418s] Level 1:colcon.colcon_core.package_identification:_identify(rosbag2_2024_04_28-20_28_11) by extension 'colcon_meta'
[0.418s] Level 1:colcon.colcon_core.package_identification:_identify(rosbag2_2024_04_28-20_28_11) by extensions ['ros']
[0.418s] Level 1:colcon.colcon_core.package_identification:_identify(rosbag2_2024_04_28-20_28_11) by extension 'ros'
[0.418s] Level 1:colcon.colcon_core.package_identification:_identify(rosbag2_2024_04_28-20_28_11) by extensions ['cmake', 'python']
[0.418s] Level 1:colcon.colcon_core.package_identification:_identify(rosbag2_2024_04_28-20_28_11) by extension 'cmake'
[0.418s] Level 1:colcon.colcon_core.package_identification:_identify(rosbag2_2024_04_28-20_28_11) by extension 'python'
[0.418s] Level 1:colcon.colcon_core.package_identification:_identify(rosbag2_2024_04_28-20_28_11) by extensions ['python_setup_py']
[0.418s] Level 1:colcon.colcon_core.package_identification:_identify(rosbag2_2024_04_28-20_28_11) by extension 'python_setup_py'
[0.419s] Level 1:colcon.colcon_core.package_identification:_identify(rosbag2_2024_04_28-20_29_57) by extensions ['ignore', 'ignore_ament_install']
[0.419s] Level 1:colcon.colcon_core.package_identification:_identify(rosbag2_2024_04_28-20_29_57) by extension 'ignore'
[0.419s] Level 1:colcon.colcon_core.package_identification:_identify(rosbag2_2024_04_28-20_29_57) by extension 'ignore_ament_install'
[0.419s] Level 1:colcon.colcon_core.package_identification:_identify(rosbag2_2024_04_28-20_29_57) by extensions ['colcon_pkg']
[0.419s] Level 1:colcon.colcon_core.package_identification:_identify(rosbag2_2024_04_28-20_29_57) by extension 'colcon_pkg'
[0.419s] Level 1:colcon.colcon_core.package_identification:_identify(rosbag2_2024_04_28-20_29_57) by extensions ['colcon_meta']
[0.419s] Level 1:colcon.colcon_core.package_identification:_identify(rosbag2_2024_04_28-20_29_57) by extension 'colcon_meta'
[0.419s] Level 1:colcon.colcon_core.package_identification:_identify(rosbag2_2024_04_28-20_29_57) by extensions ['ros']
[0.419s] Level 1:colcon.colcon_core.package_identification:_identify(rosbag2_2024_04_28-20_29_57) by extension 'ros'
[0.419s] Level 1:colcon.colcon_core.package_identification:_identify(rosbag2_2024_04_28-20_29_57) by extensions ['cmake', 'python']
[0.419s] Level 1:colcon.colcon_core.package_identification:_identify(rosbag2_2024_04_28-20_29_57) by extension 'cmake'
[0.419s] Level 1:colcon.colcon_core.package_identification:_identify(rosbag2_2024_04_28-20_29_57) by extension 'python'
[0.419s] Level 1:colcon.colcon_core.package_identification:_identify(rosbag2_2024_04_28-20_29_57) by extensions ['python_setup_py']
[0.419s] Level 1:colcon.colcon_core.package_identification:_identify(rosbag2_2024_04_28-20_29_57) by extension 'python_setup_py'
[0.419s] Level 1:colcon.colcon_core.package_discovery:discover_packages(recursive) using defaults
[0.419s] Level 1:colcon.colcon_core.package_discovery:discover_packages(ignore) discover
[0.419s] Level 1:colcon.colcon_core.package_discovery:discover_packages(ignore) using defaults
[0.419s] Level 1:colcon.colcon_core.package_discovery:discover_packages(path) discover
[0.419s] Level 1:colcon.colcon_core.package_discovery:discover_packages(path) using defaults
[0.472s] Level 1:colcon.colcon_core.package_discovery:discover_packages(prefix_path) check parameters
[0.472s] Level 1:colcon.colcon_core.package_discovery:discover_packages(prefix_path) discover
[0.474s] DEBUG:colcon.colcon_installed_package_information.package_discovery:Found 1 installed packages in /home/anavale/ros2_ws1/src/install
[0.475s] DEBUG:colcon.colcon_installed_package_information.package_discovery:Found 3 installed packages in /home/anavale/ros2_utilities_ws/install
[0.477s] DEBUG:colcon.colcon_installed_package_information.package_discovery:Found 270 installed packages in /opt/ros/humble
[0.478s] Level 1:colcon.colcon_core.package_discovery:discover_packages(prefix_path) using defaults
[0.527s] Level 5:colcon.colcon_core.verb:set package 'purepursuit' build argument 'cmake_args' from command line to 'None'
[0.528s] Level 5:colcon.colcon_core.verb:set package 'purepursuit' build argument 'cmake_target' from command line to 'None'
[0.528s] Level 5:colcon.colcon_core.verb:set package 'purepursuit' build argument 'cmake_target_skip_unavailable' from command line to 'False'
[0.528s] Level 5:colcon.colcon_core.verb:set package 'purepursuit' build argument 'cmake_clean_cache' from command line to 'False'
[0.528s] Level 5:colcon.colcon_core.verb:set package 'purepursuit' build argument 'cmake_clean_first' from command line to 'False'
[0.528s] Level 5:colcon.colcon_core.verb:set package 'purepursuit' build argument 'cmake_force_configure' from command line to 'False'
[0.528s] Level 5:colcon.colcon_core.verb:set package 'purepursuit' build argument 'ament_cmake_args' from command line to 'None'
[0.528s] Level 5:colcon.colcon_core.verb:set package 'purepursuit' build argument 'catkin_cmake_args' from command line to 'None'
[0.528s] Level 5:colcon.colcon_core.verb:set package 'purepursuit' build argument 'catkin_skip_building_tests' from command line to 'False'
[0.528s] DEBUG:colcon.colcon_core.verb:Building package 'purepursuit' with the following arguments: {'ament_cmake_args': None, 'build_base': '/home/anavale/ros2_ws1/src/build/purepursuit', 'catkin_cmake_args': None, 'catkin_skip_building_tests': False, 'cmake_args': None, 'cmake_clean_cache': False, 'cmake_clean_first': False, 'cmake_force_configure': False, 'cmake_target': None, 'cmake_target_skip_unavailable': False, 'install_base': '/home/anavale/ros2_ws1/src/install/purepursuit', 'merge_install': False, 'path': '/home/anavale/ros2_ws1/src/purepursuit', 'symlink_install': True, 'test_result_base': None}
[0.528s] INFO:colcon.colcon_core.executor:Executing jobs using 'parallel' executor
[0.530s] DEBUG:colcon.colcon_parallel_executor.executor.parallel:run_until_complete
[0.530s] INFO:colcon.colcon_ros.task.ament_python.build:Building ROS package in '/home/anavale/ros2_ws1/src/purepursuit' with build type 'ament_python'
[0.530s] Level 1:colcon.colcon_core.shell:create_environment_hook('purepursuit', 'ament_prefix_path')
[0.533s] INFO:colcon.colcon_core.plugin_system:Skipping extension 'colcon_core.shell.bat': Not used on non-Windows systems
[0.533s] INFO:colcon.colcon_core.shell:Creating environment hook '/home/anavale/ros2_ws1/src/install/purepursuit/share/purepursuit/hook/ament_prefix_path.ps1'
[0.534s] INFO:colcon.colcon_core.shell:Creating environment descriptor '/home/anavale/ros2_ws1/src/install/purepursuit/share/purepursuit/hook/ament_prefix_path.dsv'
[0.535s] INFO:colcon.colcon_core.shell:Creating environment hook '/home/anavale/ros2_ws1/src/install/purepursuit/share/purepursuit/hook/ament_prefix_path.sh'
[0.536s] INFO:colcon.colcon_core.shell:Skip shell extension 'powershell' for command environment: Not usable outside of PowerShell
[0.536s] DEBUG:colcon.colcon_core.shell:Skip shell extension 'dsv' for command environment
[0.917s] INFO:colcon.colcon_core.task.python.build:Building Python package in '/home/anavale/ros2_ws1/src/purepursuit'
[0.918s] INFO:colcon.colcon_core.shell:Skip shell extension 'powershell' for command environment: Not usable outside of PowerShell
[0.918s] DEBUG:colcon.colcon_core.shell:Skip shell extension 'dsv' for command environment
[1.441s] DEBUG:colcon.colcon_core.task.python.build:While undoing a previous installation files outside the Python library path are being ignored: /home/anavale/ros2_ws1/src/install/purepursuit/share/ament_index/resource_index/packages/purepursuit
[1.441s] DEBUG:colcon.colcon_core.task.python.build:While undoing a previous installation files outside the Python library path are being ignored: /home/anavale/ros2_ws1/src/install/purepursuit/share/purepursuit/package.xml
[1.441s] DEBUG:colcon.colcon_core.task.python.build:While undoing a previous installation files outside the Python library path are being ignored: /home/anavale/ros2_ws1/src/install/purepursuit/share/purepursuit/launch/pure.launch.py
[1.442s] DEBUG:colcon.colcon_core.task.python.build:While undoing a previous installation files outside the Python library path are being ignored: /home/anavale/ros2_ws1/src/install/purepursuit/lib/purepursuit/purepursuit
[1.448s] DEBUG:colcon.colcon_core.event_handler.log_command:Invoking command in '/home/anavale/ros2_ws1/src/build/purepursuit': PYTHONPATH=/home/anavale/ros2_ws1/src/build/purepursuit/prefix_override:/home/anavale/ros2_ws1/src/install/purepursuit/lib/python3.10/site-packages:${PYTHONPATH} /usr/bin/python3 -W ignore:setup.py install is deprecated setup.py develop --editable --build-directory /home/anavale/ros2_ws1/src/build/purepursuit/build --no-deps symlink_data --force
[2.043s] Level 1:colcon.colcon_core.shell:create_environment_hook('purepursuit', 'pythonpath_develop')
[2.043s] INFO:colcon.colcon_core.shell:Creating environment hook '/home/anavale/ros2_ws1/src/build/purepursuit/share/purepursuit/hook/pythonpath_develop.ps1'
[2.044s] DEBUG:colcon.colcon_core.event_handler.log_command:Invoked command in '/home/anavale/ros2_ws1/src/build/purepursuit' returned '0': PYTHONPATH=/home/anavale/ros2_ws1/src/build/purepursuit/prefix_override:/home/anavale/ros2_ws1/src/install/purepursuit/lib/python3.10/site-packages:${PYTHONPATH} /usr/bin/python3 -W ignore:setup.py install is deprecated setup.py develop --editable --build-directory /home/anavale/ros2_ws1/src/build/purepursuit/build --no-deps symlink_data --force
[2.045s] INFO:colcon.colcon_core.shell:Creating environment descriptor '/home/anavale/ros2_ws1/src/build/purepursuit/share/purepursuit/hook/pythonpath_develop.dsv'
[2.046s] INFO:colcon.colcon_core.shell:Creating environment hook '/home/anavale/ros2_ws1/src/build/purepursuit/share/purepursuit/hook/pythonpath_develop.sh'
[2.051s] Level 1:colcon.colcon_core.environment:checking '/home/anavale/ros2_ws1/src/install/purepursuit' for CMake module files
[2.052s] Level 1:colcon.colcon_core.environment:checking '/home/anavale/ros2_ws1/src/install/purepursuit' for CMake config files
[2.053s] Level 1:colcon.colcon_core.environment:checking '/home/anavale/ros2_ws1/src/install/purepursuit/lib'
[2.054s] Level 1:colcon.colcon_core.environment:checking '/home/anavale/ros2_ws1/src/install/purepursuit/bin'
[2.054s] Level 1:colcon.colcon_core.environment:checking '/home/anavale/ros2_ws1/src/install/purepursuit/lib/pkgconfig/purepursuit.pc'
[2.054s] Level 1:colcon.colcon_core.environment:checking '/home/anavale/ros2_ws1/src/install/purepursuit/lib/python3.10/site-packages'
[2.054s] Level 1:colcon.colcon_core.shell:create_environment_hook('purepursuit', 'pythonpath')
[2.055s] INFO:colcon.colcon_core.shell:Creating environment hook '/home/anavale/ros2_ws1/src/install/purepursuit/share/purepursuit/hook/pythonpath.ps1'
[2.056s] INFO:colcon.colcon_core.shell:Creating environment descriptor '/home/anavale/ros2_ws1/src/install/purepursuit/share/purepursuit/hook/pythonpath.dsv'
[2.056s] INFO:colcon.colcon_core.shell:Creating environment hook '/home/anavale/ros2_ws1/src/install/purepursuit/share/purepursuit/hook/pythonpath.sh'
[2.057s] Level 1:colcon.colcon_core.environment:checking '/home/anavale/ros2_ws1/src/install/purepursuit/bin'
[2.058s] Level 1:colcon.colcon_core.environment:create_environment_scripts_only(purepursuit)
[2.058s] INFO:colcon.colcon_core.shell:Creating package script '/home/anavale/ros2_ws1/src/install/purepursuit/share/purepursuit/package.ps1'
[2.060s] INFO:colcon.colcon_core.shell:Creating package descriptor '/home/anavale/ros2_ws1/src/install/purepursuit/share/purepursuit/package.dsv'
[2.061s] INFO:colcon.colcon_core.shell:Creating package script '/home/anavale/ros2_ws1/src/install/purepursuit/share/purepursuit/package.sh'
[2.063s] INFO:colcon.colcon_core.shell:Creating package script '/home/anavale/ros2_ws1/src/install/purepursuit/share/purepursuit/package.bash'
[2.064s] INFO:colcon.colcon_core.shell:Creating package script '/home/anavale/ros2_ws1/src/install/purepursuit/share/purepursuit/package.zsh'
[2.066s] Level 1:colcon.colcon_core.environment:create_file_with_runtime_dependencies(/home/anavale/ros2_ws1/src/install/purepursuit/share/colcon-core/packages/purepursuit)
[2.067s] DEBUG:colcon.colcon_parallel_executor.executor.parallel:closing loop
[2.067s] DEBUG:colcon.colcon_parallel_executor.executor.parallel:loop closed
[2.068s] DEBUG:colcon.colcon_parallel_executor.executor.parallel:run_until_complete finished with '0'
[2.068s] DEBUG:colcon.colcon_core.event_reactor:joining thread
[2.079s] INFO:colcon.colcon_core.plugin_system:Skipping extension 'colcon_notification.desktop_notification.terminal_notifier': Not used on non-Darwin systems
[2.079s] INFO:colcon.colcon_core.plugin_system:Skipping extension 'colcon_notification.desktop_notification.win32': Not used on non-Windows systems
[2.079s] INFO:colcon.colcon_notification.desktop_notification:Sending desktop notification using 'notify2'
[2.103s] DEBUG:colcon.colcon_core.event_reactor:joined thread
[2.103s] INFO:colcon.colcon_core.shell:Creating prefix script '/home/anavale/ros2_ws1/src/install/local_setup.ps1'
[2.105s] INFO:colcon.colcon_core.shell:Creating prefix util module '/home/anavale/ros2_ws1/src/install/_local_setup_util_ps1.py'
[2.106s] INFO:colcon.colcon_core.shell:Creating prefix chain script '/home/anavale/ros2_ws1/src/install/setup.ps1'
[2.108s] INFO:colcon.colcon_core.shell:Creating prefix script '/home/anavale/ros2_ws1/src/install/local_setup.sh'
[2.108s] INFO:colcon.colcon_core.shell:Creating prefix util module '/home/anavale/ros2_ws1/src/install/_local_setup_util_sh.py'
[2.109s] INFO:colcon.colcon_core.shell:Creating prefix chain script '/home/anavale/ros2_ws1/src/install/setup.sh'
[2.110s] INFO:colcon.colcon_core.shell:Creating prefix script '/home/anavale/ros2_ws1/src/install/local_setup.bash'
[2.111s] INFO:colcon.colcon_core.shell:Creating prefix chain script '/home/anavale/ros2_ws1/src/install/setup.bash'
[2.112s] INFO:colcon.colcon_core.shell:Creating prefix script '/home/anavale/ros2_ws1/src/install/local_setup.zsh'
[2.113s] INFO:colcon.colcon_core.shell:Creating prefix chain script '/home/anavale/ros2_ws1/src/install/setup.zsh'
