[0.594s] Invoking command in '/home/anavale/ros2_ws1/src/purepursuit': PYTHONPATH=/home/anavale/ros2_ws1/src/build/purepursuit/prefix_override:/home/anavale/ros2_ws1/src/install/purepursuit/lib/python3.10/site-packages:${PYTHONPATH} /usr/bin/python3 -W ignore:setup.py install is deprecated setup.py egg_info --egg-base ../build/purepursuit build --build-base /home/anavale/ros2_ws1/src/build/purepursuit/build install --record /home/anavale/ros2_ws1/src/build/purepursuit/install.log --single-version-externally-managed install_data
[0.802s] running egg_info
[0.803s] writing ../build/purepursuit/purepursuit.egg-info/PKG-INFO
[0.826s] writing dependency_links to ../build/purepursuit/purepursuit.egg-info/dependency_links.txt
[0.826s] writing entry points to ../build/purepursuit/purepursuit.egg-info/entry_points.txt
[0.826s] writing requirements to ../build/purepursuit/purepursuit.egg-info/requires.txt
[0.826s] writing top-level names to ../build/purepursuit/purepursuit.egg-info/top_level.txt
[0.828s] reading manifest file '../build/purepursuit/purepursuit.egg-info/SOURCES.txt'
[0.858s] adding license file 'LICENSE'
[0.859s] writing manifest file '../build/purepursuit/purepursuit.egg-info/SOURCES.txt'
[0.859s] running build
[0.860s] running build_py
[0.860s] running install
[0.860s] running install_lib
[0.861s] running install_data
[0.862s] running install_egg_info
[0.863s] removing '/home/anavale/ros2_ws1/src/install/purepursuit/lib/python3.10/site-packages/purepursuit-0.0.0-py3.10.egg-info' (and everything under it)
[0.864s] Copying ../build/purepursuit/purepursuit.egg-info to /home/anavale/ros2_ws1/src/install/purepursuit/lib/python3.10/site-packages/purepursuit-0.0.0-py3.10.egg-info
[0.864s] running install_scripts
[0.880s] Installing purepursuit script to /home/anavale/ros2_ws1/src/install/purepursuit/lib/purepursuit
[0.881s] writing list of installed files to '/home/anavale/ros2_ws1/src/build/purepursuit/install.log'
[0.906s] Invoked command in '/home/anavale/ros2_ws1/src/purepursuit' returned '0': PYTHONPATH=/home/anavale/ros2_ws1/src/build/purepursuit/prefix_override:/home/anavale/ros2_ws1/src/install/purepursuit/lib/python3.10/site-packages:${PYTHONPATH} /usr/bin/python3 -W ignore:setup.py install is deprecated setup.py egg_info --egg-base ../build/purepursuit build --build-base /home/anavale/ros2_ws1/src/build/purepursuit/build install --record /home/anavale/ros2_ws1/src/build/purepursuit/install.log --single-version-externally-managed install_data
