[0.905s] Invoking command in '/home/anavale/ros2_ws1/src/build/purepursuit': PYTHONPATH=/home/anavale/ros2_ws1/src/build/purepursuit/prefix_override:/home/anavale/ros2_ws1/src/install/purepursuit/lib/python3.10/site-packages:${PYTHONPATH} /usr/bin/python3 -W ignore:setup.py install is deprecated setup.py develop --uninstall --editable --build-directory /home/anavale/ros2_ws1/src/build/purepursuit/build
[1.265s] running develop
[1.266s] /usr/lib/python3/dist-packages/setuptools/command/easy_install.py:158: EasyInstallDeprecationWarning: easy_install command is deprecated. Use build and pip and other standards-based tools.
[1.266s]   warnings.warn(
[1.480s] Removing /home/anavale/ros2_ws1/src/install/purepursuit/lib/python3.10/site-packages/purepursuit.egg-link (link to .)
[1.537s] Invoked command in '/home/anavale/ros2_ws1/src/build/purepursuit' returned '0': PYTHONPATH=/home/anavale/ros2_ws1/src/build/purepursuit/prefix_override:/home/anavale/ros2_ws1/src/install/purepursuit/lib/python3.10/site-packages:${PYTHONPATH} /usr/bin/python3 -W ignore:setup.py install is deprecated setup.py develop --uninstall --editable --build-directory /home/anavale/ros2_ws1/src/build/purepursuit/build
[1.539s] Invoking command in '/home/anavale/ros2_ws1/src/purepursuit': PYTHONPATH=/home/anavale/ros2_ws1/src/build/purepursuit/prefix_override:/home/anavale/ros2_ws1/src/install/purepursuit/lib/python3.10/site-packages:${PYTHONPATH} /usr/bin/python3 -W ignore:setup.py install is deprecated setup.py egg_info --egg-base ../build/purepursuit build --build-base /home/anavale/ros2_ws1/src/build/purepursuit/build install --record /home/anavale/ros2_ws1/src/build/purepursuit/install.log --single-version-externally-managed install_data --force
[1.853s] running egg_info
[1.854s] writing ../build/purepursuit/purepursuit.egg-info/PKG-INFO
[1.854s] writing dependency_links to ../build/purepursuit/purepursuit.egg-info/dependency_links.txt
[1.854s] writing entry points to ../build/purepursuit/purepursuit.egg-info/entry_points.txt
[1.855s] writing requirements to ../build/purepursuit/purepursuit.egg-info/requires.txt
[1.855s] writing top-level names to ../build/purepursuit/purepursuit.egg-info/top_level.txt
[1.857s] reading manifest file '../build/purepursuit/purepursuit.egg-info/SOURCES.txt'
[1.857s] adding license file 'LICENSE'
[1.858s] writing manifest file '../build/purepursuit/purepursuit.egg-info/SOURCES.txt'
[1.858s] running build
[1.858s] running build_py
[1.859s] running install
[1.859s] running install_lib
[1.860s] creating /home/anavale/ros2_ws1/src/install/purepursuit/lib/python3.10/site-packages/purepursuit
[1.860s] copying /home/anavale/ros2_ws1/src/build/purepursuit/build/lib/purepursuit/__init__.py -> /home/anavale/ros2_ws1/src/install/purepursuit/lib/python3.10/site-packages/purepursuit
[1.860s] copying /home/anavale/ros2_ws1/src/build/purepursuit/build/lib/purepursuit/purepursuit.py -> /home/anavale/ros2_ws1/src/install/purepursuit/lib/python3.10/site-packages/purepursuit
[1.860s] byte-compiling /home/anavale/ros2_ws1/src/install/purepursuit/lib/python3.10/site-packages/purepursuit/__init__.py to __init__.cpython-310.pyc
[1.860s] byte-compiling /home/anavale/ros2_ws1/src/install/purepursuit/lib/python3.10/site-packages/purepursuit/purepursuit.py to purepursuit.cpython-310.pyc
[1.862s] running install_data
[1.862s] copying resource/purepursuit -> /home/anavale/ros2_ws1/src/install/purepursuit/share/ament_index/resource_index/packages
[1.862s] copying package.xml -> /home/anavale/ros2_ws1/src/install/purepursuit/share/purepursuit
[1.863s] copying launch/pure.launch.py -> /home/anavale/ros2_ws1/src/install/purepursuit/share/purepursuit/launch
[1.863s] running install_egg_info
[1.864s] Copying ../build/purepursuit/purepursuit.egg-info to /home/anavale/ros2_ws1/src/install/purepursuit/lib/python3.10/site-packages/purepursuit-0.0.0-py3.10.egg-info
[1.866s] running install_scripts
[1.890s] Installing purepursuit script to /home/anavale/ros2_ws1/src/install/purepursuit/lib/purepursuit
[1.891s] writing list of installed files to '/home/anavale/ros2_ws1/src/build/purepursuit/install.log'
[1.922s] Invoked command in '/home/anavale/ros2_ws1/src/purepursuit' returned '0': PYTHONPATH=/home/anavale/ros2_ws1/src/build/purepursuit/prefix_override:/home/anavale/ros2_ws1/src/install/purepursuit/lib/python3.10/site-packages:${PYTHONPATH} /usr/bin/python3 -W ignore:setup.py install is deprecated setup.py egg_info --egg-base ../build/purepursuit build --build-base /home/anavale/ros2_ws1/src/build/purepursuit/build install --record /home/anavale/ros2_ws1/src/build/purepursuit/install.log --single-version-externally-managed install_data --force
