[0.161s] DEBUG:colcon:Command line arguments: ['/usr/bin/colcon', 'build']
[0.161s] DEBUG:colcon:Parsed command line arguments: Namespace(log_base=None, log_level=None, verb_name='build', build_base='build', install_base='install', merge_install=False, symlink_install=False, test_result_base=None, continue_on_error=False, executor='parallel', parallel_workers=16, event_handlers=None, ignore_user_meta=False, metas=['./colcon.meta'], base_paths=['.'], packages_ignore=None, packages_ignore_regex=None, paths=None, packages_up_to=None, packages_up_to_regex=None, packages_above=None, packages_above_and_dependencies=None, packages_above_depth=None, packages_select_by_dep=None, packages_skip_by_dep=None, packages_skip_up_to=None, packages_select_build_failed=False, packages_skip_build_finished=False, packages_select_test_failures=False, packages_skip_test_passed=False, packages_select=None, packages_skip=None, packages_select_regex=None, packages_skip_regex=None, packages_start=None, packages_end=None, allow_overriding=[], cmake_args=None, cmake_target=None, cmake_target_skip_unavailable=False, cmake_clean_cache=False, cmake_clean_first=False, cmake_force_configure=False, ament_cmake_args=None, catkin_cmake_args=None, catkin_skip_building_tests=False, mixin_files=None, mixin=None, verb_parser=<colcon_mixin.mixin.mixin_argument.MixinArgumentDecorator object at 0x7feec782eaa0>, verb_extension=<colcon_core.verb.build.BuildVerb object at 0x7feec782e4d0>, main=<bound method BuildVerb.main of <colcon_core.verb.build.BuildVerb object at 0x7feec782e4d0>>, mixin_verb=('build',))
[0.409s] Level 1:colcon.colcon_core.package_discovery:discover_packages(colcon_meta) check parameters
[0.409s] Level 1:colcon.colcon_core.package_discovery:discover_packages(recursive) check parameters
[0.410s] Level 1:colcon.colcon_core.package_discovery:discover_packages(ignore) check parameters
[0.410s] Level 1:colcon.colcon_core.package_discovery:discover_packages(path) check parameters
[0.410s] Level 1:colcon.colcon_core.package_discovery:discover_packages(colcon_meta) discover
[0.410s] Level 1:colcon.colcon_core.package_discovery:discover_packages(recursive) discover
[0.410s] INFO:colcon.colcon_core.package_discovery:Crawling recursively for packages in '/home/anavale/ros2_ws1/src'
[0.410s] Level 1:colcon.colcon_core.package_identification:_identify(.) by extensions ['ignore', 'ignore_ament_install']
[0.410s] Level 1:colcon.colcon_core.package_identification:_identify(.) by extension 'ignore'
[0.410s] Level 1:colcon.colcon_core.package_identification:_identify(.) by extension 'ignore_ament_install'
[0.410s] Level 1:colcon.colcon_core.package_identification:_identify(.) by extensions ['colcon_pkg']
[0.410s] Level 1:colcon.colcon_core.package_identification:_identify(.) by extension 'colcon_pkg'
[0.410s] Level 1:colcon.colcon_core.package_identification:_identify(.) by extensions ['colcon_meta']
[0.410s] Level 1:colcon.colcon_core.package_identification:_identify(.) by extension 'colcon_meta'
[0.410s] Level 1:colcon.colcon_core.package_identification:_identify(.) by extensions ['ros']
[0.410s] Level 1:colcon.colcon_core.package_identification:_identify(.) by extension 'ros'
[0.426s] Level 1:colcon.colcon_core.package_identification:_identify(.) by extensions ['cmake', 'python']
[0.426s] Level 1:colcon.colcon_core.package_identification:_identify(.) by extension 'cmake'
[0.426s] Level 1:colcon.colcon_core.package_identification:_identify(.) by extension 'python'
[0.426s] Level 1:colcon.colcon_core.package_identification:_identify(.) by extensions ['python_setup_py']
[0.426s] Level 1:colcon.colcon_core.package_identification:_identify(.) by extension 'python_setup_py'
[0.427s] Level 1:colcon.colcon_core.package_identification:_identify(build) by extensions ['ignore', 'ignore_ament_install']
[0.427s] Level 1:colcon.colcon_core.package_identification:_identify(build) by extension 'ignore'
[0.427s] Level 1:colcon.colcon_core.package_identification:_identify(build) ignored
[0.427s] Level 1:colcon.colcon_core.package_identification:_identify(install) by extensions ['ignore', 'ignore_ament_install']
[0.427s] Level 1:colcon.colcon_core.package_identification:_identify(install) by extension 'ignore'
[0.427s] Level 1:colcon.colcon_core.package_identification:_identify(install) ignored
[0.427s] Level 1:colcon.colcon_core.package_identification:_identify(log) by extensions ['ignore', 'ignore_ament_install']
[0.428s] Level 1:colcon.colcon_core.package_identification:_identify(log) by extension 'ignore'
[0.428s] Level 1:colcon.colcon_core.package_identification:_identify(log) ignored
[0.428s] Level 1:colcon.colcon_core.package_identification:_identify(purepursuit) by extensions ['ignore', 'ignore_ament_install']
[0.428s] Level 1:colcon.colcon_core.package_identification:_identify(purepursuit) by extension 'ignore'
[0.428s] Level 1:colcon.colcon_core.package_identification:_identify(purepursuit) by extension 'ignore_ament_install'
[0.428s] Level 1:colcon.colcon_core.package_identification:_identify(purepursuit) by extensions ['colcon_pkg']
[0.428s] Level 1:colcon.colcon_core.package_identification:_identify(purepursuit) by extension 'colcon_pkg'
[0.428s] Level 1:colcon.colcon_core.package_identification:_identify(purepursuit) by extensions ['colcon_meta']
[0.428s] Level 1:colcon.colcon_core.package_identification:_identify(purepursuit) by extension 'colcon_meta'
[0.428s] Level 1:colcon.colcon_core.package_identification:_identify(purepursuit) by extensions ['ros']
[0.428s] Level 1:colcon.colcon_core.package_identification:_identify(purepursuit) by extension 'ros'
[0.435s] DEBUG:colcon.colcon_core.package_identification:Package 'purepursuit' with type 'ros.ament_python' and name 'purepursuit'
[0.435s] Level 1:colcon.colcon_core.package_identification:_identify(rosbag2_2024_04_28-14_42_26) by extensions ['ignore', 'ignore_ament_install']
[0.435s] Level 1:colcon.colcon_core.package_identification:_identify(rosbag2_2024_04_28-14_42_26) by extension 'ignore'
[0.435s] Level 1:colcon.colcon_core.package_identification:_identify(rosbag2_2024_04_28-14_42_26) by extension 'ignore_ament_install'
[0.435s] Level 1:colcon.colcon_core.package_identification:_identify(rosbag2_2024_04_28-14_42_26) by extensions ['colcon_pkg']
[0.436s] Level 1:colcon.colcon_core.package_identification:_identify(rosbag2_2024_04_28-14_42_26) by extension 'colcon_pkg'
[0.436s] Level 1:colcon.colcon_core.package_identification:_identify(rosbag2_2024_04_28-14_42_26) by extensions ['colcon_meta']
[0.436s] Level 1:colcon.colcon_core.package_identification:_identify(rosbag2_2024_04_28-14_42_26) by extension 'colcon_meta'
[0.436s] Level 1:colcon.colcon_core.package_identification:_identify(rosbag2_2024_04_28-14_42_26) by extensions ['ros']
[0.436s] Level 1:colcon.colcon_core.package_identification:_identify(rosbag2_2024_04_28-14_42_26) by extension 'ros'
[0.436s] Level 1:colcon.colcon_core.package_identification:_identify(rosbag2_2024_04_28-14_42_26) by extensions ['cmake', 'python']
[0.436s] Level 1:colcon.colcon_core.package_identification:_identify(rosbag2_2024_04_28-14_42_26) by extension 'cmake'
[0.436s] Level 1:colcon.colcon_core.package_identification:_identify(rosbag2_2024_04_28-14_42_26) by extension 'python'
[0.436s] Level 1:colcon.colcon_core.package_identification:_identify(rosbag2_2024_04_28-14_42_26) by extensions ['python_setup_py']
[0.436s] Level 1:colcon.colcon_core.package_identification:_identify(rosbag2_2024_04_28-14_42_26) by extension 'python_setup_py'
[0.436s] Level 1:colcon.colcon_core.package_identification:_identify(rosbag2_2024_04_28-14_43_17) by extensions ['ignore', 'ignore_ament_install']
[0.436s] Level 1:colcon.colcon_core.package_identification:_identify(rosbag2_2024_04_28-14_43_17) by extension 'ignore'
[0.436s] Level 1:colcon.colcon_core.package_identification:_identify(rosbag2_2024_04_28-14_43_17) by extension 'ignore_ament_install'
[0.436s] Level 1:colcon.colcon_core.package_identification:_identify(rosbag2_2024_04_28-14_43_17) by extensions ['colcon_pkg']
[0.436s] Level 1:colcon.colcon_core.package_identification:_identify(rosbag2_2024_04_28-14_43_17) by extension 'colcon_pkg'
[0.436s] Level 1:colcon.colcon_core.package_identification:_identify(rosbag2_2024_04_28-14_43_17) by extensions ['colcon_meta']
[0.436s] Level 1:colcon.colcon_core.package_identification:_identify(rosbag2_2024_04_28-14_43_17) by extension 'colcon_meta'
[0.437s] Level 1:colcon.colcon_core.package_identification:_identify(rosbag2_2024_04_28-14_43_17) by extensions ['ros']
[0.437s] Level 1:colcon.colcon_core.package_identification:_identify(rosbag2_2024_04_28-14_43_17) by extension 'ros'
[0.437s] Level 1:colcon.colcon_core.package_identification:_identify(rosbag2_2024_04_28-14_43_17) by extensions ['cmake', 'python']
[0.437s] Level 1:colcon.colcon_core.package_identification:_identify(rosbag2_2024_04_28-14_43_17) by extension 'cmake'
[0.437s] Level 1:colcon.colcon_core.package_identification:_identify(rosbag2_2024_04_28-14_43_17) by extension 'python'
[0.437s] Level 1:colcon.colcon_core.package_identification:_identify(rosbag2_2024_04_28-14_43_17) by extensions ['python_setup_py']
[0.437s] Level 1:colcon.colcon_core.package_identification:_identify(rosbag2_2024_04_28-14_43_17) by extension 'python_setup_py'
[0.437s] Level 1:colcon.colcon_core.package_identification:_identify(rosbag2_2024_04_28-19_32_35) by extensions ['ignore', 'ignore_ament_install']
[0.437s] Level 1:colcon.colcon_core.package_identification:_identify(rosbag2_2024_04_28-19_32_35) by extension 'ignore'
[0.437s] Level 1:colcon.colcon_core.package_identification:_identify(rosbag2_2024_04_28-19_32_35) by extension 'ignore_ament_install'
[0.437s] Level 1:colcon.colcon_core.package_identification:_identify(rosbag2_2024_04_28-19_32_35) by extensions ['colcon_pkg']
[0.437s] Level 1:colcon.colcon_core.package_identification:_identify(rosbag2_2024_04_28-19_32_35) by extension 'colcon_pkg'
[0.437s] Level 1:colcon.colcon_core.package_identification:_identify(rosbag2_2024_04_28-19_32_35) by extensions ['colcon_meta']
[0.437s] Level 1:colcon.colcon_core.package_identification:_identify(rosbag2_2024_04_28-19_32_35) by extension 'colcon_meta'
[0.437s] Level 1:colcon.colcon_core.package_identification:_identify(rosbag2_2024_04_28-19_32_35) by extensions ['ros']
[0.437s] Level 1:colcon.colcon_core.package_identification:_identify(rosbag2_2024_04_28-19_32_35) by extension 'ros'
[0.438s] Level 1:colcon.colcon_core.package_identification:_identify(rosbag2_2024_04_28-19_32_35) by extensions ['cmake', 'python']
[0.438s] Level 1:colcon.colcon_core.package_identification:_identify(rosbag2_2024_04_28-19_32_35) by extension 'cmake'
[0.438s] Level 1:colcon.colcon_core.package_identification:_identify(rosbag2_2024_04_28-19_32_35) by extension 'python'
[0.438s] Level 1:colcon.colcon_core.package_identification:_identify(rosbag2_2024_04_28-19_32_35) by extensions ['python_setup_py']
[0.438s] Level 1:colcon.colcon_core.package_identification:_identify(rosbag2_2024_04_28-19_32_35) by extension 'python_setup_py'
[0.438s] Level 1:colcon.colcon_core.package_identification:_identify(rosbag2_2024_04_28-19_43_02) by extensions ['ignore', 'ignore_ament_install']
[0.438s] Level 1:colcon.colcon_core.package_identification:_identify(rosbag2_2024_04_28-19_43_02) by extension 'ignore'
[0.438s] Level 1:colcon.colcon_core.package_identification:_identify(rosbag2_2024_04_28-19_43_02) by extension 'ignore_ament_install'
[0.438s] Level 1:colcon.colcon_core.package_identification:_identify(rosbag2_2024_04_28-19_43_02) by extensions ['colcon_pkg']
[0.438s] Level 1:colcon.colcon_core.package_identification:_identify(rosbag2_2024_04_28-19_43_02) by extension 'colcon_pkg'
[0.438s] Level 1:colcon.colcon_core.package_identification:_identify(rosbag2_2024_04_28-19_43_02) by extensions ['colcon_meta']
[0.438s] Level 1:colcon.colcon_core.package_identification:_identify(rosbag2_2024_04_28-19_43_02) by extension 'colcon_meta'
[0.438s] Level 1:colcon.colcon_core.package_identification:_identify(rosbag2_2024_04_28-19_43_02) by extensions ['ros']
[0.438s] Level 1:colcon.colcon_core.package_identification:_identify(rosbag2_2024_04_28-19_43_02) by extension 'ros'
[0.438s] Level 1:colcon.colcon_core.package_identification:_identify(rosbag2_2024_04_28-19_43_02) by extensions ['cmake', 'python']
[0.438s] Level 1:colcon.colcon_core.package_identification:_identify(rosbag2_2024_04_28-19_43_02) by extension 'cmake'
[0.438s] Level 1:colcon.colcon_core.package_identification:_identify(rosbag2_2024_04_28-19_43_02) by extension 'python'
[0.438s] Level 1:colcon.colcon_core.package_identification:_identify(rosbag2_2024_04_28-19_43_02) by extensions ['python_setup_py']
[0.439s] Level 1:colcon.colcon_core.package_identification:_identify(rosbag2_2024_04_28-19_43_02) by extension 'python_setup_py'
[0.439s] Level 1:colcon.colcon_core.package_identification:_identify(rosbag2_2024_04_28-19_55_17) by extensions ['ignore', 'ignore_ament_install']
[0.439s] Level 1:colcon.colcon_core.package_identification:_identify(rosbag2_2024_04_28-19_55_17) by extension 'ignore'
[0.439s] Level 1:colcon.colcon_core.package_identification:_identify(rosbag2_2024_04_28-19_55_17) by extension 'ignore_ament_install'
[0.439s] Level 1:colcon.colcon_core.package_identification:_identify(rosbag2_2024_04_28-19_55_17) by extensions ['colcon_pkg']
[0.439s] Level 1:colcon.colcon_core.package_identification:_identify(rosbag2_2024_04_28-19_55_17) by extension 'colcon_pkg'
[0.439s] Level 1:colcon.colcon_core.package_identification:_identify(rosbag2_2024_04_28-19_55_17) by extensions ['colcon_meta']
[0.439s] Level 1:colcon.colcon_core.package_identification:_identify(rosbag2_2024_04_28-19_55_17) by extension 'colcon_meta'
[0.439s] Level 1:colcon.colcon_core.package_identification:_identify(rosbag2_2024_04_28-19_55_17) by extensions ['ros']
[0.439s] Level 1:colcon.colcon_core.package_identification:_identify(rosbag2_2024_04_28-19_55_17) by extension 'ros'
[0.439s] Level 1:colcon.colcon_core.package_identification:_identify(rosbag2_2024_04_28-19_55_17) by extensions ['cmake', 'python']
[0.439s] Level 1:colcon.colcon_core.package_identification:_identify(rosbag2_2024_04_28-19_55_17) by extension 'cmake'
[0.439s] Level 1:colcon.colcon_core.package_identification:_identify(rosbag2_2024_04_28-19_55_17) by extension 'python'
[0.439s] Level 1:colcon.colcon_core.package_identification:_identify(rosbag2_2024_04_28-19_55_17) by extensions ['python_setup_py']
[0.439s] Level 1:colcon.colcon_core.package_identification:_identify(rosbag2_2024_04_28-19_55_17) by extension 'python_setup_py'
[0.439s] Level 1:colcon.colcon_core.package_identification:_identify(rosbag2_2024_04_28-19_55_32) by extensions ['ignore', 'ignore_ament_install']
[0.440s] Level 1:colcon.colcon_core.package_identification:_identify(rosbag2_2024_04_28-19_55_32) by extension 'ignore'
[0.440s] Level 1:colcon.colcon_core.package_identification:_identify(rosbag2_2024_04_28-19_55_32) by extension 'ignore_ament_install'
[0.440s] Level 1:colcon.colcon_core.package_identification:_identify(rosbag2_2024_04_28-19_55_32) by extensions ['colcon_pkg']
[0.440s] Level 1:colcon.colcon_core.package_identification:_identify(rosbag2_2024_04_28-19_55_32) by extension 'colcon_pkg'
[0.440s] Level 1:colcon.colcon_core.package_identification:_identify(rosbag2_2024_04_28-19_55_32) by extensions ['colcon_meta']
[0.440s] Level 1:colcon.colcon_core.package_identification:_identify(rosbag2_2024_04_28-19_55_32) by extension 'colcon_meta'
[0.440s] Level 1:colcon.colcon_core.package_identification:_identify(rosbag2_2024_04_28-19_55_32) by extensions ['ros']
[0.440s] Level 1:colcon.colcon_core.package_identification:_identify(rosbag2_2024_04_28-19_55_32) by extension 'ros'
[0.440s] Level 1:colcon.colcon_core.package_identification:_identify(rosbag2_2024_04_28-19_55_32) by extensions ['cmake', 'python']
[0.440s] Level 1:colcon.colcon_core.package_identification:_identify(rosbag2_2024_04_28-19_55_32) by extension 'cmake'
[0.440s] Level 1:colcon.colcon_core.package_identification:_identify(rosbag2_2024_04_28-19_55_32) by extension 'python'
[0.440s] Level 1:colcon.colcon_core.package_identification:_identify(rosbag2_2024_04_28-19_55_32) by extensions ['python_setup_py']
[0.440s] Level 1:colcon.colcon_core.package_identification:_identify(rosbag2_2024_04_28-19_55_32) by extension 'python_setup_py'
[0.440s] Level 1:colcon.colcon_core.package_discovery:discover_packages(recursive) using defaults
[0.440s] Level 1:colcon.colcon_core.package_discovery:discover_packages(ignore) discover
[0.440s] Level 1:colcon.colcon_core.package_discovery:discover_packages(ignore) using defaults
[0.440s] Level 1:colcon.colcon_core.package_discovery:discover_packages(path) discover
[0.440s] Level 1:colcon.colcon_core.package_discovery:discover_packages(path) using defaults
[0.501s] Level 1:colcon.colcon_core.package_discovery:discover_packages(prefix_path) check parameters
[0.501s] Level 1:colcon.colcon_core.package_discovery:discover_packages(prefix_path) discover
[0.503s] DEBUG:colcon.colcon_installed_package_information.package_discovery:Found 1 installed packages in /home/anavale/ros2_ws1/src/install
[0.504s] DEBUG:colcon.colcon_installed_package_information.package_discovery:Found 3 installed packages in /home/anavale/ros2_utilities_ws/install
[0.506s] DEBUG:colcon.colcon_installed_package_information.package_discovery:Found 270 installed packages in /opt/ros/humble
[0.507s] Level 1:colcon.colcon_core.package_discovery:discover_packages(prefix_path) using defaults
[0.558s] Level 5:colcon.colcon_core.verb:set package 'purepursuit' build argument 'cmake_args' from command line to 'None'
[0.558s] Level 5:colcon.colcon_core.verb:set package 'purepursuit' build argument 'cmake_target' from command line to 'None'
[0.558s] Level 5:colcon.colcon_core.verb:set package 'purepursuit' build argument 'cmake_target_skip_unavailable' from command line to 'False'
[0.558s] Level 5:colcon.colcon_core.verb:set package 'purepursuit' build argument 'cmake_clean_cache' from command line to 'False'
[0.558s] Level 5:colcon.colcon_core.verb:set package 'purepursuit' build argument 'cmake_clean_first' from command line to 'False'
[0.558s] Level 5:colcon.colcon_core.verb:set package 'purepursuit' build argument 'cmake_force_configure' from command line to 'False'
[0.558s] Level 5:colcon.colcon_core.verb:set package 'purepursuit' build argument 'ament_cmake_args' from command line to 'None'
[0.558s] Level 5:colcon.colcon_core.verb:set package 'purepursuit' build argument 'catkin_cmake_args' from command line to 'None'
[0.558s] Level 5:colcon.colcon_core.verb:set package 'purepursuit' build argument 'catkin_skip_building_tests' from command line to 'False'
[0.558s] DEBUG:colcon.colcon_core.verb:Building package 'purepursuit' with the following arguments: {'ament_cmake_args': None, 'build_base': '/home/anavale/ros2_ws1/src/build/purepursuit', 'catkin_cmake_args': None, 'catkin_skip_building_tests': False, 'cmake_args': None, 'cmake_clean_cache': False, 'cmake_clean_first': False, 'cmake_force_configure': False, 'cmake_target': None, 'cmake_target_skip_unavailable': False, 'install_base': '/home/anavale/ros2_ws1/src/install/purepursuit', 'merge_install': False, 'path': '/home/anavale/ros2_ws1/src/purepursuit', 'symlink_install': False, 'test_result_base': None}
[0.558s] INFO:colcon.colcon_core.executor:Executing jobs using 'parallel' executor
[0.560s] DEBUG:colcon.colcon_parallel_executor.executor.parallel:run_until_complete
[0.560s] INFO:colcon.colcon_ros.task.ament_python.build:Building ROS package in '/home/anavale/ros2_ws1/src/purepursuit' with build type 'ament_python'
[0.561s] Level 1:colcon.colcon_core.shell:create_environment_hook('purepursuit', 'ament_prefix_path')
[0.565s] INFO:colcon.colcon_core.plugin_system:Skipping extension 'colcon_core.shell.bat': Not used on non-Windows systems
[0.565s] INFO:colcon.colcon_core.shell:Creating environment hook '/home/anavale/ros2_ws1/src/install/purepursuit/share/purepursuit/hook/ament_prefix_path.ps1'
[0.566s] INFO:colcon.colcon_core.shell:Creating environment descriptor '/home/anavale/ros2_ws1/src/install/purepursuit/share/purepursuit/hook/ament_prefix_path.dsv'
[0.566s] INFO:colcon.colcon_core.shell:Creating environment hook '/home/anavale/ros2_ws1/src/install/purepursuit/share/purepursuit/hook/ament_prefix_path.sh'
[0.567s] INFO:colcon.colcon_core.shell:Skip shell extension 'powershell' for command environment: Not usable outside of PowerShell
[0.568s] DEBUG:colcon.colcon_core.shell:Skip shell extension 'dsv' for command environment
[0.961s] INFO:colcon.colcon_core.task.python.build:Building Python package in '/home/anavale/ros2_ws1/src/purepursuit'
[0.962s] INFO:colcon.colcon_core.shell:Skip shell extension 'powershell' for command environment: Not usable outside of PowerShell
[0.962s] DEBUG:colcon.colcon_core.shell:Skip shell extension 'dsv' for command environment
[1.483s] DEBUG:colcon.colcon_core.event_handler.log_command:Invoking command in '/home/anavale/ros2_ws1/src/purepursuit': PYTHONPATH=/home/anavale/ros2_ws1/src/build/purepursuit/prefix_override:/home/anavale/ros2_ws1/src/install/purepursuit/lib/python3.10/site-packages:${PYTHONPATH} /usr/bin/python3 -W ignore:setup.py install is deprecated setup.py egg_info --egg-base ../build/purepursuit build --build-base /home/anavale/ros2_ws1/src/build/purepursuit/build install --record /home/anavale/ros2_ws1/src/build/purepursuit/install.log --single-version-externally-managed install_data
[1.875s] DEBUG:colcon.colcon_core.event_handler.log_command:Invoked command in '/home/anavale/ros2_ws1/src/purepursuit' returned '0': PYTHONPATH=/home/anavale/ros2_ws1/src/build/purepursuit/prefix_override:/home/anavale/ros2_ws1/src/install/purepursuit/lib/python3.10/site-packages:${PYTHONPATH} /usr/bin/python3 -W ignore:setup.py install is deprecated setup.py egg_info --egg-base ../build/purepursuit build --build-base /home/anavale/ros2_ws1/src/build/purepursuit/build install --record /home/anavale/ros2_ws1/src/build/purepursuit/install.log --single-version-externally-managed install_data
[1.880s] Level 1:colcon.colcon_core.environment:checking '/home/anavale/ros2_ws1/src/install/purepursuit' for CMake module files
[1.881s] Level 1:colcon.colcon_core.environment:checking '/home/anavale/ros2_ws1/src/install/purepursuit' for CMake config files
[1.882s] Level 1:colcon.colcon_core.environment:checking '/home/anavale/ros2_ws1/src/install/purepursuit/lib'
[1.883s] Level 1:colcon.colcon_core.environment:checking '/home/anavale/ros2_ws1/src/install/purepursuit/bin'
[1.883s] Level 1:colcon.colcon_core.environment:checking '/home/anavale/ros2_ws1/src/install/purepursuit/lib/pkgconfig/purepursuit.pc'
[1.883s] Level 1:colcon.colcon_core.environment:checking '/home/anavale/ros2_ws1/src/install/purepursuit/lib/python3.10/site-packages'
[1.883s] Level 1:colcon.colcon_core.shell:create_environment_hook('purepursuit', 'pythonpath')
[1.884s] INFO:colcon.colcon_core.shell:Creating environment hook '/home/anavale/ros2_ws1/src/install/purepursuit/share/purepursuit/hook/pythonpath.ps1'
[1.885s] INFO:colcon.colcon_core.shell:Creating environment descriptor '/home/anavale/ros2_ws1/src/install/purepursuit/share/purepursuit/hook/pythonpath.dsv'
[1.885s] INFO:colcon.colcon_core.shell:Creating environment hook '/home/anavale/ros2_ws1/src/install/purepursuit/share/purepursuit/hook/pythonpath.sh'
[1.886s] Level 1:colcon.colcon_core.environment:checking '/home/anavale/ros2_ws1/src/install/purepursuit/bin'
[1.886s] Level 1:colcon.colcon_core.environment:create_environment_scripts_only(purepursuit)
[1.887s] INFO:colcon.colcon_core.shell:Creating package script '/home/anavale/ros2_ws1/src/install/purepursuit/share/purepursuit/package.ps1'
[1.889s] INFO:colcon.colcon_core.shell:Creating package descriptor '/home/anavale/ros2_ws1/src/install/purepursuit/share/purepursuit/package.dsv'
[1.890s] INFO:colcon.colcon_core.shell:Creating package script '/home/anavale/ros2_ws1/src/install/purepursuit/share/purepursuit/package.sh'
[1.892s] INFO:colcon.colcon_core.shell:Creating package script '/home/anavale/ros2_ws1/src/install/purepursuit/share/purepursuit/package.bash'
[1.893s] INFO:colcon.colcon_core.shell:Creating package script '/home/anavale/ros2_ws1/src/install/purepursuit/share/purepursuit/package.zsh'
[1.895s] Level 1:colcon.colcon_core.environment:create_file_with_runtime_dependencies(/home/anavale/ros2_ws1/src/install/purepursuit/share/colcon-core/packages/purepursuit)
[1.895s] DEBUG:colcon.colcon_parallel_executor.executor.parallel:closing loop
[1.896s] DEBUG:colcon.colcon_parallel_executor.executor.parallel:loop closed
[1.896s] DEBUG:colcon.colcon_parallel_executor.executor.parallel:run_until_complete finished with '0'
[1.896s] DEBUG:colcon.colcon_core.event_reactor:joining thread
[1.903s] INFO:colcon.colcon_core.plugin_system:Skipping extension 'colcon_notification.desktop_notification.terminal_notifier': Not used on non-Darwin systems
[1.903s] INFO:colcon.colcon_core.plugin_system:Skipping extension 'colcon_notification.desktop_notification.win32': Not used on non-Windows systems
[1.903s] INFO:colcon.colcon_notification.desktop_notification:Sending desktop notification using 'notify2'
[1.928s] DEBUG:colcon.colcon_core.event_reactor:joined thread
[1.929s] INFO:colcon.colcon_core.shell:Creating prefix script '/home/anavale/ros2_ws1/src/install/local_setup.ps1'
[1.931s] INFO:colcon.colcon_core.shell:Creating prefix util module '/home/anavale/ros2_ws1/src/install/_local_setup_util_ps1.py'
[1.932s] INFO:colcon.colcon_core.shell:Creating prefix chain script '/home/anavale/ros2_ws1/src/install/setup.ps1'
[1.934s] INFO:colcon.colcon_core.shell:Creating prefix script '/home/anavale/ros2_ws1/src/install/local_setup.sh'
[1.934s] INFO:colcon.colcon_core.shell:Creating prefix util module '/home/anavale/ros2_ws1/src/install/_local_setup_util_sh.py'
[1.935s] INFO:colcon.colcon_core.shell:Creating prefix chain script '/home/anavale/ros2_ws1/src/install/setup.sh'
[1.936s] INFO:colcon.colcon_core.shell:Creating prefix script '/home/anavale/ros2_ws1/src/install/local_setup.bash'
[1.937s] INFO:colcon.colcon_core.shell:Creating prefix chain script '/home/anavale/ros2_ws1/src/install/setup.bash'
[1.938s] INFO:colcon.colcon_core.shell:Creating prefix script '/home/anavale/ros2_ws1/src/install/local_setup.zsh'
[1.939s] INFO:colcon.colcon_core.shell:Creating prefix chain script '/home/anavale/ros2_ws1/src/install/setup.zsh'
