[0.925s] Invoking command in '/home/anavale/ros2_ws1/src/purepursuit': PYTHONPATH=/home/anavale/ros2_ws1/src/build/purepursuit/prefix_override:/home/anavale/ros2_ws1/src/install/purepursuit/lib/python3.10/site-packages:${PYTHONPATH} /usr/bin/python3 -W ignore:setup.py install is deprecated setup.py egg_info --egg-base ../build/purepursuit build --build-base /home/anavale/ros2_ws1/src/build/purepursuit/build install --record /home/anavale/ros2_ws1/src/build/purepursuit/install.log --single-version-externally-managed install_data
[1.222s] running egg_info
[1.223s] writing ../build/purepursuit/purepursuit.egg-info/PKG-INFO
[1.223s] writing dependency_links to ../build/purepursuit/purepursuit.egg-info/dependency_links.txt
[1.223s] writing entry points to ../build/purepursuit/purepursuit.egg-info/entry_points.txt
[1.224s] writing requirements to ../build/purepursuit/purepursuit.egg-info/requires.txt
[1.224s] writing top-level names to ../build/purepursuit/purepursuit.egg-info/top_level.txt
[1.226s] reading manifest file '../build/purepursuit/purepursuit.egg-info/SOURCES.txt'
[1.226s] adding license file 'LICENSE'
[1.227s] writing manifest file '../build/purepursuit/purepursuit.egg-info/SOURCES.txt'
[1.227s] running build
[1.228s] running build_py
[1.228s] running install
[1.228s] running install_lib
[1.229s] running install_data
[1.229s] running install_egg_info
[1.231s] removing '/home/anavale/ros2_ws1/src/install/purepursuit/lib/python3.10/site-packages/purepursuit-0.0.0-py3.10.egg-info' (and everything under it)
[1.232s] Copying ../build/purepursuit/purepursuit.egg-info to /home/anavale/ros2_ws1/src/install/purepursuit/lib/python3.10/site-packages/purepursuit-0.0.0-py3.10.egg-info
[1.233s] running install_scripts
[1.258s] Installing purepursuit script to /home/anavale/ros2_ws1/src/install/purepursuit/lib/purepursuit
[1.258s] writing list of installed files to '/home/anavale/ros2_ws1/src/build/purepursuit/install.log'
[1.291s] Invoked command in '/home/anavale/ros2_ws1/src/purepursuit' returned '0': PYTHONPATH=/home/anavale/ros2_ws1/src/build/purepursuit/prefix_override:/home/anavale/ros2_ws1/src/install/purepursuit/lib/python3.10/site-packages:${PYTHONPATH} /usr/bin/python3 -W ignore:setup.py install is deprecated setup.py egg_info --egg-base ../build/purepursuit build --build-base /home/anavale/ros2_ws1/src/build/purepursuit/build install --record /home/anavale/ros2_ws1/src/build/purepursuit/install.log --single-version-externally-managed install_data
