[0.569s] Invoking command in '/home/anavale/ros2_ws1/src/purepursuit': PYTHONPATH=/home/anavale/ros2_ws1/src/build/purepursuit/prefix_override:/home/anavale/ros2_ws1/src/install/purepursuit/lib/python3.10/site-packages:${PYTHONPATH} /usr/bin/python3 -W ignore:setup.py install is deprecated setup.py egg_info --egg-base ../build/purepursuit build --build-base /home/anavale/ros2_ws1/src/build/purepursuit/build install --record /home/anavale/ros2_ws1/src/build/purepursuit/install.log --single-version-externally-managed install_data
[0.752s] running egg_info
[0.752s] creating ../build/purepursuit/purepursuit.egg-info
[0.753s] writing ../build/purepursuit/purepursuit.egg-info/PKG-INFO
[0.753s] writing dependency_links to ../build/purepursuit/purepursuit.egg-info/dependency_links.txt
[0.753s] writing entry points to ../build/purepursuit/purepursuit.egg-info/entry_points.txt
[0.753s] writing requirements to ../build/purepursuit/purepursuit.egg-info/requires.txt
[0.754s] writing top-level names to ../build/purepursuit/purepursuit.egg-info/top_level.txt
[0.754s] writing manifest file '../build/purepursuit/purepursuit.egg-info/SOURCES.txt'
[0.755s] reading manifest file '../build/purepursuit/purepursuit.egg-info/SOURCES.txt'
[0.755s] adding license file 'LICENSE'
[0.755s] writing manifest file '../build/purepursuit/purepursuit.egg-info/SOURCES.txt'
[0.756s] running build
[0.756s] running build_py
[0.756s] creating /home/anavale/ros2_ws1/src/build/purepursuit/build
[0.756s] creating /home/anavale/ros2_ws1/src/build/purepursuit/build/lib
[0.756s] creating /home/anavale/ros2_ws1/src/build/purepursuit/build/lib/purepursuit
[0.756s] copying purepursuit/__init__.py -> /home/anavale/ros2_ws1/src/build/purepursuit/build/lib/purepursuit
[0.756s] copying purepursuit/purepursuit.py -> /home/anavale/ros2_ws1/src/build/purepursuit/build/lib/purepursuit
[0.757s] running install
[0.757s] running install_lib
[0.757s] creating /home/anavale/ros2_ws1/src/install/purepursuit/lib/python3.10/site-packages/purepursuit
[0.757s] copying /home/anavale/ros2_ws1/src/build/purepursuit/build/lib/purepursuit/__init__.py -> /home/anavale/ros2_ws1/src/install/purepursuit/lib/python3.10/site-packages/purepursuit
[0.757s] copying /home/anavale/ros2_ws1/src/build/purepursuit/build/lib/purepursuit/purepursuit.py -> /home/anavale/ros2_ws1/src/install/purepursuit/lib/python3.10/site-packages/purepursuit
[0.757s] byte-compiling /home/anavale/ros2_ws1/src/install/purepursuit/lib/python3.10/site-packages/purepursuit/__init__.py to __init__.cpython-310.pyc
[0.758s] byte-compiling /home/anavale/ros2_ws1/src/install/purepursuit/lib/python3.10/site-packages/purepursuit/purepursuit.py to purepursuit.cpython-310.pyc
[0.758s] running install_data
[0.758s] creating /home/anavale/ros2_ws1/src/install/purepursuit/share/ament_index
[0.758s] creating /home/anavale/ros2_ws1/src/install/purepursuit/share/ament_index/resource_index
[0.758s] creating /home/anavale/ros2_ws1/src/install/purepursuit/share/ament_index/resource_index/packages
[0.758s] copying resource/purepursuit -> /home/anavale/ros2_ws1/src/install/purepursuit/share/ament_index/resource_index/packages
[0.758s] copying package.xml -> /home/anavale/ros2_ws1/src/install/purepursuit/share/purepursuit
[0.758s] running install_egg_info
[0.759s] Copying ../build/purepursuit/purepursuit.egg-info to /home/anavale/ros2_ws1/src/install/purepursuit/lib/python3.10/site-packages/purepursuit-0.0.0-py3.10.egg-info
[0.760s] running install_scripts
[0.777s] Installing purepursuit script to /home/anavale/ros2_ws1/src/install/purepursuit/lib/purepursuit
[0.777s] writing list of installed files to '/home/anavale/ros2_ws1/src/build/purepursuit/install.log'
[0.802s] Invoked command in '/home/anavale/ros2_ws1/src/purepursuit' returned '0': PYTHONPATH=/home/anavale/ros2_ws1/src/build/purepursuit/prefix_override:/home/anavale/ros2_ws1/src/install/purepursuit/lib/python3.10/site-packages:${PYTHONPATH} /usr/bin/python3 -W ignore:setup.py install is deprecated setup.py egg_info --egg-base ../build/purepursuit build --build-base /home/anavale/ros2_ws1/src/build/purepursuit/build install --record /home/anavale/ros2_ws1/src/build/purepursuit/install.log --single-version-externally-managed install_data
