[0.148s] DEBUG:colcon:Command line arguments: ['/usr/bin/colcon', 'build']
[0.148s] DEBUG:colcon:Parsed command line arguments: Namespace(log_base=None, log_level=None, verb_name='build', build_base='build', install_base='install', merge_install=False, symlink_install=False, test_result_base=None, continue_on_error=False, executor='parallel', parallel_workers=16, event_handlers=None, ignore_user_meta=False, metas=['./colcon.meta'], base_paths=['.'], packages_ignore=None, packages_ignore_regex=None, paths=None, packages_up_to=None, packages_up_to_regex=None, packages_above=None, packages_above_and_dependencies=None, packages_above_depth=None, packages_select_by_dep=None, packages_skip_by_dep=None, packages_skip_up_to=None, packages_select_build_failed=False, packages_skip_build_finished=False, packages_select_test_failures=False, packages_skip_test_passed=False, packages_select=None, packages_skip=None, packages_select_regex=None, packages_skip_regex=None, packages_start=None, packages_end=None, allow_overriding=[], cmake_args=None, cmake_target=None, cmake_target_skip_unavailable=False, cmake_clean_cache=False, cmake_clean_first=False, cmake_force_configure=False, ament_cmake_args=None, catkin_cmake_args=None, catkin_skip_building_tests=False, mixin_files=None, mixin=None, verb_parser=<colcon_mixin.mixin.mixin_argument.MixinArgumentDecorator object at 0x777fe742ea70>, verb_extension=<colcon_core.verb.build.BuildVerb object at 0x777fe742e4a0>, main=<bound method BuildVerb.main of <colcon_core.verb.build.BuildVerb object at 0x777fe742e4a0>>, mixin_verb=('build',))
[0.386s] Level 1:colcon.colcon_core.package_discovery:discover_packages(colcon_meta) check parameters
[0.386s] Level 1:colcon.colcon_core.package_discovery:discover_packages(recursive) check parameters
[0.386s] Level 1:colcon.colcon_core.package_discovery:discover_packages(ignore) check parameters
[0.386s] Level 1:colcon.colcon_core.package_discovery:discover_packages(path) check parameters
[0.386s] Level 1:colcon.colcon_core.package_discovery:discover_packages(colcon_meta) discover
[0.386s] Level 1:colcon.colcon_core.package_discovery:discover_packages(recursive) discover
[0.386s] INFO:colcon.colcon_core.package_discovery:Crawling recursively for packages in '/home/anavale/ros2_ws1/src'
[0.386s] Level 1:colcon.colcon_core.package_identification:_identify(.) by extensions ['ignore', 'ignore_ament_install']
[0.387s] Level 1:colcon.colcon_core.package_identification:_identify(.) by extension 'ignore'
[0.387s] Level 1:colcon.colcon_core.package_identification:_identify(.) by extension 'ignore_ament_install'
[0.387s] Level 1:colcon.colcon_core.package_identification:_identify(.) by extensions ['colcon_pkg']
[0.387s] Level 1:colcon.colcon_core.package_identification:_identify(.) by extension 'colcon_pkg'
[0.387s] Level 1:colcon.colcon_core.package_identification:_identify(.) by extensions ['colcon_meta']
[0.387s] Level 1:colcon.colcon_core.package_identification:_identify(.) by extension 'colcon_meta'
[0.387s] Level 1:colcon.colcon_core.package_identification:_identify(.) by extensions ['ros']
[0.387s] Level 1:colcon.colcon_core.package_identification:_identify(.) by extension 'ros'
[0.403s] Level 1:colcon.colcon_core.package_identification:_identify(.) by extensions ['cmake', 'python']
[0.403s] Level 1:colcon.colcon_core.package_identification:_identify(.) by extension 'cmake'
[0.403s] Level 1:colcon.colcon_core.package_identification:_identify(.) by extension 'python'
[0.403s] Level 1:colcon.colcon_core.package_identification:_identify(.) by extensions ['python_setup_py']
[0.403s] Level 1:colcon.colcon_core.package_identification:_identify(.) by extension 'python_setup_py'
[0.403s] Level 1:colcon.colcon_core.package_identification:_identify(build) by extensions ['ignore', 'ignore_ament_install']
[0.403s] Level 1:colcon.colcon_core.package_identification:_identify(build) by extension 'ignore'
[0.404s] Level 1:colcon.colcon_core.package_identification:_identify(build) ignored
[0.404s] Level 1:colcon.colcon_core.package_identification:_identify(install) by extensions ['ignore', 'ignore_ament_install']
[0.404s] Level 1:colcon.colcon_core.package_identification:_identify(install) by extension 'ignore'
[0.404s] Level 1:colcon.colcon_core.package_identification:_identify(install) ignored
[0.404s] Level 1:colcon.colcon_core.package_identification:_identify(log) by extensions ['ignore', 'ignore_ament_install']
[0.404s] Level 1:colcon.colcon_core.package_identification:_identify(log) by extension 'ignore'
[0.404s] Level 1:colcon.colcon_core.package_identification:_identify(log) ignored
[0.404s] Level 1:colcon.colcon_core.package_identification:_identify(purepursuit) by extensions ['ignore', 'ignore_ament_install']
[0.405s] Level 1:colcon.colcon_core.package_identification:_identify(purepursuit) by extension 'ignore'
[0.405s] Level 1:colcon.colcon_core.package_identification:_identify(purepursuit) by extension 'ignore_ament_install'
[0.405s] Level 1:colcon.colcon_core.package_identification:_identify(purepursuit) by extensions ['colcon_pkg']
[0.405s] Level 1:colcon.colcon_core.package_identification:_identify(purepursuit) by extension 'colcon_pkg'
[0.405s] Level 1:colcon.colcon_core.package_identification:_identify(purepursuit) by extensions ['colcon_meta']
[0.405s] Level 1:colcon.colcon_core.package_identification:_identify(purepursuit) by extension 'colcon_meta'
[0.405s] Level 1:colcon.colcon_core.package_identification:_identify(purepursuit) by extensions ['ros']
[0.405s] Level 1:colcon.colcon_core.package_identification:_identify(purepursuit) by extension 'ros'
[0.411s] DEBUG:colcon.colcon_core.package_identification:Package 'purepursuit' with type 'ros.ament_python' and name 'purepursuit'
[0.412s] Level 1:colcon.colcon_core.package_identification:_identify(rosbag2_2024_04_30-02_06_25) by extensions ['ignore', 'ignore_ament_install']
[0.412s] Level 1:colcon.colcon_core.package_identification:_identify(rosbag2_2024_04_30-02_06_25) by extension 'ignore'
[0.412s] Level 1:colcon.colcon_core.package_identification:_identify(rosbag2_2024_04_30-02_06_25) by extension 'ignore_ament_install'
[0.412s] Level 1:colcon.colcon_core.package_identification:_identify(rosbag2_2024_04_30-02_06_25) by extensions ['colcon_pkg']
[0.412s] Level 1:colcon.colcon_core.package_identification:_identify(rosbag2_2024_04_30-02_06_25) by extension 'colcon_pkg'
[0.412s] Level 1:colcon.colcon_core.package_identification:_identify(rosbag2_2024_04_30-02_06_25) by extensions ['colcon_meta']
[0.412s] Level 1:colcon.colcon_core.package_identification:_identify(rosbag2_2024_04_30-02_06_25) by extension 'colcon_meta'
[0.412s] Level 1:colcon.colcon_core.package_identification:_identify(rosbag2_2024_04_30-02_06_25) by extensions ['ros']
[0.412s] Level 1:colcon.colcon_core.package_identification:_identify(rosbag2_2024_04_30-02_06_25) by extension 'ros'
[0.412s] Level 1:colcon.colcon_core.package_identification:_identify(rosbag2_2024_04_30-02_06_25) by extensions ['cmake', 'python']
[0.412s] Level 1:colcon.colcon_core.package_identification:_identify(rosbag2_2024_04_30-02_06_25) by extension 'cmake'
[0.412s] Level 1:colcon.colcon_core.package_identification:_identify(rosbag2_2024_04_30-02_06_25) by extension 'python'
[0.413s] Level 1:colcon.colcon_core.package_identification:_identify(rosbag2_2024_04_30-02_06_25) by extensions ['python_setup_py']
[0.413s] Level 1:colcon.colcon_core.package_identification:_identify(rosbag2_2024_04_30-02_06_25) by extension 'python_setup_py'
[0.413s] Level 1:colcon.colcon_core.package_identification:_identify(rosbag2_2024_04_30-02_08_16) by extensions ['ignore', 'ignore_ament_install']
[0.413s] Level 1:colcon.colcon_core.package_identification:_identify(rosbag2_2024_04_30-02_08_16) by extension 'ignore'
[0.413s] Level 1:colcon.colcon_core.package_identification:_identify(rosbag2_2024_04_30-02_08_16) by extension 'ignore_ament_install'
[0.413s] Level 1:colcon.colcon_core.package_identification:_identify(rosbag2_2024_04_30-02_08_16) by extensions ['colcon_pkg']
[0.413s] Level 1:colcon.colcon_core.package_identification:_identify(rosbag2_2024_04_30-02_08_16) by extension 'colcon_pkg'
[0.413s] Level 1:colcon.colcon_core.package_identification:_identify(rosbag2_2024_04_30-02_08_16) by extensions ['colcon_meta']
[0.413s] Level 1:colcon.colcon_core.package_identification:_identify(rosbag2_2024_04_30-02_08_16) by extension 'colcon_meta'
[0.413s] Level 1:colcon.colcon_core.package_identification:_identify(rosbag2_2024_04_30-02_08_16) by extensions ['ros']
[0.413s] Level 1:colcon.colcon_core.package_identification:_identify(rosbag2_2024_04_30-02_08_16) by extension 'ros'
[0.413s] Level 1:colcon.colcon_core.package_identification:_identify(rosbag2_2024_04_30-02_08_16) by extensions ['cmake', 'python']
[0.413s] Level 1:colcon.colcon_core.package_identification:_identify(rosbag2_2024_04_30-02_08_16) by extension 'cmake'
[0.413s] Level 1:colcon.colcon_core.package_identification:_identify(rosbag2_2024_04_30-02_08_16) by extension 'python'
[0.413s] Level 1:colcon.colcon_core.package_identification:_identify(rosbag2_2024_04_30-02_08_16) by extensions ['python_setup_py']
[0.413s] Level 1:colcon.colcon_core.package_identification:_identify(rosbag2_2024_04_30-02_08_16) by extension 'python_setup_py'
[0.414s] Level 1:colcon.colcon_core.package_identification:_identify(rosbag2_2024_04_30-02_16_58) by extensions ['ignore', 'ignore_ament_install']
[0.414s] Level 1:colcon.colcon_core.package_identification:_identify(rosbag2_2024_04_30-02_16_58) by extension 'ignore'
[0.414s] Level 1:colcon.colcon_core.package_identification:_identify(rosbag2_2024_04_30-02_16_58) by extension 'ignore_ament_install'
[0.414s] Level 1:colcon.colcon_core.package_identification:_identify(rosbag2_2024_04_30-02_16_58) by extensions ['colcon_pkg']
[0.414s] Level 1:colcon.colcon_core.package_identification:_identify(rosbag2_2024_04_30-02_16_58) by extension 'colcon_pkg'
[0.414s] Level 1:colcon.colcon_core.package_identification:_identify(rosbag2_2024_04_30-02_16_58) by extensions ['colcon_meta']
[0.414s] Level 1:colcon.colcon_core.package_identification:_identify(rosbag2_2024_04_30-02_16_58) by extension 'colcon_meta'
[0.414s] Level 1:colcon.colcon_core.package_identification:_identify(rosbag2_2024_04_30-02_16_58) by extensions ['ros']
[0.414s] Level 1:colcon.colcon_core.package_identification:_identify(rosbag2_2024_04_30-02_16_58) by extension 'ros'
[0.414s] Level 1:colcon.colcon_core.package_identification:_identify(rosbag2_2024_04_30-02_16_58) by extensions ['cmake', 'python']
[0.414s] Level 1:colcon.colcon_core.package_identification:_identify(rosbag2_2024_04_30-02_16_58) by extension 'cmake'
[0.414s] Level 1:colcon.colcon_core.package_identification:_identify(rosbag2_2024_04_30-02_16_58) by extension 'python'
[0.414s] Level 1:colcon.colcon_core.package_identification:_identify(rosbag2_2024_04_30-02_16_58) by extensions ['python_setup_py']
[0.414s] Level 1:colcon.colcon_core.package_identification:_identify(rosbag2_2024_04_30-02_16_58) by extension 'python_setup_py'
[0.414s] Level 1:colcon.colcon_core.package_identification:_identify(rosbag2_2024_04_30-02_27_05) by extensions ['ignore', 'ignore_ament_install']
[0.415s] Level 1:colcon.colcon_core.package_identification:_identify(rosbag2_2024_04_30-02_27_05) by extension 'ignore'
[0.415s] Level 1:colcon.colcon_core.package_identification:_identify(rosbag2_2024_04_30-02_27_05) by extension 'ignore_ament_install'
[0.415s] Level 1:colcon.colcon_core.package_identification:_identify(rosbag2_2024_04_30-02_27_05) by extensions ['colcon_pkg']
[0.415s] Level 1:colcon.colcon_core.package_identification:_identify(rosbag2_2024_04_30-02_27_05) by extension 'colcon_pkg'
[0.415s] Level 1:colcon.colcon_core.package_identification:_identify(rosbag2_2024_04_30-02_27_05) by extensions ['colcon_meta']
[0.415s] Level 1:colcon.colcon_core.package_identification:_identify(rosbag2_2024_04_30-02_27_05) by extension 'colcon_meta'
[0.415s] Level 1:colcon.colcon_core.package_identification:_identify(rosbag2_2024_04_30-02_27_05) by extensions ['ros']
[0.415s] Level 1:colcon.colcon_core.package_identification:_identify(rosbag2_2024_04_30-02_27_05) by extension 'ros'
[0.415s] Level 1:colcon.colcon_core.package_identification:_identify(rosbag2_2024_04_30-02_27_05) by extensions ['cmake', 'python']
[0.415s] Level 1:colcon.colcon_core.package_identification:_identify(rosbag2_2024_04_30-02_27_05) by extension 'cmake'
[0.415s] Level 1:colcon.colcon_core.package_identification:_identify(rosbag2_2024_04_30-02_27_05) by extension 'python'
[0.415s] Level 1:colcon.colcon_core.package_identification:_identify(rosbag2_2024_04_30-02_27_05) by extensions ['python_setup_py']
[0.415s] Level 1:colcon.colcon_core.package_identification:_identify(rosbag2_2024_04_30-02_27_05) by extension 'python_setup_py'
[0.415s] Level 1:colcon.colcon_core.package_identification:_identify(rosbag2_2024_04_30-18_34_05) by extensions ['ignore', 'ignore_ament_install']
[0.415s] Level 1:colcon.colcon_core.package_identification:_identify(rosbag2_2024_04_30-18_34_05) by extension 'ignore'
[0.415s] Level 1:colcon.colcon_core.package_identification:_identify(rosbag2_2024_04_30-18_34_05) by extension 'ignore_ament_install'
[0.416s] Level 1:colcon.colcon_core.package_identification:_identify(rosbag2_2024_04_30-18_34_05) by extensions ['colcon_pkg']
[0.416s] Level 1:colcon.colcon_core.package_identification:_identify(rosbag2_2024_04_30-18_34_05) by extension 'colcon_pkg'
[0.416s] Level 1:colcon.colcon_core.package_identification:_identify(rosbag2_2024_04_30-18_34_05) by extensions ['colcon_meta']
[0.416s] Level 1:colcon.colcon_core.package_identification:_identify(rosbag2_2024_04_30-18_34_05) by extension 'colcon_meta'
[0.416s] Level 1:colcon.colcon_core.package_identification:_identify(rosbag2_2024_04_30-18_34_05) by extensions ['ros']
[0.416s] Level 1:colcon.colcon_core.package_identification:_identify(rosbag2_2024_04_30-18_34_05) by extension 'ros'
[0.416s] Level 1:colcon.colcon_core.package_identification:_identify(rosbag2_2024_04_30-18_34_05) by extensions ['cmake', 'python']
[0.416s] Level 1:colcon.colcon_core.package_identification:_identify(rosbag2_2024_04_30-18_34_05) by extension 'cmake'
[0.416s] Level 1:colcon.colcon_core.package_identification:_identify(rosbag2_2024_04_30-18_34_05) by extension 'python'
[0.416s] Level 1:colcon.colcon_core.package_identification:_identify(rosbag2_2024_04_30-18_34_05) by extensions ['python_setup_py']
[0.416s] Level 1:colcon.colcon_core.package_identification:_identify(rosbag2_2024_04_30-18_34_05) by extension 'python_setup_py'
[0.416s] Level 1:colcon.colcon_core.package_identification:_identify(rosbag2_2024_04_30-18_35_30) by extensions ['ignore', 'ignore_ament_install']
[0.416s] Level 1:colcon.colcon_core.package_identification:_identify(rosbag2_2024_04_30-18_35_30) by extension 'ignore'
[0.416s] Level 1:colcon.colcon_core.package_identification:_identify(rosbag2_2024_04_30-18_35_30) by extension 'ignore_ament_install'
[0.416s] Level 1:colcon.colcon_core.package_identification:_identify(rosbag2_2024_04_30-18_35_30) by extensions ['colcon_pkg']
[0.416s] Level 1:colcon.colcon_core.package_identification:_identify(rosbag2_2024_04_30-18_35_30) by extension 'colcon_pkg'
[0.417s] Level 1:colcon.colcon_core.package_identification:_identify(rosbag2_2024_04_30-18_35_30) by extensions ['colcon_meta']
[0.417s] Level 1:colcon.colcon_core.package_identification:_identify(rosbag2_2024_04_30-18_35_30) by extension 'colcon_meta'
[0.417s] Level 1:colcon.colcon_core.package_identification:_identify(rosbag2_2024_04_30-18_35_30) by extensions ['ros']
[0.417s] Level 1:colcon.colcon_core.package_identification:_identify(rosbag2_2024_04_30-18_35_30) by extension 'ros'
[0.417s] Level 1:colcon.colcon_core.package_identification:_identify(rosbag2_2024_04_30-18_35_30) by extensions ['cmake', 'python']
[0.417s] Level 1:colcon.colcon_core.package_identification:_identify(rosbag2_2024_04_30-18_35_30) by extension 'cmake'
[0.417s] Level 1:colcon.colcon_core.package_identification:_identify(rosbag2_2024_04_30-18_35_30) by extension 'python'
[0.417s] Level 1:colcon.colcon_core.package_identification:_identify(rosbag2_2024_04_30-18_35_30) by extensions ['python_setup_py']
[0.417s] Level 1:colcon.colcon_core.package_identification:_identify(rosbag2_2024_04_30-18_35_30) by extension 'python_setup_py'
[0.417s] Level 1:colcon.colcon_core.package_identification:_identify(rosbag2_2024_04_30-18_41_48) by extensions ['ignore', 'ignore_ament_install']
[0.417s] Level 1:colcon.colcon_core.package_identification:_identify(rosbag2_2024_04_30-18_41_48) by extension 'ignore'
[0.417s] Level 1:colcon.colcon_core.package_identification:_identify(rosbag2_2024_04_30-18_41_48) by extension 'ignore_ament_install'
[0.417s] Level 1:colcon.colcon_core.package_identification:_identify(rosbag2_2024_04_30-18_41_48) by extensions ['colcon_pkg']
[0.417s] Level 1:colcon.colcon_core.package_identification:_identify(rosbag2_2024_04_30-18_41_48) by extension 'colcon_pkg'
[0.417s] Level 1:colcon.colcon_core.package_identification:_identify(rosbag2_2024_04_30-18_41_48) by extensions ['colcon_meta']
[0.417s] Level 1:colcon.colcon_core.package_identification:_identify(rosbag2_2024_04_30-18_41_48) by extension 'colcon_meta'
[0.418s] Level 1:colcon.colcon_core.package_identification:_identify(rosbag2_2024_04_30-18_41_48) by extensions ['ros']
[0.418s] Level 1:colcon.colcon_core.package_identification:_identify(rosbag2_2024_04_30-18_41_48) by extension 'ros'
[0.418s] Level 1:colcon.colcon_core.package_identification:_identify(rosbag2_2024_04_30-18_41_48) by extensions ['cmake', 'python']
[0.418s] Level 1:colcon.colcon_core.package_identification:_identify(rosbag2_2024_04_30-18_41_48) by extension 'cmake'
[0.418s] Level 1:colcon.colcon_core.package_identification:_identify(rosbag2_2024_04_30-18_41_48) by extension 'python'
[0.418s] Level 1:colcon.colcon_core.package_identification:_identify(rosbag2_2024_04_30-18_41_48) by extensions ['python_setup_py']
[0.418s] Level 1:colcon.colcon_core.package_identification:_identify(rosbag2_2024_04_30-18_41_48) by extension 'python_setup_py'
[0.418s] Level 1:colcon.colcon_core.package_identification:_identify(rosbag2_2024_04_30-18_46_10) by extensions ['ignore', 'ignore_ament_install']
[0.418s] Level 1:colcon.colcon_core.package_identification:_identify(rosbag2_2024_04_30-18_46_10) by extension 'ignore'
[0.418s] Level 1:colcon.colcon_core.package_identification:_identify(rosbag2_2024_04_30-18_46_10) by extension 'ignore_ament_install'
[0.418s] Level 1:colcon.colcon_core.package_identification:_identify(rosbag2_2024_04_30-18_46_10) by extensions ['colcon_pkg']
[0.418s] Level 1:colcon.colcon_core.package_identification:_identify(rosbag2_2024_04_30-18_46_10) by extension 'colcon_pkg'
[0.418s] Level 1:colcon.colcon_core.package_identification:_identify(rosbag2_2024_04_30-18_46_10) by extensions ['colcon_meta']
[0.418s] Level 1:colcon.colcon_core.package_identification:_identify(rosbag2_2024_04_30-18_46_10) by extension 'colcon_meta'
[0.418s] Level 1:colcon.colcon_core.package_identification:_identify(rosbag2_2024_04_30-18_46_10) by extensions ['ros']
[0.418s] Level 1:colcon.colcon_core.package_identification:_identify(rosbag2_2024_04_30-18_46_10) by extension 'ros'
[0.418s] Level 1:colcon.colcon_core.package_identification:_identify(rosbag2_2024_04_30-18_46_10) by extensions ['cmake', 'python']
[0.419s] Level 1:colcon.colcon_core.package_identification:_identify(rosbag2_2024_04_30-18_46_10) by extension 'cmake'
[0.419s] Level 1:colcon.colcon_core.package_identification:_identify(rosbag2_2024_04_30-18_46_10) by extension 'python'
[0.419s] Level 1:colcon.colcon_core.package_identification:_identify(rosbag2_2024_04_30-18_46_10) by extensions ['python_setup_py']
[0.419s] Level 1:colcon.colcon_core.package_identification:_identify(rosbag2_2024_04_30-18_46_10) by extension 'python_setup_py'
[0.419s] Level 1:colcon.colcon_core.package_identification:_identify(rosbag2_2024_04_30-19_04_56) by extensions ['ignore', 'ignore_ament_install']
[0.419s] Level 1:colcon.colcon_core.package_identification:_identify(rosbag2_2024_04_30-19_04_56) by extension 'ignore'
[0.419s] Level 1:colcon.colcon_core.package_identification:_identify(rosbag2_2024_04_30-19_04_56) by extension 'ignore_ament_install'
[0.419s] Level 1:colcon.colcon_core.package_identification:_identify(rosbag2_2024_04_30-19_04_56) by extensions ['colcon_pkg']
[0.419s] Level 1:colcon.colcon_core.package_identification:_identify(rosbag2_2024_04_30-19_04_56) by extension 'colcon_pkg'
[0.419s] Level 1:colcon.colcon_core.package_identification:_identify(rosbag2_2024_04_30-19_04_56) by extensions ['colcon_meta']
[0.419s] Level 1:colcon.colcon_core.package_identification:_identify(rosbag2_2024_04_30-19_04_56) by extension 'colcon_meta'
[0.419s] Level 1:colcon.colcon_core.package_identification:_identify(rosbag2_2024_04_30-19_04_56) by extensions ['ros']
[0.419s] Level 1:colcon.colcon_core.package_identification:_identify(rosbag2_2024_04_30-19_04_56) by extension 'ros'
[0.419s] Level 1:colcon.colcon_core.package_identification:_identify(rosbag2_2024_04_30-19_04_56) by extensions ['cmake', 'python']
[0.419s] Level 1:colcon.colcon_core.package_identification:_identify(rosbag2_2024_04_30-19_04_56) by extension 'cmake'
[0.419s] Level 1:colcon.colcon_core.package_identification:_identify(rosbag2_2024_04_30-19_04_56) by extension 'python'
[0.420s] Level 1:colcon.colcon_core.package_identification:_identify(rosbag2_2024_04_30-19_04_56) by extensions ['python_setup_py']
[0.420s] Level 1:colcon.colcon_core.package_identification:_identify(rosbag2_2024_04_30-19_04_56) by extension 'python_setup_py'
[0.420s] Level 1:colcon.colcon_core.package_identification:_identify(rosbag2_2024_04_30-19_31_32) by extensions ['ignore', 'ignore_ament_install']
[0.420s] Level 1:colcon.colcon_core.package_identification:_identify(rosbag2_2024_04_30-19_31_32) by extension 'ignore'
[0.420s] Level 1:colcon.colcon_core.package_identification:_identify(rosbag2_2024_04_30-19_31_32) by extension 'ignore_ament_install'
[0.420s] Level 1:colcon.colcon_core.package_identification:_identify(rosbag2_2024_04_30-19_31_32) by extensions ['colcon_pkg']
[0.420s] Level 1:colcon.colcon_core.package_identification:_identify(rosbag2_2024_04_30-19_31_32) by extension 'colcon_pkg'
[0.420s] Level 1:colcon.colcon_core.package_identification:_identify(rosbag2_2024_04_30-19_31_32) by extensions ['colcon_meta']
[0.420s] Level 1:colcon.colcon_core.package_identification:_identify(rosbag2_2024_04_30-19_31_32) by extension 'colcon_meta'
[0.420s] Level 1:colcon.colcon_core.package_identification:_identify(rosbag2_2024_04_30-19_31_32) by extensions ['ros']
[0.420s] Level 1:colcon.colcon_core.package_identification:_identify(rosbag2_2024_04_30-19_31_32) by extension 'ros'
[0.420s] Level 1:colcon.colcon_core.package_identification:_identify(rosbag2_2024_04_30-19_31_32) by extensions ['cmake', 'python']
[0.420s] Level 1:colcon.colcon_core.package_identification:_identify(rosbag2_2024_04_30-19_31_32) by extension 'cmake'
[0.420s] Level 1:colcon.colcon_core.package_identification:_identify(rosbag2_2024_04_30-19_31_32) by extension 'python'
[0.420s] Level 1:colcon.colcon_core.package_identification:_identify(rosbag2_2024_04_30-19_31_32) by extensions ['python_setup_py']
[0.420s] Level 1:colcon.colcon_core.package_identification:_identify(rosbag2_2024_04_30-19_31_32) by extension 'python_setup_py'
[0.421s] Level 1:colcon.colcon_core.package_identification:_identify(rosbag2_2024_04_30-19_44_27) by extensions ['ignore', 'ignore_ament_install']
[0.421s] Level 1:colcon.colcon_core.package_identification:_identify(rosbag2_2024_04_30-19_44_27) by extension 'ignore'
[0.421s] Level 1:colcon.colcon_core.package_identification:_identify(rosbag2_2024_04_30-19_44_27) by extension 'ignore_ament_install'
[0.421s] Level 1:colcon.colcon_core.package_identification:_identify(rosbag2_2024_04_30-19_44_27) by extensions ['colcon_pkg']
[0.421s] Level 1:colcon.colcon_core.package_identification:_identify(rosbag2_2024_04_30-19_44_27) by extension 'colcon_pkg'
[0.421s] Level 1:colcon.colcon_core.package_identification:_identify(rosbag2_2024_04_30-19_44_27) by extensions ['colcon_meta']
[0.421s] Level 1:colcon.colcon_core.package_identification:_identify(rosbag2_2024_04_30-19_44_27) by extension 'colcon_meta'
[0.421s] Level 1:colcon.colcon_core.package_identification:_identify(rosbag2_2024_04_30-19_44_27) by extensions ['ros']
[0.421s] Level 1:colcon.colcon_core.package_identification:_identify(rosbag2_2024_04_30-19_44_27) by extension 'ros'
[0.421s] Level 1:colcon.colcon_core.package_identification:_identify(rosbag2_2024_04_30-19_44_27) by extensions ['cmake', 'python']
[0.421s] Level 1:colcon.colcon_core.package_identification:_identify(rosbag2_2024_04_30-19_44_27) by extension 'cmake'
[0.421s] Level 1:colcon.colcon_core.package_identification:_identify(rosbag2_2024_04_30-19_44_27) by extension 'python'
[0.421s] Level 1:colcon.colcon_core.package_identification:_identify(rosbag2_2024_04_30-19_44_27) by extensions ['python_setup_py']
[0.421s] Level 1:colcon.colcon_core.package_identification:_identify(rosbag2_2024_04_30-19_44_27) by extension 'python_setup_py'
[0.421s] Level 1:colcon.colcon_core.package_identification:_identify(rosbag2_2024_04_30-20_10_47) by extensions ['ignore', 'ignore_ament_install']
[0.422s] Level 1:colcon.colcon_core.package_identification:_identify(rosbag2_2024_04_30-20_10_47) by extension 'ignore'
[0.422s] Level 1:colcon.colcon_core.package_identification:_identify(rosbag2_2024_04_30-20_10_47) by extension 'ignore_ament_install'
[0.422s] Level 1:colcon.colcon_core.package_identification:_identify(rosbag2_2024_04_30-20_10_47) by extensions ['colcon_pkg']
[0.422s] Level 1:colcon.colcon_core.package_identification:_identify(rosbag2_2024_04_30-20_10_47) by extension 'colcon_pkg'
[0.422s] Level 1:colcon.colcon_core.package_identification:_identify(rosbag2_2024_04_30-20_10_47) by extensions ['colcon_meta']
[0.422s] Level 1:colcon.colcon_core.package_identification:_identify(rosbag2_2024_04_30-20_10_47) by extension 'colcon_meta'
[0.422s] Level 1:colcon.colcon_core.package_identification:_identify(rosbag2_2024_04_30-20_10_47) by extensions ['ros']
[0.422s] Level 1:colcon.colcon_core.package_identification:_identify(rosbag2_2024_04_30-20_10_47) by extension 'ros'
[0.422s] Level 1:colcon.colcon_core.package_identification:_identify(rosbag2_2024_04_30-20_10_47) by extensions ['cmake', 'python']
[0.422s] Level 1:colcon.colcon_core.package_identification:_identify(rosbag2_2024_04_30-20_10_47) by extension 'cmake'
[0.422s] Level 1:colcon.colcon_core.package_identification:_identify(rosbag2_2024_04_30-20_10_47) by extension 'python'
[0.422s] Level 1:colcon.colcon_core.package_identification:_identify(rosbag2_2024_04_30-20_10_47) by extensions ['python_setup_py']
[0.422s] Level 1:colcon.colcon_core.package_identification:_identify(rosbag2_2024_04_30-20_10_47) by extension 'python_setup_py'
[0.422s] Level 1:colcon.colcon_core.package_identification:_identify(rosbag2_2024_04_30-20_24_18) by extensions ['ignore', 'ignore_ament_install']
[0.422s] Level 1:colcon.colcon_core.package_identification:_identify(rosbag2_2024_04_30-20_24_18) by extension 'ignore'
[0.422s] Level 1:colcon.colcon_core.package_identification:_identify(rosbag2_2024_04_30-20_24_18) by extension 'ignore_ament_install'
[0.423s] Level 1:colcon.colcon_core.package_identification:_identify(rosbag2_2024_04_30-20_24_18) by extensions ['colcon_pkg']
[0.423s] Level 1:colcon.colcon_core.package_identification:_identify(rosbag2_2024_04_30-20_24_18) by extension 'colcon_pkg'
[0.423s] Level 1:colcon.colcon_core.package_identification:_identify(rosbag2_2024_04_30-20_24_18) by extensions ['colcon_meta']
[0.423s] Level 1:colcon.colcon_core.package_identification:_identify(rosbag2_2024_04_30-20_24_18) by extension 'colcon_meta'
[0.423s] Level 1:colcon.colcon_core.package_identification:_identify(rosbag2_2024_04_30-20_24_18) by extensions ['ros']
[0.423s] Level 1:colcon.colcon_core.package_identification:_identify(rosbag2_2024_04_30-20_24_18) by extension 'ros'
[0.423s] Level 1:colcon.colcon_core.package_identification:_identify(rosbag2_2024_04_30-20_24_18) by extensions ['cmake', 'python']
[0.423s] Level 1:colcon.colcon_core.package_identification:_identify(rosbag2_2024_04_30-20_24_18) by extension 'cmake'
[0.423s] Level 1:colcon.colcon_core.package_identification:_identify(rosbag2_2024_04_30-20_24_18) by extension 'python'
[0.423s] Level 1:colcon.colcon_core.package_identification:_identify(rosbag2_2024_04_30-20_24_18) by extensions ['python_setup_py']
[0.423s] Level 1:colcon.colcon_core.package_identification:_identify(rosbag2_2024_04_30-20_24_18) by extension 'python_setup_py'
[0.423s] Level 1:colcon.colcon_core.package_identification:_identify(rosbag2_2024_04_30-20_30_15) by extensions ['ignore', 'ignore_ament_install']
[0.423s] Level 1:colcon.colcon_core.package_identification:_identify(rosbag2_2024_04_30-20_30_15) by extension 'ignore'
[0.423s] Level 1:colcon.colcon_core.package_identification:_identify(rosbag2_2024_04_30-20_30_15) by extension 'ignore_ament_install'
[0.423s] Level 1:colcon.colcon_core.package_identification:_identify(rosbag2_2024_04_30-20_30_15) by extensions ['colcon_pkg']
[0.424s] Level 1:colcon.colcon_core.package_identification:_identify(rosbag2_2024_04_30-20_30_15) by extension 'colcon_pkg'
[0.424s] Level 1:colcon.colcon_core.package_identification:_identify(rosbag2_2024_04_30-20_30_15) by extensions ['colcon_meta']
[0.424s] Level 1:colcon.colcon_core.package_identification:_identify(rosbag2_2024_04_30-20_30_15) by extension 'colcon_meta'
[0.424s] Level 1:colcon.colcon_core.package_identification:_identify(rosbag2_2024_04_30-20_30_15) by extensions ['ros']
[0.424s] Level 1:colcon.colcon_core.package_identification:_identify(rosbag2_2024_04_30-20_30_15) by extension 'ros'
[0.424s] Level 1:colcon.colcon_core.package_identification:_identify(rosbag2_2024_04_30-20_30_15) by extensions ['cmake', 'python']
[0.424s] Level 1:colcon.colcon_core.package_identification:_identify(rosbag2_2024_04_30-20_30_15) by extension 'cmake'
[0.424s] Level 1:colcon.colcon_core.package_identification:_identify(rosbag2_2024_04_30-20_30_15) by extension 'python'
[0.424s] Level 1:colcon.colcon_core.package_identification:_identify(rosbag2_2024_04_30-20_30_15) by extensions ['python_setup_py']
[0.424s] Level 1:colcon.colcon_core.package_identification:_identify(rosbag2_2024_04_30-20_30_15) by extension 'python_setup_py'
[0.424s] Level 1:colcon.colcon_core.package_identification:_identify(rosbag2_2024_04_30-21_55_26) by extensions ['ignore', 'ignore_ament_install']
[0.424s] Level 1:colcon.colcon_core.package_identification:_identify(rosbag2_2024_04_30-21_55_26) by extension 'ignore'
[0.424s] Level 1:colcon.colcon_core.package_identification:_identify(rosbag2_2024_04_30-21_55_26) by extension 'ignore_ament_install'
[0.424s] Level 1:colcon.colcon_core.package_identification:_identify(rosbag2_2024_04_30-21_55_26) by extensions ['colcon_pkg']
[0.425s] Level 1:colcon.colcon_core.package_identification:_identify(rosbag2_2024_04_30-21_55_26) by extension 'colcon_pkg'
[0.425s] Level 1:colcon.colcon_core.package_identification:_identify(rosbag2_2024_04_30-21_55_26) by extensions ['colcon_meta']
[0.425s] Level 1:colcon.colcon_core.package_identification:_identify(rosbag2_2024_04_30-21_55_26) by extension 'colcon_meta'
[0.425s] Level 1:colcon.colcon_core.package_identification:_identify(rosbag2_2024_04_30-21_55_26) by extensions ['ros']
[0.425s] Level 1:colcon.colcon_core.package_identification:_identify(rosbag2_2024_04_30-21_55_26) by extension 'ros'
[0.425s] Level 1:colcon.colcon_core.package_identification:_identify(rosbag2_2024_04_30-21_55_26) by extensions ['cmake', 'python']
[0.425s] Level 1:colcon.colcon_core.package_identification:_identify(rosbag2_2024_04_30-21_55_26) by extension 'cmake'
[0.425s] Level 1:colcon.colcon_core.package_identification:_identify(rosbag2_2024_04_30-21_55_26) by extension 'python'
[0.425s] Level 1:colcon.colcon_core.package_identification:_identify(rosbag2_2024_04_30-21_55_26) by extensions ['python_setup_py']
[0.425s] Level 1:colcon.colcon_core.package_identification:_identify(rosbag2_2024_04_30-21_55_26) by extension 'python_setup_py'
[0.425s] Level 1:colcon.colcon_core.package_identification:_identify(rosbag2_2024_04_30-21_56_12) by extensions ['ignore', 'ignore_ament_install']
[0.425s] Level 1:colcon.colcon_core.package_identification:_identify(rosbag2_2024_04_30-21_56_12) by extension 'ignore'
[0.425s] Level 1:colcon.colcon_core.package_identification:_identify(rosbag2_2024_04_30-21_56_12) by extension 'ignore_ament_install'
[0.425s] Level 1:colcon.colcon_core.package_identification:_identify(rosbag2_2024_04_30-21_56_12) by extensions ['colcon_pkg']
[0.425s] Level 1:colcon.colcon_core.package_identification:_identify(rosbag2_2024_04_30-21_56_12) by extension 'colcon_pkg'
[0.425s] Level 1:colcon.colcon_core.package_identification:_identify(rosbag2_2024_04_30-21_56_12) by extensions ['colcon_meta']
[0.426s] Level 1:colcon.colcon_core.package_identification:_identify(rosbag2_2024_04_30-21_56_12) by extension 'colcon_meta'
[0.426s] Level 1:colcon.colcon_core.package_identification:_identify(rosbag2_2024_04_30-21_56_12) by extensions ['ros']
[0.426s] Level 1:colcon.colcon_core.package_identification:_identify(rosbag2_2024_04_30-21_56_12) by extension 'ros'
[0.426s] Level 1:colcon.colcon_core.package_identification:_identify(rosbag2_2024_04_30-21_56_12) by extensions ['cmake', 'python']
[0.426s] Level 1:colcon.colcon_core.package_identification:_identify(rosbag2_2024_04_30-21_56_12) by extension 'cmake'
[0.426s] Level 1:colcon.colcon_core.package_identification:_identify(rosbag2_2024_04_30-21_56_12) by extension 'python'
[0.426s] Level 1:colcon.colcon_core.package_identification:_identify(rosbag2_2024_04_30-21_56_12) by extensions ['python_setup_py']
[0.426s] Level 1:colcon.colcon_core.package_identification:_identify(rosbag2_2024_04_30-21_56_12) by extension 'python_setup_py'
[0.426s] Level 1:colcon.colcon_core.package_discovery:discover_packages(recursive) using defaults
[0.426s] Level 1:colcon.colcon_core.package_discovery:discover_packages(ignore) discover
[0.426s] Level 1:colcon.colcon_core.package_discovery:discover_packages(ignore) using defaults
[0.426s] Level 1:colcon.colcon_core.package_discovery:discover_packages(path) discover
[0.426s] Level 1:colcon.colcon_core.package_discovery:discover_packages(path) using defaults
[0.480s] Level 1:colcon.colcon_core.package_discovery:discover_packages(prefix_path) check parameters
[0.480s] Level 1:colcon.colcon_core.package_discovery:discover_packages(prefix_path) discover
[0.482s] DEBUG:colcon.colcon_installed_package_information.package_discovery:Found 1 installed packages in /home/anavale/ros2_ws1/src/install
[0.483s] DEBUG:colcon.colcon_installed_package_information.package_discovery:Found 3 installed packages in /home/anavale/ros2_utilities_ws/install
[0.485s] DEBUG:colcon.colcon_installed_package_information.package_discovery:Found 270 installed packages in /opt/ros/humble
[0.487s] Level 1:colcon.colcon_core.package_discovery:discover_packages(prefix_path) using defaults
[0.543s] Level 5:colcon.colcon_core.verb:set package 'purepursuit' build argument 'cmake_args' from command line to 'None'
[0.543s] Level 5:colcon.colcon_core.verb:set package 'purepursuit' build argument 'cmake_target' from command line to 'None'
[0.543s] Level 5:colcon.colcon_core.verb:set package 'purepursuit' build argument 'cmake_target_skip_unavailable' from command line to 'False'
[0.543s] Level 5:colcon.colcon_core.verb:set package 'purepursuit' build argument 'cmake_clean_cache' from command line to 'False'
[0.543s] Level 5:colcon.colcon_core.verb:set package 'purepursuit' build argument 'cmake_clean_first' from command line to 'False'
[0.543s] Level 5:colcon.colcon_core.verb:set package 'purepursuit' build argument 'cmake_force_configure' from command line to 'False'
[0.543s] Level 5:colcon.colcon_core.verb:set package 'purepursuit' build argument 'ament_cmake_args' from command line to 'None'
[0.544s] Level 5:colcon.colcon_core.verb:set package 'purepursuit' build argument 'catkin_cmake_args' from command line to 'None'
[0.544s] Level 5:colcon.colcon_core.verb:set package 'purepursuit' build argument 'catkin_skip_building_tests' from command line to 'False'
[0.544s] DEBUG:colcon.colcon_core.verb:Building package 'purepursuit' with the following arguments: {'ament_cmake_args': None, 'build_base': '/home/anavale/ros2_ws1/src/build/purepursuit', 'catkin_cmake_args': None, 'catkin_skip_building_tests': False, 'cmake_args': None, 'cmake_clean_cache': False, 'cmake_clean_first': False, 'cmake_force_configure': False, 'cmake_target': None, 'cmake_target_skip_unavailable': False, 'install_base': '/home/anavale/ros2_ws1/src/install/purepursuit', 'merge_install': False, 'path': '/home/anavale/ros2_ws1/src/purepursuit', 'symlink_install': False, 'test_result_base': None}
[0.544s] INFO:colcon.colcon_core.executor:Executing jobs using 'parallel' executor
[0.546s] DEBUG:colcon.colcon_parallel_executor.executor.parallel:run_until_complete
[0.546s] INFO:colcon.colcon_ros.task.ament_python.build:Building ROS package in '/home/anavale/ros2_ws1/src/purepursuit' with build type 'ament_python'
[0.546s] Level 1:colcon.colcon_core.shell:create_environment_hook('purepursuit', 'ament_prefix_path')
[0.550s] INFO:colcon.colcon_core.plugin_system:Skipping extension 'colcon_core.shell.bat': Not used on non-Windows systems
[0.550s] INFO:colcon.colcon_core.shell:Creating environment hook '/home/anavale/ros2_ws1/src/install/purepursuit/share/purepursuit/hook/ament_prefix_path.ps1'
[0.551s] INFO:colcon.colcon_core.shell:Creating environment descriptor '/home/anavale/ros2_ws1/src/install/purepursuit/share/purepursuit/hook/ament_prefix_path.dsv'
[0.551s] INFO:colcon.colcon_core.shell:Creating environment hook '/home/anavale/ros2_ws1/src/install/purepursuit/share/purepursuit/hook/ament_prefix_path.sh'
[0.552s] INFO:colcon.colcon_core.shell:Skip shell extension 'powershell' for command environment: Not usable outside of PowerShell
[0.552s] DEBUG:colcon.colcon_core.shell:Skip shell extension 'dsv' for command environment
[0.953s] INFO:colcon.colcon_core.task.python.build:Building Python package in '/home/anavale/ros2_ws1/src/purepursuit'
[0.953s] INFO:colcon.colcon_core.shell:Skip shell extension 'powershell' for command environment: Not usable outside of PowerShell
[0.954s] DEBUG:colcon.colcon_core.shell:Skip shell extension 'dsv' for command environment
[1.486s] DEBUG:colcon.colcon_core.event_handler.log_command:Invoking command in '/home/anavale/ros2_ws1/src/purepursuit': PYTHONPATH=/home/anavale/ros2_ws1/src/build/purepursuit/prefix_override:/home/anavale/ros2_ws1/src/install/purepursuit/lib/python3.10/site-packages:${PYTHONPATH} /usr/bin/python3 -W ignore:setup.py install is deprecated setup.py egg_info --egg-base ../build/purepursuit build --build-base /home/anavale/ros2_ws1/src/build/purepursuit/build install --record /home/anavale/ros2_ws1/src/build/purepursuit/install.log --single-version-externally-managed install_data
[1.848s] DEBUG:colcon.colcon_core.event_handler.log_command:Invoked command in '/home/anavale/ros2_ws1/src/purepursuit' returned '0': PYTHONPATH=/home/anavale/ros2_ws1/src/build/purepursuit/prefix_override:/home/anavale/ros2_ws1/src/install/purepursuit/lib/python3.10/site-packages:${PYTHONPATH} /usr/bin/python3 -W ignore:setup.py install is deprecated setup.py egg_info --egg-base ../build/purepursuit build --build-base /home/anavale/ros2_ws1/src/build/purepursuit/build install --record /home/anavale/ros2_ws1/src/build/purepursuit/install.log --single-version-externally-managed install_data
[1.854s] Level 1:colcon.colcon_core.environment:checking '/home/anavale/ros2_ws1/src/install/purepursuit' for CMake module files
[1.855s] Level 1:colcon.colcon_core.environment:checking '/home/anavale/ros2_ws1/src/install/purepursuit' for CMake config files
[1.857s] Level 1:colcon.colcon_core.environment:checking '/home/anavale/ros2_ws1/src/install/purepursuit/lib'
[1.858s] Level 1:colcon.colcon_core.environment:checking '/home/anavale/ros2_ws1/src/install/purepursuit/bin'
[1.858s] Level 1:colcon.colcon_core.environment:checking '/home/anavale/ros2_ws1/src/install/purepursuit/lib/pkgconfig/purepursuit.pc'
[1.859s] Level 1:colcon.colcon_core.environment:checking '/home/anavale/ros2_ws1/src/install/purepursuit/lib/python3.10/site-packages'
[1.859s] Level 1:colcon.colcon_core.shell:create_environment_hook('purepursuit', 'pythonpath')
[1.859s] INFO:colcon.colcon_core.shell:Creating environment hook '/home/anavale/ros2_ws1/src/install/purepursuit/share/purepursuit/hook/pythonpath.ps1'
[1.860s] INFO:colcon.colcon_core.shell:Creating environment descriptor '/home/anavale/ros2_ws1/src/install/purepursuit/share/purepursuit/hook/pythonpath.dsv'
[1.861s] INFO:colcon.colcon_core.shell:Creating environment hook '/home/anavale/ros2_ws1/src/install/purepursuit/share/purepursuit/hook/pythonpath.sh'
[1.862s] Level 1:colcon.colcon_core.environment:checking '/home/anavale/ros2_ws1/src/install/purepursuit/bin'
[1.862s] Level 1:colcon.colcon_core.environment:create_environment_scripts_only(purepursuit)
[1.863s] INFO:colcon.colcon_core.shell:Creating package script '/home/anavale/ros2_ws1/src/install/purepursuit/share/purepursuit/package.ps1'
[1.865s] INFO:colcon.colcon_core.shell:Creating package descriptor '/home/anavale/ros2_ws1/src/install/purepursuit/share/purepursuit/package.dsv'
[1.866s] INFO:colcon.colcon_core.shell:Creating package script '/home/anavale/ros2_ws1/src/install/purepursuit/share/purepursuit/package.sh'
[1.867s] INFO:colcon.colcon_core.shell:Creating package script '/home/anavale/ros2_ws1/src/install/purepursuit/share/purepursuit/package.bash'
[1.869s] INFO:colcon.colcon_core.shell:Creating package script '/home/anavale/ros2_ws1/src/install/purepursuit/share/purepursuit/package.zsh'
[1.871s] Level 1:colcon.colcon_core.environment:create_file_with_runtime_dependencies(/home/anavale/ros2_ws1/src/install/purepursuit/share/colcon-core/packages/purepursuit)
[1.871s] DEBUG:colcon.colcon_parallel_executor.executor.parallel:closing loop
[1.872s] DEBUG:colcon.colcon_parallel_executor.executor.parallel:loop closed
[1.872s] DEBUG:colcon.colcon_parallel_executor.executor.parallel:run_until_complete finished with '0'
[1.872s] DEBUG:colcon.colcon_core.event_reactor:joining thread
[1.883s] INFO:colcon.colcon_core.plugin_system:Skipping extension 'colcon_notification.desktop_notification.terminal_notifier': Not used on non-Darwin systems
[1.884s] INFO:colcon.colcon_core.plugin_system:Skipping extension 'colcon_notification.desktop_notification.win32': Not used on non-Windows systems
[1.884s] INFO:colcon.colcon_notification.desktop_notification:Sending desktop notification using 'notify2'
[1.909s] DEBUG:colcon.colcon_core.event_reactor:joined thread
[1.910s] INFO:colcon.colcon_core.shell:Creating prefix script '/home/anavale/ros2_ws1/src/install/local_setup.ps1'
[1.912s] INFO:colcon.colcon_core.shell:Creating prefix util module '/home/anavale/ros2_ws1/src/install/_local_setup_util_ps1.py'
[1.914s] INFO:colcon.colcon_core.shell:Creating prefix chain script '/home/anavale/ros2_ws1/src/install/setup.ps1'
[1.915s] INFO:colcon.colcon_core.shell:Creating prefix script '/home/anavale/ros2_ws1/src/install/local_setup.sh'
[1.916s] INFO:colcon.colcon_core.shell:Creating prefix util module '/home/anavale/ros2_ws1/src/install/_local_setup_util_sh.py'
[1.916s] INFO:colcon.colcon_core.shell:Creating prefix chain script '/home/anavale/ros2_ws1/src/install/setup.sh'
[1.918s] INFO:colcon.colcon_core.shell:Creating prefix script '/home/anavale/ros2_ws1/src/install/local_setup.bash'
[1.918s] INFO:colcon.colcon_core.shell:Creating prefix chain script '/home/anavale/ros2_ws1/src/install/setup.bash'
[1.920s] INFO:colcon.colcon_core.shell:Creating prefix script '/home/anavale/ros2_ws1/src/install/local_setup.zsh'
[1.920s] INFO:colcon.colcon_core.shell:Creating prefix chain script '/home/anavale/ros2_ws1/src/install/setup.zsh'
