[0.156s] DEBUG:colcon:Command line arguments: ['/usr/bin/colcon', 'build', '--symlink-install']
[0.156s] DEBUG:colcon:Parsed command line arguments: Namespace(log_base=None, log_level=None, verb_name='build', build_base='build', install_base='install', merge_install=False, symlink_install=True, test_result_base=None, continue_on_error=False, executor='parallel', parallel_workers=16, event_handlers=None, ignore_user_meta=False, metas=['./colcon.meta'], base_paths=['.'], packages_ignore=None, packages_ignore_regex=None, paths=None, packages_up_to=None, packages_up_to_regex=None, packages_above=None, packages_above_and_dependencies=None, packages_above_depth=None, packages_select_by_dep=None, packages_skip_by_dep=None, packages_skip_up_to=None, packages_select_build_failed=False, packages_skip_build_finished=False, packages_select_test_failures=False, packages_skip_test_passed=False, packages_select=None, packages_skip=None, packages_select_regex=None, packages_skip_regex=None, packages_start=None, packages_end=None, allow_overriding=[], cmake_args=None, cmake_target=None, cmake_target_skip_unavailable=False, cmake_clean_cache=False, cmake_clean_first=False, cmake_force_configure=False, ament_cmake_args=None, catkin_cmake_args=None, catkin_skip_building_tests=False, mixin_files=None, mixin=None, verb_parser=<colcon_mixin.mixin.mixin_argument.MixinArgumentDecorator object at 0x7f400e33eaa0>, verb_extension=<colcon_core.verb.build.BuildVerb object at 0x7f400e33e4d0>, main=<bound method BuildVerb.main of <colcon_core.verb.build.BuildVerb object at 0x7f400e33e4d0>>, mixin_verb=('build',))
[0.394s] Level 1:colcon.colcon_core.package_discovery:discover_packages(colcon_meta) check parameters
[0.394s] Level 1:colcon.colcon_core.package_discovery:discover_packages(recursive) check parameters
[0.394s] Level 1:colcon.colcon_core.package_discovery:discover_packages(ignore) check parameters
[0.394s] Level 1:colcon.colcon_core.package_discovery:discover_packages(path) check parameters
[0.394s] Level 1:colcon.colcon_core.package_discovery:discover_packages(colcon_meta) discover
[0.394s] Level 1:colcon.colcon_core.package_discovery:discover_packages(recursive) discover
[0.394s] INFO:colcon.colcon_core.package_discovery:Crawling recursively for packages in '/home/anavale/ros2_ws1/src'
[0.394s] Level 1:colcon.colcon_core.package_identification:_identify(.) by extensions ['ignore', 'ignore_ament_install']
[0.395s] Level 1:colcon.colcon_core.package_identification:_identify(.) by extension 'ignore'
[0.395s] Level 1:colcon.colcon_core.package_identification:_identify(.) by extension 'ignore_ament_install'
[0.395s] Level 1:colcon.colcon_core.package_identification:_identify(.) by extensions ['colcon_pkg']
[0.395s] Level 1:colcon.colcon_core.package_identification:_identify(.) by extension 'colcon_pkg'
[0.395s] Level 1:colcon.colcon_core.package_identification:_identify(.) by extensions ['colcon_meta']
[0.395s] Level 1:colcon.colcon_core.package_identification:_identify(.) by extension 'colcon_meta'
[0.395s] Level 1:colcon.colcon_core.package_identification:_identify(.) by extensions ['ros']
[0.395s] Level 1:colcon.colcon_core.package_identification:_identify(.) by extension 'ros'
[0.410s] Level 1:colcon.colcon_core.package_identification:_identify(.) by extensions ['cmake', 'python']
[0.410s] Level 1:colcon.colcon_core.package_identification:_identify(.) by extension 'cmake'
[0.410s] Level 1:colcon.colcon_core.package_identification:_identify(.) by extension 'python'
[0.410s] Level 1:colcon.colcon_core.package_identification:_identify(.) by extensions ['python_setup_py']
[0.410s] Level 1:colcon.colcon_core.package_identification:_identify(.) by extension 'python_setup_py'
[0.410s] Level 1:colcon.colcon_core.package_identification:_identify(build) by extensions ['ignore', 'ignore_ament_install']
[0.410s] Level 1:colcon.colcon_core.package_identification:_identify(build) by extension 'ignore'
[0.411s] Level 1:colcon.colcon_core.package_identification:_identify(build) ignored
[0.411s] Level 1:colcon.colcon_core.package_identification:_identify(install) by extensions ['ignore', 'ignore_ament_install']
[0.411s] Level 1:colcon.colcon_core.package_identification:_identify(install) by extension 'ignore'
[0.411s] Level 1:colcon.colcon_core.package_identification:_identify(install) ignored
[0.411s] Level 1:colcon.colcon_core.package_identification:_identify(log) by extensions ['ignore', 'ignore_ament_install']
[0.411s] Level 1:colcon.colcon_core.package_identification:_identify(log) by extension 'ignore'
[0.411s] Level 1:colcon.colcon_core.package_identification:_identify(log) ignored
[0.411s] Level 1:colcon.colcon_core.package_identification:_identify(purepursuit) by extensions ['ignore', 'ignore_ament_install']
[0.411s] Level 1:colcon.colcon_core.package_identification:_identify(purepursuit) by extension 'ignore'
[0.411s] Level 1:colcon.colcon_core.package_identification:_identify(purepursuit) by extension 'ignore_ament_install'
[0.412s] Level 1:colcon.colcon_core.package_identification:_identify(purepursuit) by extensions ['colcon_pkg']
[0.412s] Level 1:colcon.colcon_core.package_identification:_identify(purepursuit) by extension 'colcon_pkg'
[0.412s] Level 1:colcon.colcon_core.package_identification:_identify(purepursuit) by extensions ['colcon_meta']
[0.412s] Level 1:colcon.colcon_core.package_identification:_identify(purepursuit) by extension 'colcon_meta'
[0.412s] Level 1:colcon.colcon_core.package_identification:_identify(purepursuit) by extensions ['ros']
[0.412s] Level 1:colcon.colcon_core.package_identification:_identify(purepursuit) by extension 'ros'
[0.418s] DEBUG:colcon.colcon_core.package_identification:Package 'purepursuit' with type 'ros.ament_python' and name 'purepursuit'
[0.418s] Level 1:colcon.colcon_core.package_identification:_identify(rosbag2_2024_04_28-14_42_26) by extensions ['ignore', 'ignore_ament_install']
[0.418s] Level 1:colcon.colcon_core.package_identification:_identify(rosbag2_2024_04_28-14_42_26) by extension 'ignore'
[0.418s] Level 1:colcon.colcon_core.package_identification:_identify(rosbag2_2024_04_28-14_42_26) by extension 'ignore_ament_install'
[0.418s] Level 1:colcon.colcon_core.package_identification:_identify(rosbag2_2024_04_28-14_42_26) by extensions ['colcon_pkg']
[0.418s] Level 1:colcon.colcon_core.package_identification:_identify(rosbag2_2024_04_28-14_42_26) by extension 'colcon_pkg'
[0.418s] Level 1:colcon.colcon_core.package_identification:_identify(rosbag2_2024_04_28-14_42_26) by extensions ['colcon_meta']
[0.418s] Level 1:colcon.colcon_core.package_identification:_identify(rosbag2_2024_04_28-14_42_26) by extension 'colcon_meta'
[0.418s] Level 1:colcon.colcon_core.package_identification:_identify(rosbag2_2024_04_28-14_42_26) by extensions ['ros']
[0.418s] Level 1:colcon.colcon_core.package_identification:_identify(rosbag2_2024_04_28-14_42_26) by extension 'ros'
[0.418s] Level 1:colcon.colcon_core.package_identification:_identify(rosbag2_2024_04_28-14_42_26) by extensions ['cmake', 'python']
[0.418s] Level 1:colcon.colcon_core.package_identification:_identify(rosbag2_2024_04_28-14_42_26) by extension 'cmake'
[0.419s] Level 1:colcon.colcon_core.package_identification:_identify(rosbag2_2024_04_28-14_42_26) by extension 'python'
[0.419s] Level 1:colcon.colcon_core.package_identification:_identify(rosbag2_2024_04_28-14_42_26) by extensions ['python_setup_py']
[0.419s] Level 1:colcon.colcon_core.package_identification:_identify(rosbag2_2024_04_28-14_42_26) by extension 'python_setup_py'
[0.419s] Level 1:colcon.colcon_core.package_identification:_identify(rosbag2_2024_04_28-14_43_17) by extensions ['ignore', 'ignore_ament_install']
[0.419s] Level 1:colcon.colcon_core.package_identification:_identify(rosbag2_2024_04_28-14_43_17) by extension 'ignore'
[0.419s] Level 1:colcon.colcon_core.package_identification:_identify(rosbag2_2024_04_28-14_43_17) by extension 'ignore_ament_install'
[0.419s] Level 1:colcon.colcon_core.package_identification:_identify(rosbag2_2024_04_28-14_43_17) by extensions ['colcon_pkg']
[0.419s] Level 1:colcon.colcon_core.package_identification:_identify(rosbag2_2024_04_28-14_43_17) by extension 'colcon_pkg'
[0.419s] Level 1:colcon.colcon_core.package_identification:_identify(rosbag2_2024_04_28-14_43_17) by extensions ['colcon_meta']
[0.419s] Level 1:colcon.colcon_core.package_identification:_identify(rosbag2_2024_04_28-14_43_17) by extension 'colcon_meta'
[0.419s] Level 1:colcon.colcon_core.package_identification:_identify(rosbag2_2024_04_28-14_43_17) by extensions ['ros']
[0.419s] Level 1:colcon.colcon_core.package_identification:_identify(rosbag2_2024_04_28-14_43_17) by extension 'ros'
[0.419s] Level 1:colcon.colcon_core.package_identification:_identify(rosbag2_2024_04_28-14_43_17) by extensions ['cmake', 'python']
[0.419s] Level 1:colcon.colcon_core.package_identification:_identify(rosbag2_2024_04_28-14_43_17) by extension 'cmake'
[0.419s] Level 1:colcon.colcon_core.package_identification:_identify(rosbag2_2024_04_28-14_43_17) by extension 'python'
[0.419s] Level 1:colcon.colcon_core.package_identification:_identify(rosbag2_2024_04_28-14_43_17) by extensions ['python_setup_py']
[0.420s] Level 1:colcon.colcon_core.package_identification:_identify(rosbag2_2024_04_28-14_43_17) by extension 'python_setup_py'
[0.420s] Level 1:colcon.colcon_core.package_identification:_identify(rosbag2_2024_04_28-19_32_35) by extensions ['ignore', 'ignore_ament_install']
[0.420s] Level 1:colcon.colcon_core.package_identification:_identify(rosbag2_2024_04_28-19_32_35) by extension 'ignore'
[0.420s] Level 1:colcon.colcon_core.package_identification:_identify(rosbag2_2024_04_28-19_32_35) by extension 'ignore_ament_install'
[0.420s] Level 1:colcon.colcon_core.package_identification:_identify(rosbag2_2024_04_28-19_32_35) by extensions ['colcon_pkg']
[0.420s] Level 1:colcon.colcon_core.package_identification:_identify(rosbag2_2024_04_28-19_32_35) by extension 'colcon_pkg'
[0.420s] Level 1:colcon.colcon_core.package_identification:_identify(rosbag2_2024_04_28-19_32_35) by extensions ['colcon_meta']
[0.420s] Level 1:colcon.colcon_core.package_identification:_identify(rosbag2_2024_04_28-19_32_35) by extension 'colcon_meta'
[0.420s] Level 1:colcon.colcon_core.package_identification:_identify(rosbag2_2024_04_28-19_32_35) by extensions ['ros']
[0.420s] Level 1:colcon.colcon_core.package_identification:_identify(rosbag2_2024_04_28-19_32_35) by extension 'ros'
[0.420s] Level 1:colcon.colcon_core.package_identification:_identify(rosbag2_2024_04_28-19_32_35) by extensions ['cmake', 'python']
[0.420s] Level 1:colcon.colcon_core.package_identification:_identify(rosbag2_2024_04_28-19_32_35) by extension 'cmake'
[0.420s] Level 1:colcon.colcon_core.package_identification:_identify(rosbag2_2024_04_28-19_32_35) by extension 'python'
[0.420s] Level 1:colcon.colcon_core.package_identification:_identify(rosbag2_2024_04_28-19_32_35) by extensions ['python_setup_py']
[0.420s] Level 1:colcon.colcon_core.package_identification:_identify(rosbag2_2024_04_28-19_32_35) by extension 'python_setup_py'
[0.420s] Level 1:colcon.colcon_core.package_identification:_identify(rosbag2_2024_04_28-19_43_02) by extensions ['ignore', 'ignore_ament_install']
[0.421s] Level 1:colcon.colcon_core.package_identification:_identify(rosbag2_2024_04_28-19_43_02) by extension 'ignore'
[0.421s] Level 1:colcon.colcon_core.package_identification:_identify(rosbag2_2024_04_28-19_43_02) by extension 'ignore_ament_install'
[0.421s] Level 1:colcon.colcon_core.package_identification:_identify(rosbag2_2024_04_28-19_43_02) by extensions ['colcon_pkg']
[0.421s] Level 1:colcon.colcon_core.package_identification:_identify(rosbag2_2024_04_28-19_43_02) by extension 'colcon_pkg'
[0.421s] Level 1:colcon.colcon_core.package_identification:_identify(rosbag2_2024_04_28-19_43_02) by extensions ['colcon_meta']
[0.421s] Level 1:colcon.colcon_core.package_identification:_identify(rosbag2_2024_04_28-19_43_02) by extension 'colcon_meta'
[0.421s] Level 1:colcon.colcon_core.package_identification:_identify(rosbag2_2024_04_28-19_43_02) by extensions ['ros']
[0.421s] Level 1:colcon.colcon_core.package_identification:_identify(rosbag2_2024_04_28-19_43_02) by extension 'ros'
[0.421s] Level 1:colcon.colcon_core.package_identification:_identify(rosbag2_2024_04_28-19_43_02) by extensions ['cmake', 'python']
[0.421s] Level 1:colcon.colcon_core.package_identification:_identify(rosbag2_2024_04_28-19_43_02) by extension 'cmake'
[0.421s] Level 1:colcon.colcon_core.package_identification:_identify(rosbag2_2024_04_28-19_43_02) by extension 'python'
[0.421s] Level 1:colcon.colcon_core.package_identification:_identify(rosbag2_2024_04_28-19_43_02) by extensions ['python_setup_py']
[0.421s] Level 1:colcon.colcon_core.package_identification:_identify(rosbag2_2024_04_28-19_43_02) by extension 'python_setup_py'
[0.421s] Level 1:colcon.colcon_core.package_identification:_identify(rosbag2_2024_04_28-19_55_17) by extensions ['ignore', 'ignore_ament_install']
[0.421s] Level 1:colcon.colcon_core.package_identification:_identify(rosbag2_2024_04_28-19_55_17) by extension 'ignore'
[0.421s] Level 1:colcon.colcon_core.package_identification:_identify(rosbag2_2024_04_28-19_55_17) by extension 'ignore_ament_install'
[0.422s] Level 1:colcon.colcon_core.package_identification:_identify(rosbag2_2024_04_28-19_55_17) by extensions ['colcon_pkg']
[0.422s] Level 1:colcon.colcon_core.package_identification:_identify(rosbag2_2024_04_28-19_55_17) by extension 'colcon_pkg'
[0.422s] Level 1:colcon.colcon_core.package_identification:_identify(rosbag2_2024_04_28-19_55_17) by extensions ['colcon_meta']
[0.422s] Level 1:colcon.colcon_core.package_identification:_identify(rosbag2_2024_04_28-19_55_17) by extension 'colcon_meta'
[0.422s] Level 1:colcon.colcon_core.package_identification:_identify(rosbag2_2024_04_28-19_55_17) by extensions ['ros']
[0.422s] Level 1:colcon.colcon_core.package_identification:_identify(rosbag2_2024_04_28-19_55_17) by extension 'ros'
[0.422s] Level 1:colcon.colcon_core.package_identification:_identify(rosbag2_2024_04_28-19_55_17) by extensions ['cmake', 'python']
[0.422s] Level 1:colcon.colcon_core.package_identification:_identify(rosbag2_2024_04_28-19_55_17) by extension 'cmake'
[0.422s] Level 1:colcon.colcon_core.package_identification:_identify(rosbag2_2024_04_28-19_55_17) by extension 'python'
[0.422s] Level 1:colcon.colcon_core.package_identification:_identify(rosbag2_2024_04_28-19_55_17) by extensions ['python_setup_py']
[0.422s] Level 1:colcon.colcon_core.package_identification:_identify(rosbag2_2024_04_28-19_55_17) by extension 'python_setup_py'
[0.422s] Level 1:colcon.colcon_core.package_identification:_identify(rosbag2_2024_04_28-19_55_32) by extensions ['ignore', 'ignore_ament_install']
[0.422s] Level 1:colcon.colcon_core.package_identification:_identify(rosbag2_2024_04_28-19_55_32) by extension 'ignore'
[0.422s] Level 1:colcon.colcon_core.package_identification:_identify(rosbag2_2024_04_28-19_55_32) by extension 'ignore_ament_install'
[0.422s] Level 1:colcon.colcon_core.package_identification:_identify(rosbag2_2024_04_28-19_55_32) by extensions ['colcon_pkg']
[0.422s] Level 1:colcon.colcon_core.package_identification:_identify(rosbag2_2024_04_28-19_55_32) by extension 'colcon_pkg'
[0.422s] Level 1:colcon.colcon_core.package_identification:_identify(rosbag2_2024_04_28-19_55_32) by extensions ['colcon_meta']
[0.422s] Level 1:colcon.colcon_core.package_identification:_identify(rosbag2_2024_04_28-19_55_32) by extension 'colcon_meta'
[0.423s] Level 1:colcon.colcon_core.package_identification:_identify(rosbag2_2024_04_28-19_55_32) by extensions ['ros']
[0.423s] Level 1:colcon.colcon_core.package_identification:_identify(rosbag2_2024_04_28-19_55_32) by extension 'ros'
[0.423s] Level 1:colcon.colcon_core.package_identification:_identify(rosbag2_2024_04_28-19_55_32) by extensions ['cmake', 'python']
[0.423s] Level 1:colcon.colcon_core.package_identification:_identify(rosbag2_2024_04_28-19_55_32) by extension 'cmake'
[0.423s] Level 1:colcon.colcon_core.package_identification:_identify(rosbag2_2024_04_28-19_55_32) by extension 'python'
[0.423s] Level 1:colcon.colcon_core.package_identification:_identify(rosbag2_2024_04_28-19_55_32) by extensions ['python_setup_py']
[0.423s] Level 1:colcon.colcon_core.package_identification:_identify(rosbag2_2024_04_28-19_55_32) by extension 'python_setup_py'
[0.423s] Level 1:colcon.colcon_core.package_identification:_identify(rosbag2_2024_04_28-19_59_41) by extensions ['ignore', 'ignore_ament_install']
[0.423s] Level 1:colcon.colcon_core.package_identification:_identify(rosbag2_2024_04_28-19_59_41) by extension 'ignore'
[0.423s] Level 1:colcon.colcon_core.package_identification:_identify(rosbag2_2024_04_28-19_59_41) by extension 'ignore_ament_install'
[0.423s] Level 1:colcon.colcon_core.package_identification:_identify(rosbag2_2024_04_28-19_59_41) by extensions ['colcon_pkg']
[0.423s] Level 1:colcon.colcon_core.package_identification:_identify(rosbag2_2024_04_28-19_59_41) by extension 'colcon_pkg'
[0.423s] Level 1:colcon.colcon_core.package_identification:_identify(rosbag2_2024_04_28-19_59_41) by extensions ['colcon_meta']
[0.423s] Level 1:colcon.colcon_core.package_identification:_identify(rosbag2_2024_04_28-19_59_41) by extension 'colcon_meta'
[0.423s] Level 1:colcon.colcon_core.package_identification:_identify(rosbag2_2024_04_28-19_59_41) by extensions ['ros']
[0.423s] Level 1:colcon.colcon_core.package_identification:_identify(rosbag2_2024_04_28-19_59_41) by extension 'ros'
[0.423s] Level 1:colcon.colcon_core.package_identification:_identify(rosbag2_2024_04_28-19_59_41) by extensions ['cmake', 'python']
[0.423s] Level 1:colcon.colcon_core.package_identification:_identify(rosbag2_2024_04_28-19_59_41) by extension 'cmake'
[0.424s] Level 1:colcon.colcon_core.package_identification:_identify(rosbag2_2024_04_28-19_59_41) by extension 'python'
[0.424s] Level 1:colcon.colcon_core.package_identification:_identify(rosbag2_2024_04_28-19_59_41) by extensions ['python_setup_py']
[0.424s] Level 1:colcon.colcon_core.package_identification:_identify(rosbag2_2024_04_28-19_59_41) by extension 'python_setup_py'
[0.424s] Level 1:colcon.colcon_core.package_discovery:discover_packages(recursive) using defaults
[0.424s] Level 1:colcon.colcon_core.package_discovery:discover_packages(ignore) discover
[0.424s] Level 1:colcon.colcon_core.package_discovery:discover_packages(ignore) using defaults
[0.424s] Level 1:colcon.colcon_core.package_discovery:discover_packages(path) discover
[0.424s] Level 1:colcon.colcon_core.package_discovery:discover_packages(path) using defaults
[0.481s] Level 1:colcon.colcon_core.package_discovery:discover_packages(prefix_path) check parameters
[0.481s] Level 1:colcon.colcon_core.package_discovery:discover_packages(prefix_path) discover
[0.483s] DEBUG:colcon.colcon_installed_package_information.package_discovery:Found 1 installed packages in /home/anavale/ros2_ws1/src/install
[0.484s] DEBUG:colcon.colcon_installed_package_information.package_discovery:Found 3 installed packages in /home/anavale/ros2_utilities_ws/install
[0.486s] DEBUG:colcon.colcon_installed_package_information.package_discovery:Found 270 installed packages in /opt/ros/humble
[0.487s] Level 1:colcon.colcon_core.package_discovery:discover_packages(prefix_path) using defaults
[0.536s] Level 5:colcon.colcon_core.verb:set package 'purepursuit' build argument 'cmake_args' from command line to 'None'
[0.537s] Level 5:colcon.colcon_core.verb:set package 'purepursuit' build argument 'cmake_target' from command line to 'None'
[0.537s] Level 5:colcon.colcon_core.verb:set package 'purepursuit' build argument 'cmake_target_skip_unavailable' from command line to 'False'
[0.537s] Level 5:colcon.colcon_core.verb:set package 'purepursuit' build argument 'cmake_clean_cache' from command line to 'False'
[0.537s] Level 5:colcon.colcon_core.verb:set package 'purepursuit' build argument 'cmake_clean_first' from command line to 'False'
[0.537s] Level 5:colcon.colcon_core.verb:set package 'purepursuit' build argument 'cmake_force_configure' from command line to 'False'
[0.537s] Level 5:colcon.colcon_core.verb:set package 'purepursuit' build argument 'ament_cmake_args' from command line to 'None'
[0.537s] Level 5:colcon.colcon_core.verb:set package 'purepursuit' build argument 'catkin_cmake_args' from command line to 'None'
[0.537s] Level 5:colcon.colcon_core.verb:set package 'purepursuit' build argument 'catkin_skip_building_tests' from command line to 'False'
[0.537s] DEBUG:colcon.colcon_core.verb:Building package 'purepursuit' with the following arguments: {'ament_cmake_args': None, 'build_base': '/home/anavale/ros2_ws1/src/build/purepursuit', 'catkin_cmake_args': None, 'catkin_skip_building_tests': False, 'cmake_args': None, 'cmake_clean_cache': False, 'cmake_clean_first': False, 'cmake_force_configure': False, 'cmake_target': None, 'cmake_target_skip_unavailable': False, 'install_base': '/home/anavale/ros2_ws1/src/install/purepursuit', 'merge_install': False, 'path': '/home/anavale/ros2_ws1/src/purepursuit', 'symlink_install': True, 'test_result_base': None}
[0.537s] INFO:colcon.colcon_core.executor:Executing jobs using 'parallel' executor
[0.539s] DEBUG:colcon.colcon_parallel_executor.executor.parallel:run_until_complete
[0.539s] INFO:colcon.colcon_ros.task.ament_python.build:Building ROS package in '/home/anavale/ros2_ws1/src/purepursuit' with build type 'ament_python'
[0.539s] Level 1:colcon.colcon_core.shell:create_environment_hook('purepursuit', 'ament_prefix_path')
[0.542s] INFO:colcon.colcon_core.plugin_system:Skipping extension 'colcon_core.shell.bat': Not used on non-Windows systems
[0.543s] INFO:colcon.colcon_core.shell:Creating environment hook '/home/anavale/ros2_ws1/src/install/purepursuit/share/purepursuit/hook/ament_prefix_path.ps1'
[0.543s] INFO:colcon.colcon_core.shell:Creating environment descriptor '/home/anavale/ros2_ws1/src/install/purepursuit/share/purepursuit/hook/ament_prefix_path.dsv'
[0.544s] INFO:colcon.colcon_core.shell:Creating environment hook '/home/anavale/ros2_ws1/src/install/purepursuit/share/purepursuit/hook/ament_prefix_path.sh'
[0.545s] INFO:colcon.colcon_core.shell:Skip shell extension 'powershell' for command environment: Not usable outside of PowerShell
[0.545s] DEBUG:colcon.colcon_core.shell:Skip shell extension 'dsv' for command environment
[0.897s] INFO:colcon.colcon_core.task.python.build:Building Python package in '/home/anavale/ros2_ws1/src/purepursuit'
[0.897s] INFO:colcon.colcon_core.shell:Skip shell extension 'powershell' for command environment: Not usable outside of PowerShell
[0.897s] DEBUG:colcon.colcon_core.shell:Skip shell extension 'dsv' for command environment
[1.343s] DEBUG:colcon.colcon_core.task.python.build:While undoing a previous installation files outside the Python library path are being ignored: /home/anavale/ros2_ws1/src/install/purepursuit/share/ament_index/resource_index/packages/purepursuit
[1.343s] DEBUG:colcon.colcon_core.task.python.build:While undoing a previous installation files outside the Python library path are being ignored: /home/anavale/ros2_ws1/src/install/purepursuit/share/purepursuit/package.xml
[1.343s] DEBUG:colcon.colcon_core.task.python.build:While undoing a previous installation files outside the Python library path are being ignored: /home/anavale/ros2_ws1/src/install/purepursuit/share/purepursuit/launch/pure.launch.py
[1.344s] DEBUG:colcon.colcon_core.task.python.build:While undoing a previous installation files outside the Python library path are being ignored: /home/anavale/ros2_ws1/src/install/purepursuit/lib/purepursuit/purepursuit
[1.350s] DEBUG:colcon.colcon_core.event_handler.log_command:Invoking command in '/home/anavale/ros2_ws1/src/build/purepursuit': PYTHONPATH=/home/anavale/ros2_ws1/src/build/purepursuit/prefix_override:/home/anavale/ros2_ws1/src/install/purepursuit/lib/python3.10/site-packages:${PYTHONPATH} /usr/bin/python3 -W ignore:setup.py install is deprecated setup.py develop --editable --build-directory /home/anavale/ros2_ws1/src/build/purepursuit/build --no-deps symlink_data --force
[1.946s] Level 1:colcon.colcon_core.shell:create_environment_hook('purepursuit', 'pythonpath_develop')
[1.947s] INFO:colcon.colcon_core.shell:Creating environment hook '/home/anavale/ros2_ws1/src/build/purepursuit/share/purepursuit/hook/pythonpath_develop.ps1'
[1.947s] DEBUG:colcon.colcon_core.event_handler.log_command:Invoked command in '/home/anavale/ros2_ws1/src/build/purepursuit' returned '0': PYTHONPATH=/home/anavale/ros2_ws1/src/build/purepursuit/prefix_override:/home/anavale/ros2_ws1/src/install/purepursuit/lib/python3.10/site-packages:${PYTHONPATH} /usr/bin/python3 -W ignore:setup.py install is deprecated setup.py develop --editable --build-directory /home/anavale/ros2_ws1/src/build/purepursuit/build --no-deps symlink_data --force
[1.948s] INFO:colcon.colcon_core.shell:Creating environment descriptor '/home/anavale/ros2_ws1/src/build/purepursuit/share/purepursuit/hook/pythonpath_develop.dsv'
[1.949s] INFO:colcon.colcon_core.shell:Creating environment hook '/home/anavale/ros2_ws1/src/build/purepursuit/share/purepursuit/hook/pythonpath_develop.sh'
[1.954s] Level 1:colcon.colcon_core.environment:checking '/home/anavale/ros2_ws1/src/install/purepursuit' for CMake module files
[1.955s] Level 1:colcon.colcon_core.environment:checking '/home/anavale/ros2_ws1/src/install/purepursuit' for CMake config files
[1.956s] Level 1:colcon.colcon_core.environment:checking '/home/anavale/ros2_ws1/src/install/purepursuit/lib'
[1.957s] Level 1:colcon.colcon_core.environment:checking '/home/anavale/ros2_ws1/src/install/purepursuit/bin'
[1.957s] Level 1:colcon.colcon_core.environment:checking '/home/anavale/ros2_ws1/src/install/purepursuit/lib/pkgconfig/purepursuit.pc'
[1.957s] Level 1:colcon.colcon_core.environment:checking '/home/anavale/ros2_ws1/src/install/purepursuit/lib/python3.10/site-packages'
[1.957s] Level 1:colcon.colcon_core.shell:create_environment_hook('purepursuit', 'pythonpath')
[1.958s] INFO:colcon.colcon_core.shell:Creating environment hook '/home/anavale/ros2_ws1/src/install/purepursuit/share/purepursuit/hook/pythonpath.ps1'
[1.959s] INFO:colcon.colcon_core.shell:Creating environment descriptor '/home/anavale/ros2_ws1/src/install/purepursuit/share/purepursuit/hook/pythonpath.dsv'
[1.959s] INFO:colcon.colcon_core.shell:Creating environment hook '/home/anavale/ros2_ws1/src/install/purepursuit/share/purepursuit/hook/pythonpath.sh'
[1.960s] Level 1:colcon.colcon_core.environment:checking '/home/anavale/ros2_ws1/src/install/purepursuit/bin'
[1.961s] Level 1:colcon.colcon_core.environment:create_environment_scripts_only(purepursuit)
[1.961s] INFO:colcon.colcon_core.shell:Creating package script '/home/anavale/ros2_ws1/src/install/purepursuit/share/purepursuit/package.ps1'
[1.963s] INFO:colcon.colcon_core.shell:Creating package descriptor '/home/anavale/ros2_ws1/src/install/purepursuit/share/purepursuit/package.dsv'
[1.964s] INFO:colcon.colcon_core.shell:Creating package script '/home/anavale/ros2_ws1/src/install/purepursuit/share/purepursuit/package.sh'
[1.966s] INFO:colcon.colcon_core.shell:Creating package script '/home/anavale/ros2_ws1/src/install/purepursuit/share/purepursuit/package.bash'
[1.967s] INFO:colcon.colcon_core.shell:Creating package script '/home/anavale/ros2_ws1/src/install/purepursuit/share/purepursuit/package.zsh'
[1.969s] Level 1:colcon.colcon_core.environment:create_file_with_runtime_dependencies(/home/anavale/ros2_ws1/src/install/purepursuit/share/colcon-core/packages/purepursuit)
[1.969s] DEBUG:colcon.colcon_parallel_executor.executor.parallel:closing loop
[1.970s] DEBUG:colcon.colcon_parallel_executor.executor.parallel:loop closed
[1.970s] DEBUG:colcon.colcon_parallel_executor.executor.parallel:run_until_complete finished with '0'
[1.970s] DEBUG:colcon.colcon_core.event_reactor:joining thread
[1.981s] INFO:colcon.colcon_core.plugin_system:Skipping extension 'colcon_notification.desktop_notification.terminal_notifier': Not used on non-Darwin systems
[1.981s] INFO:colcon.colcon_core.plugin_system:Skipping extension 'colcon_notification.desktop_notification.win32': Not used on non-Windows systems
[1.981s] INFO:colcon.colcon_notification.desktop_notification:Sending desktop notification using 'notify2'
[2.006s] DEBUG:colcon.colcon_core.event_reactor:joined thread
[2.006s] INFO:colcon.colcon_core.shell:Creating prefix script '/home/anavale/ros2_ws1/src/install/local_setup.ps1'
[2.008s] INFO:colcon.colcon_core.shell:Creating prefix util module '/home/anavale/ros2_ws1/src/install/_local_setup_util_ps1.py'
[2.011s] INFO:colcon.colcon_core.shell:Creating prefix chain script '/home/anavale/ros2_ws1/src/install/setup.ps1'
[2.014s] INFO:colcon.colcon_core.shell:Creating prefix script '/home/anavale/ros2_ws1/src/install/local_setup.sh'
[2.015s] INFO:colcon.colcon_core.shell:Creating prefix util module '/home/anavale/ros2_ws1/src/install/_local_setup_util_sh.py'
[2.016s] INFO:colcon.colcon_core.shell:Creating prefix chain script '/home/anavale/ros2_ws1/src/install/setup.sh'
[2.019s] INFO:colcon.colcon_core.shell:Creating prefix script '/home/anavale/ros2_ws1/src/install/local_setup.bash'
[2.019s] INFO:colcon.colcon_core.shell:Creating prefix chain script '/home/anavale/ros2_ws1/src/install/setup.bash'
[2.022s] INFO:colcon.colcon_core.shell:Creating prefix script '/home/anavale/ros2_ws1/src/install/local_setup.zsh'
[2.023s] INFO:colcon.colcon_core.shell:Creating prefix chain script '/home/anavale/ros2_ws1/src/install/setup.zsh'
