[0.083s] DEBUG:colcon:Command line arguments: ['/usr/bin/colcon', 'build']
[0.083s] DEBUG:colcon:Parsed command line arguments: Namespace(log_base=None, log_level=None, verb_name='build', build_base='build', install_base='install', merge_install=False, symlink_install=False, test_result_base=None, continue_on_error=False, executor='parallel', parallel_workers=16, event_handlers=None, ignore_user_meta=False, metas=['./colcon.meta'], base_paths=['.'], packages_ignore=None, packages_ignore_regex=None, paths=None, packages_up_to=None, packages_up_to_regex=None, packages_above=None, packages_above_and_dependencies=None, packages_above_depth=None, packages_select_by_dep=None, packages_skip_by_dep=None, packages_skip_up_to=None, packages_select_build_failed=False, packages_skip_build_finished=False, packages_select_test_failures=False, packages_skip_test_passed=False, packages_select=None, packages_skip=None, packages_select_regex=None, packages_skip_regex=None, packages_start=None, packages_end=None, allow_overriding=[], cmake_args=None, cmake_target=None, cmake_target_skip_unavailable=False, cmake_clean_cache=False, cmake_clean_first=False, cmake_force_configure=False, ament_cmake_args=None, catkin_cmake_args=None, catkin_skip_building_tests=False, mixin_files=None, mixin=None, verb_parser=<colcon_mixin.mixin.mixin_argument.MixinArgumentDecorator object at 0x7a47d13367a0>, verb_extension=<colcon_core.verb.build.BuildVerb object at 0x7a47d13361d0>, main=<bound method BuildVerb.main of <colcon_core.verb.build.BuildVerb object at 0x7a47d13361d0>>, mixin_verb=('build',))
[0.219s] Level 1:colcon.colcon_core.package_discovery:discover_packages(colcon_meta) check parameters
[0.219s] Level 1:colcon.colcon_core.package_discovery:discover_packages(recursive) check parameters
[0.219s] Level 1:colcon.colcon_core.package_discovery:discover_packages(ignore) check parameters
[0.219s] Level 1:colcon.colcon_core.package_discovery:discover_packages(path) check parameters
[0.219s] Level 1:colcon.colcon_core.package_discovery:discover_packages(colcon_meta) discover
[0.219s] Level 1:colcon.colcon_core.package_discovery:discover_packages(recursive) discover
[0.219s] INFO:colcon.colcon_core.package_discovery:Crawling recursively for packages in '/home/anavale/ros2_ws1'
[0.219s] Level 1:colcon.colcon_core.package_identification:_identify(.) by extensions ['ignore', 'ignore_ament_install']
[0.219s] Level 1:colcon.colcon_core.package_identification:_identify(.) by extension 'ignore'
[0.219s] Level 1:colcon.colcon_core.package_identification:_identify(.) by extension 'ignore_ament_install'
[0.219s] Level 1:colcon.colcon_core.package_identification:_identify(.) by extensions ['colcon_pkg']
[0.220s] Level 1:colcon.colcon_core.package_identification:_identify(.) by extension 'colcon_pkg'
[0.220s] Level 1:colcon.colcon_core.package_identification:_identify(.) by extensions ['colcon_meta']
[0.220s] Level 1:colcon.colcon_core.package_identification:_identify(.) by extension 'colcon_meta'
[0.220s] Level 1:colcon.colcon_core.package_identification:_identify(.) by extensions ['ros']
[0.220s] Level 1:colcon.colcon_core.package_identification:_identify(.) by extension 'ros'
[0.228s] Level 1:colcon.colcon_core.package_identification:_identify(.) by extensions ['cmake', 'python']
[0.228s] Level 1:colcon.colcon_core.package_identification:_identify(.) by extension 'cmake'
[0.228s] Level 1:colcon.colcon_core.package_identification:_identify(.) by extension 'python'
[0.228s] Level 1:colcon.colcon_core.package_identification:_identify(.) by extensions ['python_setup_py']
[0.228s] Level 1:colcon.colcon_core.package_identification:_identify(.) by extension 'python_setup_py'
[0.228s] Level 1:colcon.colcon_core.package_identification:_identify(build) by extensions ['ignore', 'ignore_ament_install']
[0.228s] Level 1:colcon.colcon_core.package_identification:_identify(build) by extension 'ignore'
[0.228s] Level 1:colcon.colcon_core.package_identification:_identify(build) ignored
[0.228s] Level 1:colcon.colcon_core.package_identification:_identify(install) by extensions ['ignore', 'ignore_ament_install']
[0.228s] Level 1:colcon.colcon_core.package_identification:_identify(install) by extension 'ignore'
[0.229s] Level 1:colcon.colcon_core.package_identification:_identify(install) ignored
[0.229s] Level 1:colcon.colcon_core.package_identification:_identify(log) by extensions ['ignore', 'ignore_ament_install']
[0.229s] Level 1:colcon.colcon_core.package_identification:_identify(log) by extension 'ignore'
[0.229s] Level 1:colcon.colcon_core.package_identification:_identify(log) ignored
[0.229s] Level 1:colcon.colcon_core.package_identification:_identify(src) by extensions ['ignore', 'ignore_ament_install']
[0.229s] Level 1:colcon.colcon_core.package_identification:_identify(src) by extension 'ignore'
[0.229s] Level 1:colcon.colcon_core.package_identification:_identify(src) by extension 'ignore_ament_install'
[0.229s] Level 1:colcon.colcon_core.package_identification:_identify(src) by extensions ['colcon_pkg']
[0.229s] Level 1:colcon.colcon_core.package_identification:_identify(src) by extension 'colcon_pkg'
[0.229s] Level 1:colcon.colcon_core.package_identification:_identify(src) by extensions ['colcon_meta']
[0.229s] Level 1:colcon.colcon_core.package_identification:_identify(src) by extension 'colcon_meta'
[0.229s] Level 1:colcon.colcon_core.package_identification:_identify(src) by extensions ['ros']
[0.229s] Level 1:colcon.colcon_core.package_identification:_identify(src) by extension 'ros'
[0.229s] Level 1:colcon.colcon_core.package_identification:_identify(src) by extensions ['cmake', 'python']
[0.229s] Level 1:colcon.colcon_core.package_identification:_identify(src) by extension 'cmake'
[0.229s] Level 1:colcon.colcon_core.package_identification:_identify(src) by extension 'python'
[0.229s] Level 1:colcon.colcon_core.package_identification:_identify(src) by extensions ['python_setup_py']
[0.229s] Level 1:colcon.colcon_core.package_identification:_identify(src) by extension 'python_setup_py'
[0.229s] Level 1:colcon.colcon_core.package_identification:_identify(src/build) by extensions ['ignore', 'ignore_ament_install']
[0.229s] Level 1:colcon.colcon_core.package_identification:_identify(src/build) by extension 'ignore'
[0.229s] Level 1:colcon.colcon_core.package_identification:_identify(src/build) ignored
[0.229s] Level 1:colcon.colcon_core.package_identification:_identify(src/install) by extensions ['ignore', 'ignore_ament_install']
[0.230s] Level 1:colcon.colcon_core.package_identification:_identify(src/install) by extension 'ignore'
[0.230s] Level 1:colcon.colcon_core.package_identification:_identify(src/install) ignored
[0.230s] Level 1:colcon.colcon_core.package_identification:_identify(src/log) by extensions ['ignore', 'ignore_ament_install']
[0.230s] Level 1:colcon.colcon_core.package_identification:_identify(src/log) by extension 'ignore'
[0.230s] Level 1:colcon.colcon_core.package_identification:_identify(src/log) ignored
[0.230s] Level 1:colcon.colcon_core.package_identification:_identify(src/purepursuit) by extensions ['ignore', 'ignore_ament_install']
[0.230s] Level 1:colcon.colcon_core.package_identification:_identify(src/purepursuit) by extension 'ignore'
[0.230s] Level 1:colcon.colcon_core.package_identification:_identify(src/purepursuit) by extension 'ignore_ament_install'
[0.230s] Level 1:colcon.colcon_core.package_identification:_identify(src/purepursuit) by extensions ['colcon_pkg']
[0.230s] Level 1:colcon.colcon_core.package_identification:_identify(src/purepursuit) by extension 'colcon_pkg'
[0.230s] Level 1:colcon.colcon_core.package_identification:_identify(src/purepursuit) by extensions ['colcon_meta']
[0.230s] Level 1:colcon.colcon_core.package_identification:_identify(src/purepursuit) by extension 'colcon_meta'
[0.230s] Level 1:colcon.colcon_core.package_identification:_identify(src/purepursuit) by extensions ['ros']
[0.230s] Level 1:colcon.colcon_core.package_identification:_identify(src/purepursuit) by extension 'ros'
[0.260s] DEBUG:colcon.colcon_core.package_identification:Package 'src/purepursuit' with type 'ros.ament_python' and name 'purepursuit'
[0.260s] Level 1:colcon.colcon_core.package_identification:_identify(src/rosbag2_2024_04_30-02_06_25) by extensions ['ignore', 'ignore_ament_install']
[0.260s] Level 1:colcon.colcon_core.package_identification:_identify(src/rosbag2_2024_04_30-02_06_25) by extension 'ignore'
[0.260s] Level 1:colcon.colcon_core.package_identification:_identify(src/rosbag2_2024_04_30-02_06_25) by extension 'ignore_ament_install'
[0.260s] Level 1:colcon.colcon_core.package_identification:_identify(src/rosbag2_2024_04_30-02_06_25) by extensions ['colcon_pkg']
[0.260s] Level 1:colcon.colcon_core.package_identification:_identify(src/rosbag2_2024_04_30-02_06_25) by extension 'colcon_pkg'
[0.260s] Level 1:colcon.colcon_core.package_identification:_identify(src/rosbag2_2024_04_30-02_06_25) by extensions ['colcon_meta']
[0.260s] Level 1:colcon.colcon_core.package_identification:_identify(src/rosbag2_2024_04_30-02_06_25) by extension 'colcon_meta'
[0.260s] Level 1:colcon.colcon_core.package_identification:_identify(src/rosbag2_2024_04_30-02_06_25) by extensions ['ros']
[0.260s] Level 1:colcon.colcon_core.package_identification:_identify(src/rosbag2_2024_04_30-02_06_25) by extension 'ros'
[0.260s] Level 1:colcon.colcon_core.package_identification:_identify(src/rosbag2_2024_04_30-02_06_25) by extensions ['cmake', 'python']
[0.260s] Level 1:colcon.colcon_core.package_identification:_identify(src/rosbag2_2024_04_30-02_06_25) by extension 'cmake'
[0.260s] Level 1:colcon.colcon_core.package_identification:_identify(src/rosbag2_2024_04_30-02_06_25) by extension 'python'
[0.260s] Level 1:colcon.colcon_core.package_identification:_identify(src/rosbag2_2024_04_30-02_06_25) by extensions ['python_setup_py']
[0.260s] Level 1:colcon.colcon_core.package_identification:_identify(src/rosbag2_2024_04_30-02_06_25) by extension 'python_setup_py'
[0.260s] Level 1:colcon.colcon_core.package_identification:_identify(src/rosbag2_2024_04_30-02_08_16) by extensions ['ignore', 'ignore_ament_install']
[0.261s] Level 1:colcon.colcon_core.package_identification:_identify(src/rosbag2_2024_04_30-02_08_16) by extension 'ignore'
[0.261s] Level 1:colcon.colcon_core.package_identification:_identify(src/rosbag2_2024_04_30-02_08_16) by extension 'ignore_ament_install'
[0.261s] Level 1:colcon.colcon_core.package_identification:_identify(src/rosbag2_2024_04_30-02_08_16) by extensions ['colcon_pkg']
[0.261s] Level 1:colcon.colcon_core.package_identification:_identify(src/rosbag2_2024_04_30-02_08_16) by extension 'colcon_pkg'
[0.261s] Level 1:colcon.colcon_core.package_identification:_identify(src/rosbag2_2024_04_30-02_08_16) by extensions ['colcon_meta']
[0.261s] Level 1:colcon.colcon_core.package_identification:_identify(src/rosbag2_2024_04_30-02_08_16) by extension 'colcon_meta'
[0.261s] Level 1:colcon.colcon_core.package_identification:_identify(src/rosbag2_2024_04_30-02_08_16) by extensions ['ros']
[0.261s] Level 1:colcon.colcon_core.package_identification:_identify(src/rosbag2_2024_04_30-02_08_16) by extension 'ros'
[0.261s] Level 1:colcon.colcon_core.package_identification:_identify(src/rosbag2_2024_04_30-02_08_16) by extensions ['cmake', 'python']
[0.261s] Level 1:colcon.colcon_core.package_identification:_identify(src/rosbag2_2024_04_30-02_08_16) by extension 'cmake'
[0.261s] Level 1:colcon.colcon_core.package_identification:_identify(src/rosbag2_2024_04_30-02_08_16) by extension 'python'
[0.261s] Level 1:colcon.colcon_core.package_identification:_identify(src/rosbag2_2024_04_30-02_08_16) by extensions ['python_setup_py']
[0.261s] Level 1:colcon.colcon_core.package_identification:_identify(src/rosbag2_2024_04_30-02_08_16) by extension 'python_setup_py'
[0.261s] Level 1:colcon.colcon_core.package_identification:_identify(src/rosbag2_2024_04_30-02_16_58) by extensions ['ignore', 'ignore_ament_install']
[0.261s] Level 1:colcon.colcon_core.package_identification:_identify(src/rosbag2_2024_04_30-02_16_58) by extension 'ignore'
[0.261s] Level 1:colcon.colcon_core.package_identification:_identify(src/rosbag2_2024_04_30-02_16_58) by extension 'ignore_ament_install'
[0.261s] Level 1:colcon.colcon_core.package_identification:_identify(src/rosbag2_2024_04_30-02_16_58) by extensions ['colcon_pkg']
[0.261s] Level 1:colcon.colcon_core.package_identification:_identify(src/rosbag2_2024_04_30-02_16_58) by extension 'colcon_pkg'
[0.261s] Level 1:colcon.colcon_core.package_identification:_identify(src/rosbag2_2024_04_30-02_16_58) by extensions ['colcon_meta']
[0.261s] Level 1:colcon.colcon_core.package_identification:_identify(src/rosbag2_2024_04_30-02_16_58) by extension 'colcon_meta'
[0.261s] Level 1:colcon.colcon_core.package_identification:_identify(src/rosbag2_2024_04_30-02_16_58) by extensions ['ros']
[0.261s] Level 1:colcon.colcon_core.package_identification:_identify(src/rosbag2_2024_04_30-02_16_58) by extension 'ros'
[0.261s] Level 1:colcon.colcon_core.package_identification:_identify(src/rosbag2_2024_04_30-02_16_58) by extensions ['cmake', 'python']
[0.261s] Level 1:colcon.colcon_core.package_identification:_identify(src/rosbag2_2024_04_30-02_16_58) by extension 'cmake'
[0.261s] Level 1:colcon.colcon_core.package_identification:_identify(src/rosbag2_2024_04_30-02_16_58) by extension 'python'
[0.261s] Level 1:colcon.colcon_core.package_identification:_identify(src/rosbag2_2024_04_30-02_16_58) by extensions ['python_setup_py']
[0.261s] Level 1:colcon.colcon_core.package_identification:_identify(src/rosbag2_2024_04_30-02_16_58) by extension 'python_setup_py'
[0.262s] Level 1:colcon.colcon_core.package_identification:_identify(src/rosbag2_2024_04_30-02_27_05) by extensions ['ignore', 'ignore_ament_install']
[0.262s] Level 1:colcon.colcon_core.package_identification:_identify(src/rosbag2_2024_04_30-02_27_05) by extension 'ignore'
[0.262s] Level 1:colcon.colcon_core.package_identification:_identify(src/rosbag2_2024_04_30-02_27_05) by extension 'ignore_ament_install'
[0.262s] Level 1:colcon.colcon_core.package_identification:_identify(src/rosbag2_2024_04_30-02_27_05) by extensions ['colcon_pkg']
[0.262s] Level 1:colcon.colcon_core.package_identification:_identify(src/rosbag2_2024_04_30-02_27_05) by extension 'colcon_pkg'
[0.262s] Level 1:colcon.colcon_core.package_identification:_identify(src/rosbag2_2024_04_30-02_27_05) by extensions ['colcon_meta']
[0.262s] Level 1:colcon.colcon_core.package_identification:_identify(src/rosbag2_2024_04_30-02_27_05) by extension 'colcon_meta'
[0.262s] Level 1:colcon.colcon_core.package_identification:_identify(src/rosbag2_2024_04_30-02_27_05) by extensions ['ros']
[0.262s] Level 1:colcon.colcon_core.package_identification:_identify(src/rosbag2_2024_04_30-02_27_05) by extension 'ros'
[0.262s] Level 1:colcon.colcon_core.package_identification:_identify(src/rosbag2_2024_04_30-02_27_05) by extensions ['cmake', 'python']
[0.262s] Level 1:colcon.colcon_core.package_identification:_identify(src/rosbag2_2024_04_30-02_27_05) by extension 'cmake'
[0.262s] Level 1:colcon.colcon_core.package_identification:_identify(src/rosbag2_2024_04_30-02_27_05) by extension 'python'
[0.262s] Level 1:colcon.colcon_core.package_identification:_identify(src/rosbag2_2024_04_30-02_27_05) by extensions ['python_setup_py']
[0.262s] Level 1:colcon.colcon_core.package_identification:_identify(src/rosbag2_2024_04_30-02_27_05) by extension 'python_setup_py'
[0.262s] Level 1:colcon.colcon_core.package_identification:_identify(src/rosbag2_2024_04_30-18_34_05) by extensions ['ignore', 'ignore_ament_install']
[0.262s] Level 1:colcon.colcon_core.package_identification:_identify(src/rosbag2_2024_04_30-18_34_05) by extension 'ignore'
[0.262s] Level 1:colcon.colcon_core.package_identification:_identify(src/rosbag2_2024_04_30-18_34_05) by extension 'ignore_ament_install'
[0.262s] Level 1:colcon.colcon_core.package_identification:_identify(src/rosbag2_2024_04_30-18_34_05) by extensions ['colcon_pkg']
[0.262s] Level 1:colcon.colcon_core.package_identification:_identify(src/rosbag2_2024_04_30-18_34_05) by extension 'colcon_pkg'
[0.262s] Level 1:colcon.colcon_core.package_identification:_identify(src/rosbag2_2024_04_30-18_34_05) by extensions ['colcon_meta']
[0.262s] Level 1:colcon.colcon_core.package_identification:_identify(src/rosbag2_2024_04_30-18_34_05) by extension 'colcon_meta'
[0.262s] Level 1:colcon.colcon_core.package_identification:_identify(src/rosbag2_2024_04_30-18_34_05) by extensions ['ros']
[0.262s] Level 1:colcon.colcon_core.package_identification:_identify(src/rosbag2_2024_04_30-18_34_05) by extension 'ros'
[0.262s] Level 1:colcon.colcon_core.package_identification:_identify(src/rosbag2_2024_04_30-18_34_05) by extensions ['cmake', 'python']
[0.262s] Level 1:colcon.colcon_core.package_identification:_identify(src/rosbag2_2024_04_30-18_34_05) by extension 'cmake'
[0.263s] Level 1:colcon.colcon_core.package_identification:_identify(src/rosbag2_2024_04_30-18_34_05) by extension 'python'
[0.263s] Level 1:colcon.colcon_core.package_identification:_identify(src/rosbag2_2024_04_30-18_34_05) by extensions ['python_setup_py']
[0.263s] Level 1:colcon.colcon_core.package_identification:_identify(src/rosbag2_2024_04_30-18_34_05) by extension 'python_setup_py'
[0.263s] Level 1:colcon.colcon_core.package_identification:_identify(src/rosbag2_2024_04_30-18_35_30) by extensions ['ignore', 'ignore_ament_install']
[0.263s] Level 1:colcon.colcon_core.package_identification:_identify(src/rosbag2_2024_04_30-18_35_30) by extension 'ignore'
[0.263s] Level 1:colcon.colcon_core.package_identification:_identify(src/rosbag2_2024_04_30-18_35_30) by extension 'ignore_ament_install'
[0.263s] Level 1:colcon.colcon_core.package_identification:_identify(src/rosbag2_2024_04_30-18_35_30) by extensions ['colcon_pkg']
[0.263s] Level 1:colcon.colcon_core.package_identification:_identify(src/rosbag2_2024_04_30-18_35_30) by extension 'colcon_pkg'
[0.263s] Level 1:colcon.colcon_core.package_identification:_identify(src/rosbag2_2024_04_30-18_35_30) by extensions ['colcon_meta']
[0.263s] Level 1:colcon.colcon_core.package_identification:_identify(src/rosbag2_2024_04_30-18_35_30) by extension 'colcon_meta'
[0.263s] Level 1:colcon.colcon_core.package_identification:_identify(src/rosbag2_2024_04_30-18_35_30) by extensions ['ros']
[0.263s] Level 1:colcon.colcon_core.package_identification:_identify(src/rosbag2_2024_04_30-18_35_30) by extension 'ros'
[0.263s] Level 1:colcon.colcon_core.package_identification:_identify(src/rosbag2_2024_04_30-18_35_30) by extensions ['cmake', 'python']
[0.263s] Level 1:colcon.colcon_core.package_identification:_identify(src/rosbag2_2024_04_30-18_35_30) by extension 'cmake'
[0.263s] Level 1:colcon.colcon_core.package_identification:_identify(src/rosbag2_2024_04_30-18_35_30) by extension 'python'
[0.263s] Level 1:colcon.colcon_core.package_identification:_identify(src/rosbag2_2024_04_30-18_35_30) by extensions ['python_setup_py']
[0.263s] Level 1:colcon.colcon_core.package_identification:_identify(src/rosbag2_2024_04_30-18_35_30) by extension 'python_setup_py'
[0.263s] Level 1:colcon.colcon_core.package_identification:_identify(src/rosbag2_2024_04_30-18_41_48) by extensions ['ignore', 'ignore_ament_install']
[0.263s] Level 1:colcon.colcon_core.package_identification:_identify(src/rosbag2_2024_04_30-18_41_48) by extension 'ignore'
[0.263s] Level 1:colcon.colcon_core.package_identification:_identify(src/rosbag2_2024_04_30-18_41_48) by extension 'ignore_ament_install'
[0.263s] Level 1:colcon.colcon_core.package_identification:_identify(src/rosbag2_2024_04_30-18_41_48) by extensions ['colcon_pkg']
[0.263s] Level 1:colcon.colcon_core.package_identification:_identify(src/rosbag2_2024_04_30-18_41_48) by extension 'colcon_pkg'
[0.263s] Level 1:colcon.colcon_core.package_identification:_identify(src/rosbag2_2024_04_30-18_41_48) by extensions ['colcon_meta']
[0.263s] Level 1:colcon.colcon_core.package_identification:_identify(src/rosbag2_2024_04_30-18_41_48) by extension 'colcon_meta'
[0.263s] Level 1:colcon.colcon_core.package_identification:_identify(src/rosbag2_2024_04_30-18_41_48) by extensions ['ros']
[0.263s] Level 1:colcon.colcon_core.package_identification:_identify(src/rosbag2_2024_04_30-18_41_48) by extension 'ros'
[0.264s] Level 1:colcon.colcon_core.package_identification:_identify(src/rosbag2_2024_04_30-18_41_48) by extensions ['cmake', 'python']
[0.264s] Level 1:colcon.colcon_core.package_identification:_identify(src/rosbag2_2024_04_30-18_41_48) by extension 'cmake'
[0.264s] Level 1:colcon.colcon_core.package_identification:_identify(src/rosbag2_2024_04_30-18_41_48) by extension 'python'
[0.264s] Level 1:colcon.colcon_core.package_identification:_identify(src/rosbag2_2024_04_30-18_41_48) by extensions ['python_setup_py']
[0.264s] Level 1:colcon.colcon_core.package_identification:_identify(src/rosbag2_2024_04_30-18_41_48) by extension 'python_setup_py'
[0.264s] Level 1:colcon.colcon_core.package_identification:_identify(src/rosbag2_2024_04_30-18_46_10) by extensions ['ignore', 'ignore_ament_install']
[0.264s] Level 1:colcon.colcon_core.package_identification:_identify(src/rosbag2_2024_04_30-18_46_10) by extension 'ignore'
[0.264s] Level 1:colcon.colcon_core.package_identification:_identify(src/rosbag2_2024_04_30-18_46_10) by extension 'ignore_ament_install'
[0.264s] Level 1:colcon.colcon_core.package_identification:_identify(src/rosbag2_2024_04_30-18_46_10) by extensions ['colcon_pkg']
[0.264s] Level 1:colcon.colcon_core.package_identification:_identify(src/rosbag2_2024_04_30-18_46_10) by extension 'colcon_pkg'
[0.264s] Level 1:colcon.colcon_core.package_identification:_identify(src/rosbag2_2024_04_30-18_46_10) by extensions ['colcon_meta']
[0.264s] Level 1:colcon.colcon_core.package_identification:_identify(src/rosbag2_2024_04_30-18_46_10) by extension 'colcon_meta'
[0.264s] Level 1:colcon.colcon_core.package_identification:_identify(src/rosbag2_2024_04_30-18_46_10) by extensions ['ros']
[0.264s] Level 1:colcon.colcon_core.package_identification:_identify(src/rosbag2_2024_04_30-18_46_10) by extension 'ros'
[0.264s] Level 1:colcon.colcon_core.package_identification:_identify(src/rosbag2_2024_04_30-18_46_10) by extensions ['cmake', 'python']
[0.264s] Level 1:colcon.colcon_core.package_identification:_identify(src/rosbag2_2024_04_30-18_46_10) by extension 'cmake'
[0.264s] Level 1:colcon.colcon_core.package_identification:_identify(src/rosbag2_2024_04_30-18_46_10) by extension 'python'
[0.264s] Level 1:colcon.colcon_core.package_identification:_identify(src/rosbag2_2024_04_30-18_46_10) by extensions ['python_setup_py']
[0.264s] Level 1:colcon.colcon_core.package_identification:_identify(src/rosbag2_2024_04_30-18_46_10) by extension 'python_setup_py'
[0.264s] Level 1:colcon.colcon_core.package_identification:_identify(src/rosbag2_2024_04_30-19_04_56) by extensions ['ignore', 'ignore_ament_install']
[0.264s] Level 1:colcon.colcon_core.package_identification:_identify(src/rosbag2_2024_04_30-19_04_56) by extension 'ignore'
[0.264s] Level 1:colcon.colcon_core.package_identification:_identify(src/rosbag2_2024_04_30-19_04_56) by extension 'ignore_ament_install'
[0.264s] Level 1:colcon.colcon_core.package_identification:_identify(src/rosbag2_2024_04_30-19_04_56) by extensions ['colcon_pkg']
[0.264s] Level 1:colcon.colcon_core.package_identification:_identify(src/rosbag2_2024_04_30-19_04_56) by extension 'colcon_pkg'
[0.264s] Level 1:colcon.colcon_core.package_identification:_identify(src/rosbag2_2024_04_30-19_04_56) by extensions ['colcon_meta']
[0.264s] Level 1:colcon.colcon_core.package_identification:_identify(src/rosbag2_2024_04_30-19_04_56) by extension 'colcon_meta'
[0.265s] Level 1:colcon.colcon_core.package_identification:_identify(src/rosbag2_2024_04_30-19_04_56) by extensions ['ros']
[0.265s] Level 1:colcon.colcon_core.package_identification:_identify(src/rosbag2_2024_04_30-19_04_56) by extension 'ros'
[0.265s] Level 1:colcon.colcon_core.package_identification:_identify(src/rosbag2_2024_04_30-19_04_56) by extensions ['cmake', 'python']
[0.265s] Level 1:colcon.colcon_core.package_identification:_identify(src/rosbag2_2024_04_30-19_04_56) by extension 'cmake'
[0.265s] Level 1:colcon.colcon_core.package_identification:_identify(src/rosbag2_2024_04_30-19_04_56) by extension 'python'
[0.265s] Level 1:colcon.colcon_core.package_identification:_identify(src/rosbag2_2024_04_30-19_04_56) by extensions ['python_setup_py']
[0.265s] Level 1:colcon.colcon_core.package_identification:_identify(src/rosbag2_2024_04_30-19_04_56) by extension 'python_setup_py'
[0.265s] Level 1:colcon.colcon_core.package_identification:_identify(src/rosbag2_2024_04_30-19_31_32) by extensions ['ignore', 'ignore_ament_install']
[0.265s] Level 1:colcon.colcon_core.package_identification:_identify(src/rosbag2_2024_04_30-19_31_32) by extension 'ignore'
[0.265s] Level 1:colcon.colcon_core.package_identification:_identify(src/rosbag2_2024_04_30-19_31_32) by extension 'ignore_ament_install'
[0.265s] Level 1:colcon.colcon_core.package_identification:_identify(src/rosbag2_2024_04_30-19_31_32) by extensions ['colcon_pkg']
[0.265s] Level 1:colcon.colcon_core.package_identification:_identify(src/rosbag2_2024_04_30-19_31_32) by extension 'colcon_pkg'
[0.265s] Level 1:colcon.colcon_core.package_identification:_identify(src/rosbag2_2024_04_30-19_31_32) by extensions ['colcon_meta']
[0.265s] Level 1:colcon.colcon_core.package_identification:_identify(src/rosbag2_2024_04_30-19_31_32) by extension 'colcon_meta'
[0.265s] Level 1:colcon.colcon_core.package_identification:_identify(src/rosbag2_2024_04_30-19_31_32) by extensions ['ros']
[0.265s] Level 1:colcon.colcon_core.package_identification:_identify(src/rosbag2_2024_04_30-19_31_32) by extension 'ros'
[0.265s] Level 1:colcon.colcon_core.package_identification:_identify(src/rosbag2_2024_04_30-19_31_32) by extensions ['cmake', 'python']
[0.265s] Level 1:colcon.colcon_core.package_identification:_identify(src/rosbag2_2024_04_30-19_31_32) by extension 'cmake'
[0.265s] Level 1:colcon.colcon_core.package_identification:_identify(src/rosbag2_2024_04_30-19_31_32) by extension 'python'
[0.265s] Level 1:colcon.colcon_core.package_identification:_identify(src/rosbag2_2024_04_30-19_31_32) by extensions ['python_setup_py']
[0.265s] Level 1:colcon.colcon_core.package_identification:_identify(src/rosbag2_2024_04_30-19_31_32) by extension 'python_setup_py'
[0.265s] Level 1:colcon.colcon_core.package_identification:_identify(src/rosbag2_2024_04_30-19_44_27) by extensions ['ignore', 'ignore_ament_install']
[0.265s] Level 1:colcon.colcon_core.package_identification:_identify(src/rosbag2_2024_04_30-19_44_27) by extension 'ignore'
[0.265s] Level 1:colcon.colcon_core.package_identification:_identify(src/rosbag2_2024_04_30-19_44_27) by extension 'ignore_ament_install'
[0.265s] Level 1:colcon.colcon_core.package_identification:_identify(src/rosbag2_2024_04_30-19_44_27) by extensions ['colcon_pkg']
[0.265s] Level 1:colcon.colcon_core.package_identification:_identify(src/rosbag2_2024_04_30-19_44_27) by extension 'colcon_pkg'
[0.266s] Level 1:colcon.colcon_core.package_identification:_identify(src/rosbag2_2024_04_30-19_44_27) by extensions ['colcon_meta']
[0.266s] Level 1:colcon.colcon_core.package_identification:_identify(src/rosbag2_2024_04_30-19_44_27) by extension 'colcon_meta'
[0.266s] Level 1:colcon.colcon_core.package_identification:_identify(src/rosbag2_2024_04_30-19_44_27) by extensions ['ros']
[0.266s] Level 1:colcon.colcon_core.package_identification:_identify(src/rosbag2_2024_04_30-19_44_27) by extension 'ros'
[0.266s] Level 1:colcon.colcon_core.package_identification:_identify(src/rosbag2_2024_04_30-19_44_27) by extensions ['cmake', 'python']
[0.266s] Level 1:colcon.colcon_core.package_identification:_identify(src/rosbag2_2024_04_30-19_44_27) by extension 'cmake'
[0.266s] Level 1:colcon.colcon_core.package_identification:_identify(src/rosbag2_2024_04_30-19_44_27) by extension 'python'
[0.266s] Level 1:colcon.colcon_core.package_identification:_identify(src/rosbag2_2024_04_30-19_44_27) by extensions ['python_setup_py']
[0.266s] Level 1:colcon.colcon_core.package_identification:_identify(src/rosbag2_2024_04_30-19_44_27) by extension 'python_setup_py'
[0.266s] Level 1:colcon.colcon_core.package_discovery:discover_packages(recursive) using defaults
[0.266s] Level 1:colcon.colcon_core.package_discovery:discover_packages(ignore) discover
[0.266s] Level 1:colcon.colcon_core.package_discovery:discover_packages(ignore) using defaults
[0.266s] Level 1:colcon.colcon_core.package_discovery:discover_packages(path) discover
[0.266s] Level 1:colcon.colcon_core.package_discovery:discover_packages(path) using defaults
[0.290s] Level 1:colcon.colcon_core.package_discovery:discover_packages(prefix_path) check parameters
[0.290s] Level 1:colcon.colcon_core.package_discovery:discover_packages(prefix_path) discover
[0.292s] DEBUG:colcon.colcon_installed_package_information.package_discovery:Found 3 installed packages in /home/anavale/ros2_utilities_ws/install
[0.293s] DEBUG:colcon.colcon_installed_package_information.package_discovery:Found 270 installed packages in /opt/ros/humble
[0.294s] Level 1:colcon.colcon_core.package_discovery:discover_packages(prefix_path) using defaults
[0.322s] Level 5:colcon.colcon_core.verb:set package 'purepursuit' build argument 'cmake_args' from command line to 'None'
[0.322s] Level 5:colcon.colcon_core.verb:set package 'purepursuit' build argument 'cmake_target' from command line to 'None'
[0.322s] Level 5:colcon.colcon_core.verb:set package 'purepursuit' build argument 'cmake_target_skip_unavailable' from command line to 'False'
[0.322s] Level 5:colcon.colcon_core.verb:set package 'purepursuit' build argument 'cmake_clean_cache' from command line to 'False'
[0.322s] Level 5:colcon.colcon_core.verb:set package 'purepursuit' build argument 'cmake_clean_first' from command line to 'False'
[0.322s] Level 5:colcon.colcon_core.verb:set package 'purepursuit' build argument 'cmake_force_configure' from command line to 'False'
[0.322s] Level 5:colcon.colcon_core.verb:set package 'purepursuit' build argument 'ament_cmake_args' from command line to 'None'
[0.322s] Level 5:colcon.colcon_core.verb:set package 'purepursuit' build argument 'catkin_cmake_args' from command line to 'None'
[0.322s] Level 5:colcon.colcon_core.verb:set package 'purepursuit' build argument 'catkin_skip_building_tests' from command line to 'False'
[0.322s] DEBUG:colcon.colcon_core.verb:Building package 'purepursuit' with the following arguments: {'ament_cmake_args': None, 'build_base': '/home/anavale/ros2_ws1/build/purepursuit', 'catkin_cmake_args': None, 'catkin_skip_building_tests': False, 'cmake_args': None, 'cmake_clean_cache': False, 'cmake_clean_first': False, 'cmake_force_configure': False, 'cmake_target': None, 'cmake_target_skip_unavailable': False, 'install_base': '/home/anavale/ros2_ws1/install/purepursuit', 'merge_install': False, 'path': '/home/anavale/ros2_ws1/src/purepursuit', 'symlink_install': False, 'test_result_base': None}
[0.322s] INFO:colcon.colcon_core.executor:Executing jobs using 'parallel' executor
[0.323s] DEBUG:colcon.colcon_parallel_executor.executor.parallel:run_until_complete
[0.323s] INFO:colcon.colcon_ros.task.ament_python.build:Building ROS package in '/home/anavale/ros2_ws1/src/purepursuit' with build type 'ament_python'
[0.323s] Level 1:colcon.colcon_core.shell:create_environment_hook('purepursuit', 'ament_prefix_path')
[0.325s] INFO:colcon.colcon_core.plugin_system:Skipping extension 'colcon_core.shell.bat': Not used on non-Windows systems
[0.326s] INFO:colcon.colcon_core.shell:Creating environment hook '/home/anavale/ros2_ws1/install/purepursuit/share/purepursuit/hook/ament_prefix_path.ps1'
[0.326s] INFO:colcon.colcon_core.shell:Creating environment descriptor '/home/anavale/ros2_ws1/install/purepursuit/share/purepursuit/hook/ament_prefix_path.dsv'
[0.326s] INFO:colcon.colcon_core.shell:Creating environment hook '/home/anavale/ros2_ws1/install/purepursuit/share/purepursuit/hook/ament_prefix_path.sh'
[0.327s] INFO:colcon.colcon_core.shell:Skip shell extension 'powershell' for command environment: Not usable outside of PowerShell
[0.327s] DEBUG:colcon.colcon_core.shell:Skip shell extension 'dsv' for command environment
[0.546s] INFO:colcon.colcon_core.task.python.build:Building Python package in '/home/anavale/ros2_ws1/src/purepursuit'
[0.547s] INFO:colcon.colcon_core.shell:Skip shell extension 'powershell' for command environment: Not usable outside of PowerShell
[0.547s] DEBUG:colcon.colcon_core.shell:Skip shell extension 'dsv' for command environment
[0.835s] DEBUG:colcon.colcon_core.event_handler.log_command:Invoking command in '/home/anavale/ros2_ws1/src/purepursuit': PYTHONPATH=/home/anavale/ros2_ws1/build/purepursuit/prefix_override:/home/anavale/ros2_ws1/install/purepursuit/lib/python3.10/site-packages:${PYTHONPATH} /usr/bin/python3 -W ignore:setup.py install is deprecated setup.py egg_info --egg-base ../../build/purepursuit build --build-base /home/anavale/ros2_ws1/build/purepursuit/build install --record /home/anavale/ros2_ws1/build/purepursuit/install.log --single-version-externally-managed install_data
[1.104s] DEBUG:colcon.colcon_core.event_handler.log_command:Invoked command in '/home/anavale/ros2_ws1/src/purepursuit' returned '0': PYTHONPATH=/home/anavale/ros2_ws1/build/purepursuit/prefix_override:/home/anavale/ros2_ws1/install/purepursuit/lib/python3.10/site-packages:${PYTHONPATH} /usr/bin/python3 -W ignore:setup.py install is deprecated setup.py egg_info --egg-base ../../build/purepursuit build --build-base /home/anavale/ros2_ws1/build/purepursuit/build install --record /home/anavale/ros2_ws1/build/purepursuit/install.log --single-version-externally-managed install_data
[1.108s] Level 1:colcon.colcon_core.environment:checking '/home/anavale/ros2_ws1/install/purepursuit' for CMake module files
[1.109s] Level 1:colcon.colcon_core.environment:checking '/home/anavale/ros2_ws1/install/purepursuit' for CMake config files
[1.111s] Level 1:colcon.colcon_core.environment:checking '/home/anavale/ros2_ws1/install/purepursuit/lib'
[1.111s] Level 1:colcon.colcon_core.environment:checking '/home/anavale/ros2_ws1/install/purepursuit/bin'
[1.111s] Level 1:colcon.colcon_core.environment:checking '/home/anavale/ros2_ws1/install/purepursuit/lib/pkgconfig/purepursuit.pc'
[1.112s] Level 1:colcon.colcon_core.environment:checking '/home/anavale/ros2_ws1/install/purepursuit/lib/python3.10/site-packages'
[1.112s] Level 1:colcon.colcon_core.shell:create_environment_hook('purepursuit', 'pythonpath')
[1.112s] INFO:colcon.colcon_core.shell:Creating environment hook '/home/anavale/ros2_ws1/install/purepursuit/share/purepursuit/hook/pythonpath.ps1'
[1.113s] INFO:colcon.colcon_core.shell:Creating environment descriptor '/home/anavale/ros2_ws1/install/purepursuit/share/purepursuit/hook/pythonpath.dsv'
[1.113s] INFO:colcon.colcon_core.shell:Creating environment hook '/home/anavale/ros2_ws1/install/purepursuit/share/purepursuit/hook/pythonpath.sh'
[1.114s] Level 1:colcon.colcon_core.environment:checking '/home/anavale/ros2_ws1/install/purepursuit/bin'
[1.115s] Level 1:colcon.colcon_core.environment:create_environment_scripts_only(purepursuit)
[1.115s] INFO:colcon.colcon_core.shell:Creating package script '/home/anavale/ros2_ws1/install/purepursuit/share/purepursuit/package.ps1'
[1.117s] INFO:colcon.colcon_core.shell:Creating package descriptor '/home/anavale/ros2_ws1/install/purepursuit/share/purepursuit/package.dsv'
[1.118s] INFO:colcon.colcon_core.shell:Creating package script '/home/anavale/ros2_ws1/install/purepursuit/share/purepursuit/package.sh'
[1.119s] INFO:colcon.colcon_core.shell:Creating package script '/home/anavale/ros2_ws1/install/purepursuit/share/purepursuit/package.bash'
[1.120s] INFO:colcon.colcon_core.shell:Creating package script '/home/anavale/ros2_ws1/install/purepursuit/share/purepursuit/package.zsh'
[1.122s] Level 1:colcon.colcon_core.environment:create_file_with_runtime_dependencies(/home/anavale/ros2_ws1/install/purepursuit/share/colcon-core/packages/purepursuit)
[1.122s] DEBUG:colcon.colcon_parallel_executor.executor.parallel:closing loop
[1.123s] DEBUG:colcon.colcon_parallel_executor.executor.parallel:loop closed
[1.123s] DEBUG:colcon.colcon_parallel_executor.executor.parallel:run_until_complete finished with '0'
[1.123s] DEBUG:colcon.colcon_core.event_reactor:joining thread
[1.133s] INFO:colcon.colcon_core.plugin_system:Skipping extension 'colcon_notification.desktop_notification.terminal_notifier': Not used on non-Darwin systems
[1.133s] INFO:colcon.colcon_core.plugin_system:Skipping extension 'colcon_notification.desktop_notification.win32': Not used on non-Windows systems
[1.133s] INFO:colcon.colcon_notification.desktop_notification:Sending desktop notification using 'notify2'
[1.149s] DEBUG:colcon.colcon_core.event_reactor:joined thread
[1.150s] INFO:colcon.colcon_core.shell:Creating prefix script '/home/anavale/ros2_ws1/install/local_setup.ps1'
[1.152s] INFO:colcon.colcon_core.shell:Creating prefix util module '/home/anavale/ros2_ws1/install/_local_setup_util_ps1.py'
[1.154s] INFO:colcon.colcon_core.shell:Creating prefix chain script '/home/anavale/ros2_ws1/install/setup.ps1'
[1.157s] INFO:colcon.colcon_core.shell:Creating prefix script '/home/anavale/ros2_ws1/install/local_setup.sh'
[1.157s] INFO:colcon.colcon_core.shell:Creating prefix util module '/home/anavale/ros2_ws1/install/_local_setup_util_sh.py'
[1.158s] INFO:colcon.colcon_core.shell:Creating prefix chain script '/home/anavale/ros2_ws1/install/setup.sh'
[1.160s] INFO:colcon.colcon_core.shell:Creating prefix script '/home/anavale/ros2_ws1/install/local_setup.bash'
[1.161s] INFO:colcon.colcon_core.shell:Creating prefix chain script '/home/anavale/ros2_ws1/install/setup.bash'
[1.163s] INFO:colcon.colcon_core.shell:Creating prefix script '/home/anavale/ros2_ws1/install/local_setup.zsh'
[1.164s] INFO:colcon.colcon_core.shell:Creating prefix chain script '/home/anavale/ros2_ws1/install/setup.zsh'
