[0.849s] Invoking command in '/home/anavale/ros2_ws1/src/purepursuit': PYTHONPATH=/home/anavale/ros2_ws1/src/build/purepursuit/prefix_override:/home/anavale/ros2_ws1/src/install/purepursuit/lib/python3.10/site-packages:${PYTHONPATH} /usr/bin/python3 -W ignore:setup.py install is deprecated setup.py egg_info --egg-base ../build/purepursuit build --build-base /home/anavale/ros2_ws1/src/build/purepursuit/build install --record /home/anavale/ros2_ws1/src/build/purepursuit/install.log --single-version-externally-managed install_data
[1.140s] running egg_info
[1.141s] writing ../build/purepursuit/purepursuit.egg-info/PKG-INFO
[1.141s] writing dependency_links to ../build/purepursuit/purepursuit.egg-info/dependency_links.txt
[1.141s] writing entry points to ../build/purepursuit/purepursuit.egg-info/entry_points.txt
[1.141s] writing requirements to ../build/purepursuit/purepursuit.egg-info/requires.txt
[1.142s] writing top-level names to ../build/purepursuit/purepursuit.egg-info/top_level.txt
[1.144s] reading manifest file '../build/purepursuit/purepursuit.egg-info/SOURCES.txt'
[1.144s] adding license file 'LICENSE'
[1.145s] writing manifest file '../build/purepursuit/purepursuit.egg-info/SOURCES.txt'
[1.145s] running build
[1.145s] running build_py
[1.145s] running install
[1.146s] running install_lib
[1.147s] running install_data
[1.147s] running install_egg_info
[1.149s] removing '/home/anavale/ros2_ws1/src/install/purepursuit/lib/python3.10/site-packages/purepursuit-0.0.0-py3.10.egg-info' (and everything under it)
[1.149s] Copying ../build/purepursuit/purepursuit.egg-info to /home/anavale/ros2_ws1/src/install/purepursuit/lib/python3.10/site-packages/purepursuit-0.0.0-py3.10.egg-info
[1.150s] running install_scripts
[1.175s] Installing purepursuit script to /home/anavale/ros2_ws1/src/install/purepursuit/lib/purepursuit
[1.176s] writing list of installed files to '/home/anavale/ros2_ws1/src/build/purepursuit/install.log'
[1.207s] Invoked command in '/home/anavale/ros2_ws1/src/purepursuit' returned '0': PYTHONPATH=/home/anavale/ros2_ws1/src/build/purepursuit/prefix_override:/home/anavale/ros2_ws1/src/install/purepursuit/lib/python3.10/site-packages:${PYTHONPATH} /usr/bin/python3 -W ignore:setup.py install is deprecated setup.py egg_info --egg-base ../build/purepursuit build --build-base /home/anavale/ros2_ws1/src/build/purepursuit/build install --record /home/anavale/ros2_ws1/src/build/purepursuit/install.log --single-version-externally-managed install_data
