running egg_info
creating ../../build/purepursuit/purepursuit.egg-info
writing ../../build/purepursuit/purepursuit.egg-info/PKG-INFO
writing dependency_links to ../../build/purepursuit/purepursuit.egg-info/dependency_links.txt
writing entry points to ../../build/purepursuit/purepursuit.egg-info/entry_points.txt
writing requirements to ../../build/purepursuit/purepursuit.egg-info/requires.txt
writing top-level names to ../../build/purepursuit/purepursuit.egg-info/top_level.txt
writing manifest file '../../build/purepursuit/purepursuit.egg-info/SOURCES.txt'
reading manifest file '../../build/purepursuit/purepursuit.egg-info/SOURCES.txt'
adding license file 'LICENSE'
writing manifest file '../../build/purepursuit/purepursuit.egg-info/SOURCES.txt'
running build
running build_py
creating /home/anavale/ros2_ws1/build/purepursuit/build
creating /home/anavale/ros2_ws1/build/purepursuit/build/lib
creating /home/anavale/ros2_ws1/build/purepursuit/build/lib/purepursuit
copying purepursuit/__init__.py -> /home/anavale/ros2_ws1/build/purepursuit/build/lib/purepursuit
copying purepursuit/purepursuit.py -> /home/anavale/ros2_ws1/build/purepursuit/build/lib/purepursuit
running install
running install_lib
creating /home/anavale/ros2_ws1/install/purepursuit/lib/python3.10/site-packages/purepursuit
copying /home/anavale/ros2_ws1/build/purepursuit/build/lib/purepursuit/__init__.py -> /home/anavale/ros2_ws1/install/purepursuit/lib/python3.10/site-packages/purepursuit
copying /home/anavale/ros2_ws1/build/purepursuit/build/lib/purepursuit/purepursuit.py -> /home/anavale/ros2_ws1/install/purepursuit/lib/python3.10/site-packages/purepursuit
byte-compiling /home/anavale/ros2_ws1/install/purepursuit/lib/python3.10/site-packages/purepursuit/__init__.py to __init__.cpython-310.pyc
byte-compiling /home/anavale/ros2_ws1/install/purepursuit/lib/python3.10/site-packages/purepursuit/purepursuit.py to purepursuit.cpython-310.pyc
running install_data
creating /home/anavale/ros2_ws1/install/purepursuit/share/ament_index
creating /home/anavale/ros2_ws1/install/purepursuit/share/ament_index/resource_index
creating /home/anavale/ros2_ws1/install/purepursuit/share/ament_index/resource_index/packages
copying resource/purepursuit -> /home/anavale/ros2_ws1/install/purepursuit/share/ament_index/resource_index/packages
copying package.xml -> /home/anavale/ros2_ws1/install/purepursuit/share/purepursuit
creating /home/anavale/ros2_ws1/install/purepursuit/share/purepursuit/launch
copying launch/pure.launch.py -> /home/anavale/ros2_ws1/install/purepursuit/share/purepursuit/launch
running install_egg_info
Copying ../../build/purepursuit/purepursuit.egg-info to /home/anavale/ros2_ws1/install/purepursuit/lib/python3.10/site-packages/purepursuit-0.0.0-py3.10.egg-info
running install_scripts
Installing purepursuit script to /home/anavale/ros2_ws1/install/purepursuit/lib/purepursuit
writing list of installed files to '/home/anavale/ros2_ws1/build/purepursuit/install.log'
