[0.510s] Invoking command in '/home/anavale/ros2_ws1/src/purepursuit': PYTHONPATH=/home/anavale/ros2_ws1/build/purepursuit/prefix_override:/home/anavale/ros2_ws1/install/purepursuit/lib/python3.10/site-packages:${PYTHONPATH} /usr/bin/python3 -W ignore:setup.py install is deprecated setup.py egg_info --egg-base ../../build/purepursuit build --build-base /home/anavale/ros2_ws1/build/purepursuit/build install --record /home/anavale/ros2_ws1/build/purepursuit/install.log --single-version-externally-managed install_data
[0.696s] running egg_info
[0.696s] creating ../../build/purepursuit/purepursuit.egg-info
[0.696s] writing ../../build/purepursuit/purepursuit.egg-info/PKG-INFO
[0.697s] writing dependency_links to ../../build/purepursuit/purepursuit.egg-info/dependency_links.txt
[0.697s] writing entry points to ../../build/purepursuit/purepursuit.egg-info/entry_points.txt
[0.697s] writing requirements to ../../build/purepursuit/purepursuit.egg-info/requires.txt
[0.697s] writing top-level names to ../../build/purepursuit/purepursuit.egg-info/top_level.txt
[0.697s] writing manifest file '../../build/purepursuit/purepursuit.egg-info/SOURCES.txt'
[0.698s] reading manifest file '../../build/purepursuit/purepursuit.egg-info/SOURCES.txt'
[0.698s] adding license file 'LICENSE'
[0.698s] writing manifest file '../../build/purepursuit/purepursuit.egg-info/SOURCES.txt'
[0.699s] running build
[0.699s] running build_py
[0.699s] creating /home/anavale/ros2_ws1/build/purepursuit/build
[0.699s] creating /home/anavale/ros2_ws1/build/purepursuit/build/lib
[0.699s] creating /home/anavale/ros2_ws1/build/purepursuit/build/lib/purepursuit
[0.700s] copying purepursuit/__init__.py -> /home/anavale/ros2_ws1/build/purepursuit/build/lib/purepursuit
[0.700s] copying purepursuit/purepursuit.py -> /home/anavale/ros2_ws1/build/purepursuit/build/lib/purepursuit
[0.700s] running install
[0.700s] running install_lib
[0.700s] creating /home/anavale/ros2_ws1/install/purepursuit/lib/python3.10/site-packages/purepursuit
[0.700s] copying /home/anavale/ros2_ws1/build/purepursuit/build/lib/purepursuit/__init__.py -> /home/anavale/ros2_ws1/install/purepursuit/lib/python3.10/site-packages/purepursuit
[0.701s] copying /home/anavale/ros2_ws1/build/purepursuit/build/lib/purepursuit/purepursuit.py -> /home/anavale/ros2_ws1/install/purepursuit/lib/python3.10/site-packages/purepursuit
[0.701s] byte-compiling /home/anavale/ros2_ws1/install/purepursuit/lib/python3.10/site-packages/purepursuit/__init__.py to __init__.cpython-310.pyc
[0.701s] byte-compiling /home/anavale/ros2_ws1/install/purepursuit/lib/python3.10/site-packages/purepursuit/purepursuit.py to purepursuit.cpython-310.pyc
[0.701s] running install_data
[0.702s] creating /home/anavale/ros2_ws1/install/purepursuit/share/ament_index
[0.702s] creating /home/anavale/ros2_ws1/install/purepursuit/share/ament_index/resource_index
[0.702s] creating /home/anavale/ros2_ws1/install/purepursuit/share/ament_index/resource_index/packages
[0.702s] copying resource/purepursuit -> /home/anavale/ros2_ws1/install/purepursuit/share/ament_index/resource_index/packages
[0.702s] copying package.xml -> /home/anavale/ros2_ws1/install/purepursuit/share/purepursuit
[0.703s] creating /home/anavale/ros2_ws1/install/purepursuit/share/purepursuit/launch
[0.703s] copying launch/pure.launch.py -> /home/anavale/ros2_ws1/install/purepursuit/share/purepursuit/launch
[0.737s] running install_egg_info
[0.739s] Copying ../../build/purepursuit/purepursuit.egg-info to /home/anavale/ros2_ws1/install/purepursuit/lib/python3.10/site-packages/purepursuit-0.0.0-py3.10.egg-info
[0.740s] running install_scripts
[0.756s] Installing purepursuit script to /home/anavale/ros2_ws1/install/purepursuit/lib/purepursuit
[0.756s] writing list of installed files to '/home/anavale/ros2_ws1/build/purepursuit/install.log'
[0.780s] Invoked command in '/home/anavale/ros2_ws1/src/purepursuit' returned '0': PYTHONPATH=/home/anavale/ros2_ws1/build/purepursuit/prefix_override:/home/anavale/ros2_ws1/install/purepursuit/lib/python3.10/site-packages:${PYTHONPATH} /usr/bin/python3 -W ignore:setup.py install is deprecated setup.py egg_info --egg-base ../../build/purepursuit build --build-base /home/anavale/ros2_ws1/build/purepursuit/build install --record /home/anavale/ros2_ws1/build/purepursuit/install.log --single-version-externally-managed install_data
