[0.147s] DEBUG:colcon:Command line arguments: ['/usr/bin/colcon', 'build']
[0.147s] DEBUG:colcon:Parsed command line arguments: Namespace(log_base=None, log_level=None, verb_name='build', build_base='build', install_base='install', merge_install=False, symlink_install=False, test_result_base=None, continue_on_error=False, executor='parallel', parallel_workers=16, event_handlers=None, ignore_user_meta=False, metas=['./colcon.meta'], base_paths=['.'], packages_ignore=None, packages_ignore_regex=None, paths=None, packages_up_to=None, packages_up_to_regex=None, packages_above=None, packages_above_and_dependencies=None, packages_above_depth=None, packages_select_by_dep=None, packages_skip_by_dep=None, packages_skip_up_to=None, packages_select_build_failed=False, packages_skip_build_finished=False, packages_select_test_failures=False, packages_skip_test_passed=False, packages_select=None, packages_skip=None, packages_select_regex=None, packages_skip_regex=None, packages_start=None, packages_end=None, allow_overriding=[], cmake_args=None, cmake_target=None, cmake_target_skip_unavailable=False, cmake_clean_cache=False, cmake_clean_first=False, cmake_force_configure=False, ament_cmake_args=None, catkin_cmake_args=None, catkin_skip_building_tests=False, mixin_files=None, mixin=None, verb_parser=<colcon_mixin.mixin.mixin_argument.MixinArgumentDecorator object at 0x720049732aa0>, verb_extension=<colcon_core.verb.build.BuildVerb object at 0x7200497324d0>, main=<bound method BuildVerb.main of <colcon_core.verb.build.BuildVerb object at 0x7200497324d0>>, mixin_verb=('build',))
[0.379s] Level 1:colcon.colcon_core.package_discovery:discover_packages(colcon_meta) check parameters
[0.379s] Level 1:colcon.colcon_core.package_discovery:discover_packages(recursive) check parameters
[0.379s] Level 1:colcon.colcon_core.package_discovery:discover_packages(ignore) check parameters
[0.379s] Level 1:colcon.colcon_core.package_discovery:discover_packages(path) check parameters
[0.379s] Level 1:colcon.colcon_core.package_discovery:discover_packages(colcon_meta) discover
[0.379s] Level 1:colcon.colcon_core.package_discovery:discover_packages(recursive) discover
[0.379s] INFO:colcon.colcon_core.package_discovery:Crawling recursively for packages in '/home/anavale/ros2_ws1/src'
[0.380s] Level 1:colcon.colcon_core.package_identification:_identify(.) by extensions ['ignore', 'ignore_ament_install']
[0.380s] Level 1:colcon.colcon_core.package_identification:_identify(.) by extension 'ignore'
[0.380s] Level 1:colcon.colcon_core.package_identification:_identify(.) by extension 'ignore_ament_install'
[0.380s] Level 1:colcon.colcon_core.package_identification:_identify(.) by extensions ['colcon_pkg']
[0.380s] Level 1:colcon.colcon_core.package_identification:_identify(.) by extension 'colcon_pkg'
[0.380s] Level 1:colcon.colcon_core.package_identification:_identify(.) by extensions ['colcon_meta']
[0.380s] Level 1:colcon.colcon_core.package_identification:_identify(.) by extension 'colcon_meta'
[0.380s] Level 1:colcon.colcon_core.package_identification:_identify(.) by extensions ['ros']
[0.380s] Level 1:colcon.colcon_core.package_identification:_identify(.) by extension 'ros'
[0.395s] Level 1:colcon.colcon_core.package_identification:_identify(.) by extensions ['cmake', 'python']
[0.395s] Level 1:colcon.colcon_core.package_identification:_identify(.) by extension 'cmake'
[0.395s] Level 1:colcon.colcon_core.package_identification:_identify(.) by extension 'python'
[0.395s] Level 1:colcon.colcon_core.package_identification:_identify(.) by extensions ['python_setup_py']
[0.395s] Level 1:colcon.colcon_core.package_identification:_identify(.) by extension 'python_setup_py'
[0.395s] Level 1:colcon.colcon_core.package_identification:_identify(build) by extensions ['ignore', 'ignore_ament_install']
[0.395s] Level 1:colcon.colcon_core.package_identification:_identify(build) by extension 'ignore'
[0.395s] Level 1:colcon.colcon_core.package_identification:_identify(build) ignored
[0.396s] Level 1:colcon.colcon_core.package_identification:_identify(install) by extensions ['ignore', 'ignore_ament_install']
[0.396s] Level 1:colcon.colcon_core.package_identification:_identify(install) by extension 'ignore'
[0.396s] Level 1:colcon.colcon_core.package_identification:_identify(install) ignored
[0.396s] Level 1:colcon.colcon_core.package_identification:_identify(log) by extensions ['ignore', 'ignore_ament_install']
[0.396s] Level 1:colcon.colcon_core.package_identification:_identify(log) by extension 'ignore'
[0.396s] Level 1:colcon.colcon_core.package_identification:_identify(log) ignored
[0.396s] Level 1:colcon.colcon_core.package_identification:_identify(purepursuit) by extensions ['ignore', 'ignore_ament_install']
[0.396s] Level 1:colcon.colcon_core.package_identification:_identify(purepursuit) by extension 'ignore'
[0.396s] Level 1:colcon.colcon_core.package_identification:_identify(purepursuit) by extension 'ignore_ament_install'
[0.396s] Level 1:colcon.colcon_core.package_identification:_identify(purepursuit) by extensions ['colcon_pkg']
[0.396s] Level 1:colcon.colcon_core.package_identification:_identify(purepursuit) by extension 'colcon_pkg'
[0.396s] Level 1:colcon.colcon_core.package_identification:_identify(purepursuit) by extensions ['colcon_meta']
[0.397s] Level 1:colcon.colcon_core.package_identification:_identify(purepursuit) by extension 'colcon_meta'
[0.397s] Level 1:colcon.colcon_core.package_identification:_identify(purepursuit) by extensions ['ros']
[0.397s] Level 1:colcon.colcon_core.package_identification:_identify(purepursuit) by extension 'ros'
[0.402s] DEBUG:colcon.colcon_core.package_identification:Package 'purepursuit' with type 'ros.ament_python' and name 'purepursuit'
[0.402s] Level 1:colcon.colcon_core.package_identification:_identify(rosbag2_2024_04_30-02_06_25) by extensions ['ignore', 'ignore_ament_install']
[0.402s] Level 1:colcon.colcon_core.package_identification:_identify(rosbag2_2024_04_30-02_06_25) by extension 'ignore'
[0.402s] Level 1:colcon.colcon_core.package_identification:_identify(rosbag2_2024_04_30-02_06_25) by extension 'ignore_ament_install'
[0.402s] Level 1:colcon.colcon_core.package_identification:_identify(rosbag2_2024_04_30-02_06_25) by extensions ['colcon_pkg']
[0.402s] Level 1:colcon.colcon_core.package_identification:_identify(rosbag2_2024_04_30-02_06_25) by extension 'colcon_pkg'
[0.402s] Level 1:colcon.colcon_core.package_identification:_identify(rosbag2_2024_04_30-02_06_25) by extensions ['colcon_meta']
[0.402s] Level 1:colcon.colcon_core.package_identification:_identify(rosbag2_2024_04_30-02_06_25) by extension 'colcon_meta'
[0.402s] Level 1:colcon.colcon_core.package_identification:_identify(rosbag2_2024_04_30-02_06_25) by extensions ['ros']
[0.402s] Level 1:colcon.colcon_core.package_identification:_identify(rosbag2_2024_04_30-02_06_25) by extension 'ros'
[0.403s] Level 1:colcon.colcon_core.package_identification:_identify(rosbag2_2024_04_30-02_06_25) by extensions ['cmake', 'python']
[0.403s] Level 1:colcon.colcon_core.package_identification:_identify(rosbag2_2024_04_30-02_06_25) by extension 'cmake'
[0.403s] Level 1:colcon.colcon_core.package_identification:_identify(rosbag2_2024_04_30-02_06_25) by extension 'python'
[0.403s] Level 1:colcon.colcon_core.package_identification:_identify(rosbag2_2024_04_30-02_06_25) by extensions ['python_setup_py']
[0.403s] Level 1:colcon.colcon_core.package_identification:_identify(rosbag2_2024_04_30-02_06_25) by extension 'python_setup_py'
[0.403s] Level 1:colcon.colcon_core.package_identification:_identify(rosbag2_2024_04_30-02_08_16) by extensions ['ignore', 'ignore_ament_install']
[0.403s] Level 1:colcon.colcon_core.package_identification:_identify(rosbag2_2024_04_30-02_08_16) by extension 'ignore'
[0.403s] Level 1:colcon.colcon_core.package_identification:_identify(rosbag2_2024_04_30-02_08_16) by extension 'ignore_ament_install'
[0.403s] Level 1:colcon.colcon_core.package_identification:_identify(rosbag2_2024_04_30-02_08_16) by extensions ['colcon_pkg']
[0.403s] Level 1:colcon.colcon_core.package_identification:_identify(rosbag2_2024_04_30-02_08_16) by extension 'colcon_pkg'
[0.403s] Level 1:colcon.colcon_core.package_identification:_identify(rosbag2_2024_04_30-02_08_16) by extensions ['colcon_meta']
[0.403s] Level 1:colcon.colcon_core.package_identification:_identify(rosbag2_2024_04_30-02_08_16) by extension 'colcon_meta'
[0.403s] Level 1:colcon.colcon_core.package_identification:_identify(rosbag2_2024_04_30-02_08_16) by extensions ['ros']
[0.403s] Level 1:colcon.colcon_core.package_identification:_identify(rosbag2_2024_04_30-02_08_16) by extension 'ros'
[0.403s] Level 1:colcon.colcon_core.package_identification:_identify(rosbag2_2024_04_30-02_08_16) by extensions ['cmake', 'python']
[0.403s] Level 1:colcon.colcon_core.package_identification:_identify(rosbag2_2024_04_30-02_08_16) by extension 'cmake'
[0.404s] Level 1:colcon.colcon_core.package_identification:_identify(rosbag2_2024_04_30-02_08_16) by extension 'python'
[0.404s] Level 1:colcon.colcon_core.package_identification:_identify(rosbag2_2024_04_30-02_08_16) by extensions ['python_setup_py']
[0.404s] Level 1:colcon.colcon_core.package_identification:_identify(rosbag2_2024_04_30-02_08_16) by extension 'python_setup_py'
[0.404s] Level 1:colcon.colcon_core.package_identification:_identify(rosbag2_2024_04_30-02_16_58) by extensions ['ignore', 'ignore_ament_install']
[0.404s] Level 1:colcon.colcon_core.package_identification:_identify(rosbag2_2024_04_30-02_16_58) by extension 'ignore'
[0.404s] Level 1:colcon.colcon_core.package_identification:_identify(rosbag2_2024_04_30-02_16_58) by extension 'ignore_ament_install'
[0.404s] Level 1:colcon.colcon_core.package_identification:_identify(rosbag2_2024_04_30-02_16_58) by extensions ['colcon_pkg']
[0.404s] Level 1:colcon.colcon_core.package_identification:_identify(rosbag2_2024_04_30-02_16_58) by extension 'colcon_pkg'
[0.404s] Level 1:colcon.colcon_core.package_identification:_identify(rosbag2_2024_04_30-02_16_58) by extensions ['colcon_meta']
[0.404s] Level 1:colcon.colcon_core.package_identification:_identify(rosbag2_2024_04_30-02_16_58) by extension 'colcon_meta'
[0.404s] Level 1:colcon.colcon_core.package_identification:_identify(rosbag2_2024_04_30-02_16_58) by extensions ['ros']
[0.404s] Level 1:colcon.colcon_core.package_identification:_identify(rosbag2_2024_04_30-02_16_58) by extension 'ros'
[0.404s] Level 1:colcon.colcon_core.package_identification:_identify(rosbag2_2024_04_30-02_16_58) by extensions ['cmake', 'python']
[0.404s] Level 1:colcon.colcon_core.package_identification:_identify(rosbag2_2024_04_30-02_16_58) by extension 'cmake'
[0.404s] Level 1:colcon.colcon_core.package_identification:_identify(rosbag2_2024_04_30-02_16_58) by extension 'python'
[0.404s] Level 1:colcon.colcon_core.package_identification:_identify(rosbag2_2024_04_30-02_16_58) by extensions ['python_setup_py']
[0.404s] Level 1:colcon.colcon_core.package_identification:_identify(rosbag2_2024_04_30-02_16_58) by extension 'python_setup_py'
[0.405s] Level 1:colcon.colcon_core.package_identification:_identify(rosbag2_2024_04_30-02_27_05) by extensions ['ignore', 'ignore_ament_install']
[0.405s] Level 1:colcon.colcon_core.package_identification:_identify(rosbag2_2024_04_30-02_27_05) by extension 'ignore'
[0.405s] Level 1:colcon.colcon_core.package_identification:_identify(rosbag2_2024_04_30-02_27_05) by extension 'ignore_ament_install'
[0.405s] Level 1:colcon.colcon_core.package_identification:_identify(rosbag2_2024_04_30-02_27_05) by extensions ['colcon_pkg']
[0.405s] Level 1:colcon.colcon_core.package_identification:_identify(rosbag2_2024_04_30-02_27_05) by extension 'colcon_pkg'
[0.405s] Level 1:colcon.colcon_core.package_identification:_identify(rosbag2_2024_04_30-02_27_05) by extensions ['colcon_meta']
[0.405s] Level 1:colcon.colcon_core.package_identification:_identify(rosbag2_2024_04_30-02_27_05) by extension 'colcon_meta'
[0.405s] Level 1:colcon.colcon_core.package_identification:_identify(rosbag2_2024_04_30-02_27_05) by extensions ['ros']
[0.405s] Level 1:colcon.colcon_core.package_identification:_identify(rosbag2_2024_04_30-02_27_05) by extension 'ros'
[0.405s] Level 1:colcon.colcon_core.package_identification:_identify(rosbag2_2024_04_30-02_27_05) by extensions ['cmake', 'python']
[0.405s] Level 1:colcon.colcon_core.package_identification:_identify(rosbag2_2024_04_30-02_27_05) by extension 'cmake'
[0.405s] Level 1:colcon.colcon_core.package_identification:_identify(rosbag2_2024_04_30-02_27_05) by extension 'python'
[0.405s] Level 1:colcon.colcon_core.package_identification:_identify(rosbag2_2024_04_30-02_27_05) by extensions ['python_setup_py']
[0.405s] Level 1:colcon.colcon_core.package_identification:_identify(rosbag2_2024_04_30-02_27_05) by extension 'python_setup_py'
[0.405s] Level 1:colcon.colcon_core.package_identification:_identify(rosbag2_2024_04_30-18_34_05) by extensions ['ignore', 'ignore_ament_install']
[0.406s] Level 1:colcon.colcon_core.package_identification:_identify(rosbag2_2024_04_30-18_34_05) by extension 'ignore'
[0.406s] Level 1:colcon.colcon_core.package_identification:_identify(rosbag2_2024_04_30-18_34_05) by extension 'ignore_ament_install'
[0.406s] Level 1:colcon.colcon_core.package_identification:_identify(rosbag2_2024_04_30-18_34_05) by extensions ['colcon_pkg']
[0.406s] Level 1:colcon.colcon_core.package_identification:_identify(rosbag2_2024_04_30-18_34_05) by extension 'colcon_pkg'
[0.406s] Level 1:colcon.colcon_core.package_identification:_identify(rosbag2_2024_04_30-18_34_05) by extensions ['colcon_meta']
[0.406s] Level 1:colcon.colcon_core.package_identification:_identify(rosbag2_2024_04_30-18_34_05) by extension 'colcon_meta'
[0.406s] Level 1:colcon.colcon_core.package_identification:_identify(rosbag2_2024_04_30-18_34_05) by extensions ['ros']
[0.406s] Level 1:colcon.colcon_core.package_identification:_identify(rosbag2_2024_04_30-18_34_05) by extension 'ros'
[0.406s] Level 1:colcon.colcon_core.package_identification:_identify(rosbag2_2024_04_30-18_34_05) by extensions ['cmake', 'python']
[0.406s] Level 1:colcon.colcon_core.package_identification:_identify(rosbag2_2024_04_30-18_34_05) by extension 'cmake'
[0.406s] Level 1:colcon.colcon_core.package_identification:_identify(rosbag2_2024_04_30-18_34_05) by extension 'python'
[0.406s] Level 1:colcon.colcon_core.package_identification:_identify(rosbag2_2024_04_30-18_34_05) by extensions ['python_setup_py']
[0.406s] Level 1:colcon.colcon_core.package_identification:_identify(rosbag2_2024_04_30-18_34_05) by extension 'python_setup_py'
[0.406s] Level 1:colcon.colcon_core.package_identification:_identify(rosbag2_2024_04_30-18_35_30) by extensions ['ignore', 'ignore_ament_install']
[0.406s] Level 1:colcon.colcon_core.package_identification:_identify(rosbag2_2024_04_30-18_35_30) by extension 'ignore'
[0.406s] Level 1:colcon.colcon_core.package_identification:_identify(rosbag2_2024_04_30-18_35_30) by extension 'ignore_ament_install'
[0.407s] Level 1:colcon.colcon_core.package_identification:_identify(rosbag2_2024_04_30-18_35_30) by extensions ['colcon_pkg']
[0.407s] Level 1:colcon.colcon_core.package_identification:_identify(rosbag2_2024_04_30-18_35_30) by extension 'colcon_pkg'
[0.407s] Level 1:colcon.colcon_core.package_identification:_identify(rosbag2_2024_04_30-18_35_30) by extensions ['colcon_meta']
[0.407s] Level 1:colcon.colcon_core.package_identification:_identify(rosbag2_2024_04_30-18_35_30) by extension 'colcon_meta'
[0.407s] Level 1:colcon.colcon_core.package_identification:_identify(rosbag2_2024_04_30-18_35_30) by extensions ['ros']
[0.407s] Level 1:colcon.colcon_core.package_identification:_identify(rosbag2_2024_04_30-18_35_30) by extension 'ros'
[0.407s] Level 1:colcon.colcon_core.package_identification:_identify(rosbag2_2024_04_30-18_35_30) by extensions ['cmake', 'python']
[0.407s] Level 1:colcon.colcon_core.package_identification:_identify(rosbag2_2024_04_30-18_35_30) by extension 'cmake'
[0.407s] Level 1:colcon.colcon_core.package_identification:_identify(rosbag2_2024_04_30-18_35_30) by extension 'python'
[0.407s] Level 1:colcon.colcon_core.package_identification:_identify(rosbag2_2024_04_30-18_35_30) by extensions ['python_setup_py']
[0.407s] Level 1:colcon.colcon_core.package_identification:_identify(rosbag2_2024_04_30-18_35_30) by extension 'python_setup_py'
[0.407s] Level 1:colcon.colcon_core.package_identification:_identify(rosbag2_2024_04_30-18_41_48) by extensions ['ignore', 'ignore_ament_install']
[0.407s] Level 1:colcon.colcon_core.package_identification:_identify(rosbag2_2024_04_30-18_41_48) by extension 'ignore'
[0.407s] Level 1:colcon.colcon_core.package_identification:_identify(rosbag2_2024_04_30-18_41_48) by extension 'ignore_ament_install'
[0.407s] Level 1:colcon.colcon_core.package_identification:_identify(rosbag2_2024_04_30-18_41_48) by extensions ['colcon_pkg']
[0.407s] Level 1:colcon.colcon_core.package_identification:_identify(rosbag2_2024_04_30-18_41_48) by extension 'colcon_pkg'
[0.407s] Level 1:colcon.colcon_core.package_identification:_identify(rosbag2_2024_04_30-18_41_48) by extensions ['colcon_meta']
[0.408s] Level 1:colcon.colcon_core.package_identification:_identify(rosbag2_2024_04_30-18_41_48) by extension 'colcon_meta'
[0.408s] Level 1:colcon.colcon_core.package_identification:_identify(rosbag2_2024_04_30-18_41_48) by extensions ['ros']
[0.408s] Level 1:colcon.colcon_core.package_identification:_identify(rosbag2_2024_04_30-18_41_48) by extension 'ros'
[0.408s] Level 1:colcon.colcon_core.package_identification:_identify(rosbag2_2024_04_30-18_41_48) by extensions ['cmake', 'python']
[0.408s] Level 1:colcon.colcon_core.package_identification:_identify(rosbag2_2024_04_30-18_41_48) by extension 'cmake'
[0.408s] Level 1:colcon.colcon_core.package_identification:_identify(rosbag2_2024_04_30-18_41_48) by extension 'python'
[0.408s] Level 1:colcon.colcon_core.package_identification:_identify(rosbag2_2024_04_30-18_41_48) by extensions ['python_setup_py']
[0.408s] Level 1:colcon.colcon_core.package_identification:_identify(rosbag2_2024_04_30-18_41_48) by extension 'python_setup_py'
[0.408s] Level 1:colcon.colcon_core.package_identification:_identify(rosbag2_2024_04_30-18_46_10) by extensions ['ignore', 'ignore_ament_install']
[0.408s] Level 1:colcon.colcon_core.package_identification:_identify(rosbag2_2024_04_30-18_46_10) by extension 'ignore'
[0.408s] Level 1:colcon.colcon_core.package_identification:_identify(rosbag2_2024_04_30-18_46_10) by extension 'ignore_ament_install'
[0.408s] Level 1:colcon.colcon_core.package_identification:_identify(rosbag2_2024_04_30-18_46_10) by extensions ['colcon_pkg']
[0.408s] Level 1:colcon.colcon_core.package_identification:_identify(rosbag2_2024_04_30-18_46_10) by extension 'colcon_pkg'
[0.408s] Level 1:colcon.colcon_core.package_identification:_identify(rosbag2_2024_04_30-18_46_10) by extensions ['colcon_meta']
[0.408s] Level 1:colcon.colcon_core.package_identification:_identify(rosbag2_2024_04_30-18_46_10) by extension 'colcon_meta'
[0.408s] Level 1:colcon.colcon_core.package_identification:_identify(rosbag2_2024_04_30-18_46_10) by extensions ['ros']
[0.409s] Level 1:colcon.colcon_core.package_identification:_identify(rosbag2_2024_04_30-18_46_10) by extension 'ros'
[0.409s] Level 1:colcon.colcon_core.package_identification:_identify(rosbag2_2024_04_30-18_46_10) by extensions ['cmake', 'python']
[0.409s] Level 1:colcon.colcon_core.package_identification:_identify(rosbag2_2024_04_30-18_46_10) by extension 'cmake'
[0.409s] Level 1:colcon.colcon_core.package_identification:_identify(rosbag2_2024_04_30-18_46_10) by extension 'python'
[0.409s] Level 1:colcon.colcon_core.package_identification:_identify(rosbag2_2024_04_30-18_46_10) by extensions ['python_setup_py']
[0.409s] Level 1:colcon.colcon_core.package_identification:_identify(rosbag2_2024_04_30-18_46_10) by extension 'python_setup_py'
[0.409s] Level 1:colcon.colcon_core.package_discovery:discover_packages(recursive) using defaults
[0.409s] Level 1:colcon.colcon_core.package_discovery:discover_packages(ignore) discover
[0.409s] Level 1:colcon.colcon_core.package_discovery:discover_packages(ignore) using defaults
[0.409s] Level 1:colcon.colcon_core.package_discovery:discover_packages(path) discover
[0.409s] Level 1:colcon.colcon_core.package_discovery:discover_packages(path) using defaults
[0.454s] Level 1:colcon.colcon_core.package_discovery:discover_packages(prefix_path) check parameters
[0.454s] Level 1:colcon.colcon_core.package_discovery:discover_packages(prefix_path) discover
[0.456s] DEBUG:colcon.colcon_installed_package_information.package_discovery:Found 1 installed packages in /home/anavale/ros2_ws1/src/install
[0.457s] DEBUG:colcon.colcon_installed_package_information.package_discovery:Found 3 installed packages in /home/anavale/ros2_utilities_ws/install
[0.459s] DEBUG:colcon.colcon_installed_package_information.package_discovery:Found 270 installed packages in /opt/ros/humble
[0.461s] Level 1:colcon.colcon_core.package_discovery:discover_packages(prefix_path) using defaults
[0.509s] Level 5:colcon.colcon_core.verb:set package 'purepursuit' build argument 'cmake_args' from command line to 'None'
[0.509s] Level 5:colcon.colcon_core.verb:set package 'purepursuit' build argument 'cmake_target' from command line to 'None'
[0.509s] Level 5:colcon.colcon_core.verb:set package 'purepursuit' build argument 'cmake_target_skip_unavailable' from command line to 'False'
[0.509s] Level 5:colcon.colcon_core.verb:set package 'purepursuit' build argument 'cmake_clean_cache' from command line to 'False'
[0.509s] Level 5:colcon.colcon_core.verb:set package 'purepursuit' build argument 'cmake_clean_first' from command line to 'False'
[0.509s] Level 5:colcon.colcon_core.verb:set package 'purepursuit' build argument 'cmake_force_configure' from command line to 'False'
[0.509s] Level 5:colcon.colcon_core.verb:set package 'purepursuit' build argument 'ament_cmake_args' from command line to 'None'
[0.509s] Level 5:colcon.colcon_core.verb:set package 'purepursuit' build argument 'catkin_cmake_args' from command line to 'None'
[0.509s] Level 5:colcon.colcon_core.verb:set package 'purepursuit' build argument 'catkin_skip_building_tests' from command line to 'False'
[0.510s] DEBUG:colcon.colcon_core.verb:Building package 'purepursuit' with the following arguments: {'ament_cmake_args': None, 'build_base': '/home/anavale/ros2_ws1/src/build/purepursuit', 'catkin_cmake_args': None, 'catkin_skip_building_tests': False, 'cmake_args': None, 'cmake_clean_cache': False, 'cmake_clean_first': False, 'cmake_force_configure': False, 'cmake_target': None, 'cmake_target_skip_unavailable': False, 'install_base': '/home/anavale/ros2_ws1/src/install/purepursuit', 'merge_install': False, 'path': '/home/anavale/ros2_ws1/src/purepursuit', 'symlink_install': False, 'test_result_base': None}
[0.510s] INFO:colcon.colcon_core.executor:Executing jobs using 'parallel' executor
[0.511s] DEBUG:colcon.colcon_parallel_executor.executor.parallel:run_until_complete
[0.512s] INFO:colcon.colcon_ros.task.ament_python.build:Building ROS package in '/home/anavale/ros2_ws1/src/purepursuit' with build type 'ament_python'
[0.512s] Level 1:colcon.colcon_core.shell:create_environment_hook('purepursuit', 'ament_prefix_path')
[0.515s] INFO:colcon.colcon_core.plugin_system:Skipping extension 'colcon_core.shell.bat': Not used on non-Windows systems
[0.515s] INFO:colcon.colcon_core.shell:Creating environment hook '/home/anavale/ros2_ws1/src/install/purepursuit/share/purepursuit/hook/ament_prefix_path.ps1'
[0.516s] INFO:colcon.colcon_core.shell:Creating environment descriptor '/home/anavale/ros2_ws1/src/install/purepursuit/share/purepursuit/hook/ament_prefix_path.dsv'
[0.517s] INFO:colcon.colcon_core.shell:Creating environment hook '/home/anavale/ros2_ws1/src/install/purepursuit/share/purepursuit/hook/ament_prefix_path.sh'
[0.518s] INFO:colcon.colcon_core.shell:Skip shell extension 'powershell' for command environment: Not usable outside of PowerShell
[0.518s] DEBUG:colcon.colcon_core.shell:Skip shell extension 'dsv' for command environment
[0.890s] INFO:colcon.colcon_core.task.python.build:Building Python package in '/home/anavale/ros2_ws1/src/purepursuit'
[0.891s] INFO:colcon.colcon_core.shell:Skip shell extension 'powershell' for command environment: Not usable outside of PowerShell
[0.891s] DEBUG:colcon.colcon_core.shell:Skip shell extension 'dsv' for command environment
[1.386s] DEBUG:colcon.colcon_core.event_handler.log_command:Invoking command in '/home/anavale/ros2_ws1/src/purepursuit': PYTHONPATH=/home/anavale/ros2_ws1/src/build/purepursuit/prefix_override:/home/anavale/ros2_ws1/src/install/purepursuit/lib/python3.10/site-packages:${PYTHONPATH} /usr/bin/python3 -W ignore:setup.py install is deprecated setup.py egg_info --egg-base ../build/purepursuit build --build-base /home/anavale/ros2_ws1/src/build/purepursuit/build install --record /home/anavale/ros2_ws1/src/build/purepursuit/install.log --single-version-externally-managed install_data
[1.750s] DEBUG:colcon.colcon_core.event_handler.log_command:Invoked command in '/home/anavale/ros2_ws1/src/purepursuit' returned '0': PYTHONPATH=/home/anavale/ros2_ws1/src/build/purepursuit/prefix_override:/home/anavale/ros2_ws1/src/install/purepursuit/lib/python3.10/site-packages:${PYTHONPATH} /usr/bin/python3 -W ignore:setup.py install is deprecated setup.py egg_info --egg-base ../build/purepursuit build --build-base /home/anavale/ros2_ws1/src/build/purepursuit/build install --record /home/anavale/ros2_ws1/src/build/purepursuit/install.log --single-version-externally-managed install_data
[1.755s] Level 1:colcon.colcon_core.environment:checking '/home/anavale/ros2_ws1/src/install/purepursuit' for CMake module files
[1.756s] Level 1:colcon.colcon_core.environment:checking '/home/anavale/ros2_ws1/src/install/purepursuit' for CMake config files
[1.757s] Level 1:colcon.colcon_core.environment:checking '/home/anavale/ros2_ws1/src/install/purepursuit/lib'
[1.758s] Level 1:colcon.colcon_core.environment:checking '/home/anavale/ros2_ws1/src/install/purepursuit/bin'
[1.758s] Level 1:colcon.colcon_core.environment:checking '/home/anavale/ros2_ws1/src/install/purepursuit/lib/pkgconfig/purepursuit.pc'
[1.758s] Level 1:colcon.colcon_core.environment:checking '/home/anavale/ros2_ws1/src/install/purepursuit/lib/python3.10/site-packages'
[1.758s] Level 1:colcon.colcon_core.shell:create_environment_hook('purepursuit', 'pythonpath')
[1.759s] INFO:colcon.colcon_core.shell:Creating environment hook '/home/anavale/ros2_ws1/src/install/purepursuit/share/purepursuit/hook/pythonpath.ps1'
[1.760s] INFO:colcon.colcon_core.shell:Creating environment descriptor '/home/anavale/ros2_ws1/src/install/purepursuit/share/purepursuit/hook/pythonpath.dsv'
[1.760s] INFO:colcon.colcon_core.shell:Creating environment hook '/home/anavale/ros2_ws1/src/install/purepursuit/share/purepursuit/hook/pythonpath.sh'
[1.761s] Level 1:colcon.colcon_core.environment:checking '/home/anavale/ros2_ws1/src/install/purepursuit/bin'
[1.762s] Level 1:colcon.colcon_core.environment:create_environment_scripts_only(purepursuit)
[1.762s] INFO:colcon.colcon_core.shell:Creating package script '/home/anavale/ros2_ws1/src/install/purepursuit/share/purepursuit/package.ps1'
[1.764s] INFO:colcon.colcon_core.shell:Creating package descriptor '/home/anavale/ros2_ws1/src/install/purepursuit/share/purepursuit/package.dsv'
[1.765s] INFO:colcon.colcon_core.shell:Creating package script '/home/anavale/ros2_ws1/src/install/purepursuit/share/purepursuit/package.sh'
[1.767s] INFO:colcon.colcon_core.shell:Creating package script '/home/anavale/ros2_ws1/src/install/purepursuit/share/purepursuit/package.bash'
[1.768s] INFO:colcon.colcon_core.shell:Creating package script '/home/anavale/ros2_ws1/src/install/purepursuit/share/purepursuit/package.zsh'
[1.769s] Level 1:colcon.colcon_core.environment:create_file_with_runtime_dependencies(/home/anavale/ros2_ws1/src/install/purepursuit/share/colcon-core/packages/purepursuit)
[1.770s] DEBUG:colcon.colcon_parallel_executor.executor.parallel:closing loop
[1.771s] DEBUG:colcon.colcon_parallel_executor.executor.parallel:loop closed
[1.771s] DEBUG:colcon.colcon_parallel_executor.executor.parallel:run_until_complete finished with '0'
[1.771s] DEBUG:colcon.colcon_core.event_reactor:joining thread
[1.777s] INFO:colcon.colcon_core.plugin_system:Skipping extension 'colcon_notification.desktop_notification.terminal_notifier': Not used on non-Darwin systems
[1.778s] INFO:colcon.colcon_core.plugin_system:Skipping extension 'colcon_notification.desktop_notification.win32': Not used on non-Windows systems
[1.778s] INFO:colcon.colcon_notification.desktop_notification:Sending desktop notification using 'notify2'
[1.803s] DEBUG:colcon.colcon_core.event_reactor:joined thread
[1.803s] INFO:colcon.colcon_core.shell:Creating prefix script '/home/anavale/ros2_ws1/src/install/local_setup.ps1'
[1.805s] INFO:colcon.colcon_core.shell:Creating prefix util module '/home/anavale/ros2_ws1/src/install/_local_setup_util_ps1.py'
[1.808s] INFO:colcon.colcon_core.shell:Creating prefix chain script '/home/anavale/ros2_ws1/src/install/setup.ps1'
[1.811s] INFO:colcon.colcon_core.shell:Creating prefix script '/home/anavale/ros2_ws1/src/install/local_setup.sh'
[1.812s] INFO:colcon.colcon_core.shell:Creating prefix util module '/home/anavale/ros2_ws1/src/install/_local_setup_util_sh.py'
[1.813s] INFO:colcon.colcon_core.shell:Creating prefix chain script '/home/anavale/ros2_ws1/src/install/setup.sh'
[1.816s] INFO:colcon.colcon_core.shell:Creating prefix script '/home/anavale/ros2_ws1/src/install/local_setup.bash'
[1.817s] INFO:colcon.colcon_core.shell:Creating prefix chain script '/home/anavale/ros2_ws1/src/install/setup.bash'
[1.819s] INFO:colcon.colcon_core.shell:Creating prefix script '/home/anavale/ros2_ws1/src/install/local_setup.zsh'
[1.820s] INFO:colcon.colcon_core.shell:Creating prefix chain script '/home/anavale/ros2_ws1/src/install/setup.zsh'
